[0.019s] Invoking command in '/root/ros2_ws/build/flir_camera_msgs': CMAKE_PREFIX_PATH=/opt/ros/humble /usr/bin/cmake --build /root/ros2_ws/build/flir_camera_msgs -- -j8 -l8
[0.075s] -- Found ament_cmake: 1.3.10 (/opt/ros/humble/share/ament_cmake/cmake)
[0.247s] -- Override CMake install command with custom implementation using symlinks instead of copying resources
[0.262s] -- Found builtin_interfaces: 1.2.1 (/opt/ros/humble/share/builtin_interfaces/cmake)
[0.299s] -- Found rosidl_generator_c: 3.1.5 (/opt/ros/humble/share/rosidl_generator_c/cmake)
[0.303s] -- Found rosidl_adapter: 3.1.5 (/opt/ros/humble/share/rosidl_adapter/cmake)
[0.311s] -- Found rosidl_generator_cpp: 3.1.5 (/opt/ros/humble/share/rosidl_generator_cpp/cmake)
[0.325s] -- Using all available rosidl_typesupport_c: rosidl_typesupport_fastrtps_c;rosidl_typesupport_introspection_c
[0.348s] -- Using all available rosidl_typesupport_cpp: rosidl_typesupport_fastrtps_cpp;rosidl_typesupport_introspection_cpp
[0.365s] -- Found rosidl_default_generators: 1.2.0 (/opt/ros/humble/share/rosidl_default_generators/cmake)
[0.372s] -- Found std_msgs: 4.2.4 (/opt/ros/humble/share/std_msgs/cmake)
[0.652s] -- Found ament_cmake_cppcheck: 0.12.11 (/opt/ros/humble/share/ament_cmake_cppcheck/cmake)
[0.653s] -- Found ament_cmake_cpplint: 0.12.11 (/opt/ros/humble/share/ament_cmake_cpplint/cmake)
[0.654s] -- Found ament_cmake_uncrustify: 0.12.11 (/opt/ros/humble/share/ament_cmake_uncrustify/cmake)
[0.655s] -- Found ament_cmake_ros: 0.10.0 (/opt/ros/humble/share/ament_cmake_ros/cmake)
[1.016s] -- Using all available rosidl_typesupport_c: rosidl_typesupport_fastrtps_c;rosidl_typesupport_introspection_c
[1.163s] -- Using all available rosidl_typesupport_cpp: rosidl_typesupport_fastrtps_cpp;rosidl_typesupport_introspection_cpp
[1.186s] -- Found python_cmake_module: 0.10.0 (/opt/ros/humble/share/python_cmake_module/cmake)
[1.208s] -- Using PYTHON_EXECUTABLE: /usr/bin/python3
[1.208s] -- Using PYTHON_INCLUDE_DIRS: /usr/include/python3.10
[1.208s] -- Using PYTHON_LIBRARIES: /usr/lib/x86_64-linux-gnu/libpython3.10.so
[1.236s] -- Found ament_cmake_flake8: 0.12.11 (/opt/ros/humble/share/ament_cmake_flake8/cmake)
[1.237s] -- Found ament_cmake_pep257: 0.12.11 (/opt/ros/humble/share/ament_cmake_pep257/cmake)
[1.239s] -- Found ament_cmake_copyright: 0.12.11 (/opt/ros/humble/share/ament_cmake_copyright/cmake)
[1.239s] -- Found ament_cmake_lint_cmake: 0.12.11 (/opt/ros/humble/share/ament_cmake_lint_cmake/cmake)
[1.240s] -- Found ament_cmake_xmllint: 0.12.11 (/opt/ros/humble/share/ament_cmake_xmllint/cmake)
[1.250s] -- Configuring done
[1.299s] -- Generating done
[1.303s] -- Build files have been written to: /root/ros2_ws/build/flir_camera_msgs
[1.333s] [35m[1mConsolidate compiler generated dependencies of target flir_camera_msgs__rosidl_generator_c[0m
[1.344s] [  2%] Built target flir_camera_msgs__cpp
[1.348s] [ 12%] Built target flir_camera_msgs__rosidl_generator_c
[1.358s] [ 12%] Built target ament_cmake_python_symlink_flir_camera_msgs
[1.359s] [35m[1mConsolidate compiler generated dependencies of target flir_camera_msgs__rosidl_typesupport_cpp[0m
[1.359s] [35m[1mConsolidate compiler generated dependencies of target flir_camera_msgs__rosidl_typesupport_fastrtps_cpp[0m
[1.361s] [35m[1mConsolidate compiler generated dependencies of target flir_camera_msgs__rosidl_typesupport_introspection_cpp[0m
[1.363s] [35m[1mConsolidate compiler generated dependencies of target flir_camera_msgs__rosidl_typesupport_c[0m
[1.364s] [35m[1mConsolidate compiler generated dependencies of target flir_camera_msgs__rosidl_typesupport_fastrtps_c[0m
[1.365s] [35m[1mConsolidate compiler generated dependencies of target flir_camera_msgs__rosidl_typesupport_introspection_c[0m
[1.382s] [ 23%] Built target flir_camera_msgs__rosidl_typesupport_c
[1.383s] [ 33%] Built target flir_camera_msgs__rosidl_typesupport_cpp
[1.385s] [ 43%] Built target flir_camera_msgs__rosidl_typesupport_introspection_c
[1.386s] [ 53%] Built target flir_camera_msgs__rosidl_typesupport_fastrtps_cpp
[1.387s] [ 64%] Built target flir_camera_msgs__rosidl_typesupport_introspection_cpp
[1.388s] [ 74%] Built target flir_camera_msgs__rosidl_typesupport_fastrtps_c
[1.414s] [ 74%] Built target flir_camera_msgs
[1.441s] [ 76%] Built target flir_camera_msgs__py
[1.454s] [35m[1mConsolidate compiler generated dependencies of target flir_camera_msgs__rosidl_generator_py[0m
[1.473s] [ 84%] Built target flir_camera_msgs__rosidl_generator_py
[1.487s] [35m[1mConsolidate compiler generated dependencies of target flir_camera_msgs__rosidl_typesupport_fastrtps_c__pyext[0m
[1.492s] [35m[1mConsolidate compiler generated dependencies of target flir_camera_msgs__rosidl_typesupport_c__pyext[0m
[1.492s] [35m[1mConsolidate compiler generated dependencies of target flir_camera_msgs__rosidl_typesupport_introspection_c__pyext[0m
[1.511s] [ 89%] Built target flir_camera_msgs__rosidl_typesupport_fastrtps_c__pyext
[1.511s] [100%] Built target flir_camera_msgs__rosidl_typesupport_introspection_c__pyext
[1.511s] [100%] Built target flir_camera_msgs__rosidl_typesupport_c__pyext
[1.598s] running egg_info
[1.599s] writing flir_camera_msgs.egg-info/PKG-INFO
[1.599s] writing dependency_links to flir_camera_msgs.egg-info/dependency_links.txt
[1.599s] writing top-level names to flir_camera_msgs.egg-info/top_level.txt
[1.602s] reading manifest file 'flir_camera_msgs.egg-info/SOURCES.txt'
[1.603s] writing manifest file 'flir_camera_msgs.egg-info/SOURCES.txt'
[1.639s] [100%] Built target ament_cmake_python_build_flir_camera_msgs_egg
[1.655s] Invoked command in '/root/ros2_ws/build/flir_camera_msgs' returned '0': CMAKE_PREFIX_PATH=/opt/ros/humble /usr/bin/cmake --build /root/ros2_ws/build/flir_camera_msgs -- -j8 -l8
[1.737s] Invoking command in '/root/ros2_ws/build/flir_camera_msgs': CMAKE_PREFIX_PATH=/opt/ros/humble /usr/bin/cmake --install /root/ros2_ws/build/flir_camera_msgs
[1.746s] -- Install configuration: "RelWithDebInfo"
[1.746s] -- Execute custom install script
[1.747s] -- Up-to-date symlink: /root/ros2_ws/install/flir_camera_msgs/share/ament_index/resource_index/rosidl_interfaces/flir_camera_msgs
[1.748s] -- Up-to-date symlink: /root/ros2_ws/install/flir_camera_msgs/include/flir_camera_msgs/flir_camera_msgs/msg/camera_control.h
[1.748s] -- Up-to-date symlink: /root/ros2_ws/install/flir_camera_msgs/include/flir_camera_msgs/flir_camera_msgs/msg/detail/camera_control__functions.h
[1.748s] -- Up-to-date symlink: /root/ros2_ws/install/flir_camera_msgs/include/flir_camera_msgs/flir_camera_msgs/msg/detail/camera_control__struct.h
[1.748s] -- Up-to-date symlink: /root/ros2_ws/install/flir_camera_msgs/include/flir_camera_msgs/flir_camera_msgs/msg/detail/camera_control__type_support.h
[1.748s] -- Up-to-date symlink: /root/ros2_ws/install/flir_camera_msgs/include/flir_camera_msgs/flir_camera_msgs/msg/detail/image_meta_data__functions.h
[1.749s] -- Up-to-date symlink: /root/ros2_ws/install/flir_camera_msgs/include/flir_camera_msgs/flir_camera_msgs/msg/detail/image_meta_data__struct.h
[1.749s] -- Up-to-date symlink: /root/ros2_ws/install/flir_camera_msgs/include/flir_camera_msgs/flir_camera_msgs/msg/detail/image_meta_data__type_support.h
[1.749s] -- Up-to-date symlink: /root/ros2_ws/install/flir_camera_msgs/include/flir_camera_msgs/flir_camera_msgs/msg/image_meta_data.h
[1.750s] -- Up-to-date symlink: /root/ros2_ws/install/flir_camera_msgs/include/flir_camera_msgs/flir_camera_msgs/msg/rosidl_generator_c__visibility_control.h
[1.750s] -- Up-to-date symlink: /root/ros2_ws/install/flir_camera_msgs/share/flir_camera_msgs/environment/library_path.sh
[1.750s] -- Up-to-date symlink: /root/ros2_ws/install/flir_camera_msgs/share/flir_camera_msgs/environment/library_path.dsv
[1.751s] -- Up-to-date symlink: /root/ros2_ws/install/flir_camera_msgs/include/flir_camera_msgs/flir_camera_msgs/msg/detail/camera_control__rosidl_typesupport_fastrtps_c.h
[1.751s] -- Up-to-date symlink: /root/ros2_ws/install/flir_camera_msgs/include/flir_camera_msgs/flir_camera_msgs/msg/detail/image_meta_data__rosidl_typesupport_fastrtps_c.h
[1.751s] -- Up-to-date symlink: /root/ros2_ws/install/flir_camera_msgs/include/flir_camera_msgs/flir_camera_msgs/msg/rosidl_typesupport_fastrtps_c__visibility_control.h
[1.751s] -- Up-to-date symlink: /root/ros2_ws/install/flir_camera_msgs/include/flir_camera_msgs/flir_camera_msgs/msg/camera_control.hpp
[1.752s] -- Up-to-date symlink: /root/ros2_ws/install/flir_camera_msgs/include/flir_camera_msgs/flir_camera_msgs/msg/detail/camera_control__builder.hpp
[1.752s] -- Up-to-date symlink: /root/ros2_ws/install/flir_camera_msgs/include/flir_camera_msgs/flir_camera_msgs/msg/detail/camera_control__struct.hpp
[1.752s] -- Up-to-date symlink: /root/ros2_ws/install/flir_camera_msgs/include/flir_camera_msgs/flir_camera_msgs/msg/detail/camera_control__traits.hpp
[1.752s] -- Up-to-date symlink: /root/ros2_ws/install/flir_camera_msgs/include/flir_camera_msgs/flir_camera_msgs/msg/detail/image_meta_data__builder.hpp
[1.752s] -- Up-to-date symlink: /root/ros2_ws/install/flir_camera_msgs/include/flir_camera_msgs/flir_camera_msgs/msg/detail/image_meta_data__struct.hpp
[1.752s] -- Up-to-date symlink: /root/ros2_ws/install/flir_camera_msgs/include/flir_camera_msgs/flir_camera_msgs/msg/detail/image_meta_data__traits.hpp
[1.753s] -- Up-to-date symlink: /root/ros2_ws/install/flir_camera_msgs/include/flir_camera_msgs/flir_camera_msgs/msg/image_meta_data.hpp
[1.753s] -- Up-to-date symlink: /root/ros2_ws/install/flir_camera_msgs/include/flir_camera_msgs/flir_camera_msgs/msg/detail/camera_control__rosidl_typesupport_fastrtps_cpp.hpp
[1.753s] -- Up-to-date symlink: /root/ros2_ws/install/flir_camera_msgs/include/flir_camera_msgs/flir_camera_msgs/msg/detail/image_meta_data__rosidl_typesupport_fastrtps_cpp.hpp
[1.753s] -- Up-to-date symlink: /root/ros2_ws/install/flir_camera_msgs/include/flir_camera_msgs/flir_camera_msgs/msg/rosidl_typesupport_fastrtps_cpp__visibility_control.h
[1.754s] -- Up-to-date symlink: /root/ros2_ws/install/flir_camera_msgs/include/flir_camera_msgs/flir_camera_msgs/msg/detail/camera_control__rosidl_typesupport_introspection_c.h
[1.754s] -- Up-to-date symlink: /root/ros2_ws/install/flir_camera_msgs/include/flir_camera_msgs/flir_camera_msgs/msg/detail/image_meta_data__rosidl_typesupport_introspection_c.h
[1.754s] -- Up-to-date symlink: /root/ros2_ws/install/flir_camera_msgs/include/flir_camera_msgs/flir_camera_msgs/msg/rosidl_typesupport_introspection_c__visibility_control.h
[1.755s] -- Up-to-date symlink: /root/ros2_ws/install/flir_camera_msgs/include/flir_camera_msgs/flir_camera_msgs/msg/detail/camera_control__rosidl_typesupport_introspection_cpp.hpp
[1.755s] -- Up-to-date symlink: /root/ros2_ws/install/flir_camera_msgs/include/flir_camera_msgs/flir_camera_msgs/msg/detail/image_meta_data__rosidl_typesupport_introspection_cpp.hpp
[1.755s] -- Up-to-date symlink: /root/ros2_ws/install/flir_camera_msgs/share/flir_camera_msgs/environment/pythonpath.sh
[1.755s] -- Up-to-date symlink: /root/ros2_ws/install/flir_camera_msgs/share/flir_camera_msgs/environment/pythonpath.dsv
[1.756s] -- Up-to-date symlink: /root/ros2_ws/install/flir_camera_msgs/local/lib/python3.10/dist-packages/flir_camera_msgs-2.0.8-py3.10.egg-info/PKG-INFO
[1.756s] -- Up-to-date symlink: /root/ros2_ws/install/flir_camera_msgs/local/lib/python3.10/dist-packages/flir_camera_msgs-2.0.8-py3.10.egg-info/SOURCES.txt
[1.756s] -- Up-to-date symlink: /root/ros2_ws/install/flir_camera_msgs/local/lib/python3.10/dist-packages/flir_camera_msgs-2.0.8-py3.10.egg-info/dependency_links.txt
[1.756s] -- Up-to-date symlink: /root/ros2_ws/install/flir_camera_msgs/local/lib/python3.10/dist-packages/flir_camera_msgs-2.0.8-py3.10.egg-info/top_level.txt
[1.757s] -- Up-to-date symlink: /root/ros2_ws/install/flir_camera_msgs/local/lib/python3.10/dist-packages/flir_camera_msgs/__init__.py
[1.757s] -- Up-to-date symlink: /root/ros2_ws/install/flir_camera_msgs/local/lib/python3.10/dist-packages/flir_camera_msgs/_flir_camera_msgs_s.ep.rosidl_typesupport_c.c
[1.757s] -- Up-to-date symlink: /root/ros2_ws/install/flir_camera_msgs/local/lib/python3.10/dist-packages/flir_camera_msgs/_flir_camera_msgs_s.ep.rosidl_typesupport_fastrtps_c.c
[1.757s] -- Up-to-date symlink: /root/ros2_ws/install/flir_camera_msgs/local/lib/python3.10/dist-packages/flir_camera_msgs/_flir_camera_msgs_s.ep.rosidl_typesupport_introspection_c.c
[1.757s] -- Up-to-date symlink: /root/ros2_ws/install/flir_camera_msgs/local/lib/python3.10/dist-packages/flir_camera_msgs/flir_camera_msgs_s__rosidl_typesupport_c.cpython-310-x86_64-linux-gnu.so
[1.758s] -- Up-to-date symlink: /root/ros2_ws/install/flir_camera_msgs/local/lib/python3.10/dist-packages/flir_camera_msgs/flir_camera_msgs_s__rosidl_typesupport_fastrtps_c.cpython-310-x86_64-linux-gnu.so
[1.758s] -- Up-to-date symlink: /root/ros2_ws/install/flir_camera_msgs/local/lib/python3.10/dist-packages/flir_camera_msgs/flir_camera_msgs_s__rosidl_typesupport_introspection_c.cpython-310-x86_64-linux-gnu.so
[1.758s] -- Up-to-date symlink: /root/ros2_ws/install/flir_camera_msgs/local/lib/python3.10/dist-packages/flir_camera_msgs/libflir_camera_msgs__rosidl_generator_py.so
[1.758s] -- Up-to-date symlink: /root/ros2_ws/install/flir_camera_msgs/local/lib/python3.10/dist-packages/flir_camera_msgs/msg/__init__.py
[1.758s] -- Up-to-date symlink: /root/ros2_ws/install/flir_camera_msgs/local/lib/python3.10/dist-packages/flir_camera_msgs/msg/_camera_control.py
[1.758s] -- Up-to-date symlink: /root/ros2_ws/install/flir_camera_msgs/local/lib/python3.10/dist-packages/flir_camera_msgs/msg/_camera_control_s.c
[1.759s] -- Up-to-date symlink: /root/ros2_ws/install/flir_camera_msgs/local/lib/python3.10/dist-packages/flir_camera_msgs/msg/_image_meta_data.py
[1.759s] -- Up-to-date symlink: /root/ros2_ws/install/flir_camera_msgs/local/lib/python3.10/dist-packages/flir_camera_msgs/msg/_image_meta_data_s.c
[1.759s] -- Up-to-date symlink: /root/ros2_ws/install/flir_camera_msgs/local/lib/python3.10/dist-packages/flir_camera_msgs/flir_camera_msgs_s__rosidl_typesupport_fastrtps_c.cpython-310-x86_64-linux-gnu.so
[1.759s] -- Up-to-date symlink: /root/ros2_ws/install/flir_camera_msgs/local/lib/python3.10/dist-packages/flir_camera_msgs/flir_camera_msgs_s__rosidl_typesupport_introspection_c.cpython-310-x86_64-linux-gnu.so
[1.760s] -- Up-to-date symlink: /root/ros2_ws/install/flir_camera_msgs/local/lib/python3.10/dist-packages/flir_camera_msgs/flir_camera_msgs_s__rosidl_typesupport_c.cpython-310-x86_64-linux-gnu.so
[1.760s] -- Up-to-date symlink: /root/ros2_ws/install/flir_camera_msgs/share/flir_camera_msgs/msg/ImageMetaData.idl
[1.760s] -- Up-to-date symlink: /root/ros2_ws/install/flir_camera_msgs/share/flir_camera_msgs/msg/CameraControl.idl
[1.760s] -- Up-to-date symlink: /root/ros2_ws/install/flir_camera_msgs/share/flir_camera_msgs/msg/ImageMetaData.msg
[1.760s] -- Up-to-date symlink: /root/ros2_ws/install/flir_camera_msgs/share/flir_camera_msgs/msg/CameraControl.msg
[1.761s] -- Up-to-date symlink: /root/ros2_ws/install/flir_camera_msgs/share/ament_index/resource_index/package_run_dependencies/flir_camera_msgs
[1.761s] -- Up-to-date symlink: /root/ros2_ws/install/flir_camera_msgs/share/ament_index/resource_index/parent_prefix_path/flir_camera_msgs
[1.761s] -- Up-to-date symlink: /root/ros2_ws/install/flir_camera_msgs/share/flir_camera_msgs/environment/ament_prefix_path.sh
[1.761s] -- Up-to-date symlink: /root/ros2_ws/install/flir_camera_msgs/share/flir_camera_msgs/environment/ament_prefix_path.dsv
[1.762s] -- Up-to-date symlink: /root/ros2_ws/install/flir_camera_msgs/share/flir_camera_msgs/environment/path.sh
[1.762s] -- Up-to-date symlink: /root/ros2_ws/install/flir_camera_msgs/share/flir_camera_msgs/environment/path.dsv
[1.762s] -- Up-to-date symlink: /root/ros2_ws/install/flir_camera_msgs/share/flir_camera_msgs/local_setup.bash
[1.762s] -- Up-to-date symlink: /root/ros2_ws/install/flir_camera_msgs/share/flir_camera_msgs/local_setup.sh
[1.762s] -- Up-to-date symlink: /root/ros2_ws/install/flir_camera_msgs/share/flir_camera_msgs/local_setup.zsh
[1.763s] -- Up-to-date symlink: /root/ros2_ws/install/flir_camera_msgs/share/flir_camera_msgs/local_setup.dsv
[1.763s] -- Symlinking: /root/ros2_ws/install/flir_camera_msgs/share/flir_camera_msgs/package.dsv
[1.774s] -- Up-to-date symlink: /root/ros2_ws/install/flir_camera_msgs/share/ament_index/resource_index/packages/flir_camera_msgs
[1.774s] -- Up-to-date symlink: /root/ros2_ws/install/flir_camera_msgs/share/flir_camera_msgs/cmake/rosidl_cmake-extras.cmake
[1.774s] -- Up-to-date symlink: /root/ros2_ws/install/flir_camera_msgs/share/flir_camera_msgs/cmake/ament_cmake_export_dependencies-extras.cmake
[1.775s] -- Up-to-date symlink: /root/ros2_ws/install/flir_camera_msgs/share/flir_camera_msgs/cmake/ament_cmake_export_include_directories-extras.cmake
[1.775s] -- Up-to-date symlink: /root/ros2_ws/install/flir_camera_msgs/share/flir_camera_msgs/cmake/ament_cmake_export_libraries-extras.cmake
[1.775s] -- Up-to-date symlink: /root/ros2_ws/install/flir_camera_msgs/share/flir_camera_msgs/cmake/ament_cmake_export_targets-extras.cmake
[1.775s] -- Up-to-date symlink: /root/ros2_ws/install/flir_camera_msgs/share/flir_camera_msgs/cmake/rosidl_cmake_export_typesupport_targets-extras.cmake
[1.775s] -- Up-to-date symlink: /root/ros2_ws/install/flir_camera_msgs/share/flir_camera_msgs/cmake/rosidl_cmake_export_typesupport_libraries-extras.cmake
[1.776s] -- Up-to-date symlink: /root/ros2_ws/install/flir_camera_msgs/share/flir_camera_msgs/cmake/flir_camera_msgsConfig.cmake
[1.776s] -- Up-to-date symlink: /root/ros2_ws/install/flir_camera_msgs/share/flir_camera_msgs/cmake/flir_camera_msgsConfig-version.cmake
[1.776s] -- Up-to-date symlink: /root/ros2_ws/install/flir_camera_msgs/share/flir_camera_msgs/package.xml
[1.777s] -- Up-to-date: /root/ros2_ws/install/flir_camera_msgs/lib/libflir_camera_msgs__rosidl_generator_c.so
[1.777s] -- Up-to-date: /root/ros2_ws/install/flir_camera_msgs/lib/libflir_camera_msgs__rosidl_typesupport_fastrtps_c.so
[1.778s] -- Up-to-date: /root/ros2_ws/install/flir_camera_msgs/lib/libflir_camera_msgs__rosidl_typesupport_fastrtps_cpp.so
[1.779s] -- Up-to-date: /root/ros2_ws/install/flir_camera_msgs/lib/libflir_camera_msgs__rosidl_typesupport_introspection_c.so
[1.779s] -- Up-to-date: /root/ros2_ws/install/flir_camera_msgs/lib/libflir_camera_msgs__rosidl_typesupport_c.so
[1.780s] -- Up-to-date: /root/ros2_ws/install/flir_camera_msgs/lib/libflir_camera_msgs__rosidl_typesupport_introspection_cpp.so
[1.780s] -- Up-to-date: /root/ros2_ws/install/flir_camera_msgs/lib/libflir_camera_msgs__rosidl_typesupport_cpp.so
[1.810s] Listing '/root/ros2_ws/install/flir_camera_msgs/local/lib/python3.10/dist-packages/flir_camera_msgs'...
[1.810s] Compiling '/root/ros2_ws/install/flir_camera_msgs/local/lib/python3.10/dist-packages/flir_camera_msgs/__init__.py'...
[1.810s] Listing '/root/ros2_ws/install/flir_camera_msgs/local/lib/python3.10/dist-packages/flir_camera_msgs/msg'...
[1.816s] -- Up-to-date: /root/ros2_ws/install/flir_camera_msgs/lib/libflir_camera_msgs__rosidl_generator_py.so
[1.816s] -- Up-to-date: /root/ros2_ws/install/flir_camera_msgs/share/flir_camera_msgs/cmake/export_flir_camera_msgs__rosidl_generator_cExport.cmake
[1.816s] -- Up-to-date: /root/ros2_ws/install/flir_camera_msgs/share/flir_camera_msgs/cmake/export_flir_camera_msgs__rosidl_generator_cExport-relwithdebinfo.cmake
[1.816s] -- Up-to-date: /root/ros2_ws/install/flir_camera_msgs/share/flir_camera_msgs/cmake/export_flir_camera_msgs__rosidl_typesupport_fastrtps_cExport.cmake
[1.816s] -- Up-to-date: /root/ros2_ws/install/flir_camera_msgs/share/flir_camera_msgs/cmake/export_flir_camera_msgs__rosidl_typesupport_fastrtps_cExport-relwithdebinfo.cmake
[1.817s] -- Up-to-date: /root/ros2_ws/install/flir_camera_msgs/share/flir_camera_msgs/cmake/export_flir_camera_msgs__rosidl_generator_cppExport.cmake
[1.817s] -- Up-to-date: /root/ros2_ws/install/flir_camera_msgs/share/flir_camera_msgs/cmake/export_flir_camera_msgs__rosidl_typesupport_fastrtps_cppExport.cmake
[1.817s] -- Up-to-date: /root/ros2_ws/install/flir_camera_msgs/share/flir_camera_msgs/cmake/export_flir_camera_msgs__rosidl_typesupport_fastrtps_cppExport-relwithdebinfo.cmake
[1.817s] -- Up-to-date: /root/ros2_ws/install/flir_camera_msgs/share/flir_camera_msgs/cmake/flir_camera_msgs__rosidl_typesupport_introspection_cExport.cmake
[1.817s] -- Up-to-date: /root/ros2_ws/install/flir_camera_msgs/share/flir_camera_msgs/cmake/flir_camera_msgs__rosidl_typesupport_introspection_cExport-relwithdebinfo.cmake
[1.817s] -- Up-to-date: /root/ros2_ws/install/flir_camera_msgs/share/flir_camera_msgs/cmake/flir_camera_msgs__rosidl_typesupport_cExport.cmake
[1.817s] -- Up-to-date: /root/ros2_ws/install/flir_camera_msgs/share/flir_camera_msgs/cmake/flir_camera_msgs__rosidl_typesupport_cExport-relwithdebinfo.cmake
[1.818s] -- Up-to-date: /root/ros2_ws/install/flir_camera_msgs/share/flir_camera_msgs/cmake/flir_camera_msgs__rosidl_typesupport_introspection_cppExport.cmake
[1.818s] -- Up-to-date: /root/ros2_ws/install/flir_camera_msgs/share/flir_camera_msgs/cmake/flir_camera_msgs__rosidl_typesupport_introspection_cppExport-relwithdebinfo.cmake
[1.818s] -- Up-to-date: /root/ros2_ws/install/flir_camera_msgs/share/flir_camera_msgs/cmake/flir_camera_msgs__rosidl_typesupport_cppExport.cmake
[1.818s] -- Up-to-date: /root/ros2_ws/install/flir_camera_msgs/share/flir_camera_msgs/cmake/flir_camera_msgs__rosidl_typesupport_cppExport-relwithdebinfo.cmake
[1.818s] -- Up-to-date: /root/ros2_ws/install/flir_camera_msgs/share/flir_camera_msgs/cmake/export_flir_camera_msgs__rosidl_generator_pyExport.cmake
[1.818s] -- Up-to-date: /root/ros2_ws/install/flir_camera_msgs/share/flir_camera_msgs/cmake/export_flir_camera_msgs__rosidl_generator_pyExport-relwithdebinfo.cmake
[1.822s] Invoked command in '/root/ros2_ws/build/flir_camera_msgs' returned '0': CMAKE_PREFIX_PATH=/opt/ros/humble /usr/bin/cmake --install /root/ros2_ws/build/flir_camera_msgs
