[0.021s] Invoking command in '/root/ros2_ws/build/flir_camera_msgs': CMAKE_PREFIX_PATH=/opt/ros/humble /usr/bin/cmake /root/ros2_ws/src/flir_camera_driver/flir_camera_msgs -DCMAKE_INSTALL_PREFIX=/root/ros2_ws/install/flir_camera_msgs
[0.055s] -- Found ament_cmake: 1.3.10 (/opt/ros/humble/share/ament_cmake/cmake)
[0.224s] -- Override CMake install command with custom implementation using symlinks instead of copying resources
[0.243s] -- Found builtin_interfaces: 1.2.1 (/opt/ros/humble/share/builtin_interfaces/cmake)
[0.284s] -- Found rosidl_generator_c: 3.1.5 (/opt/ros/humble/share/rosidl_generator_c/cmake)
[0.288s] -- Found rosidl_adapter: 3.1.5 (/opt/ros/humble/share/rosidl_adapter/cmake)
[0.296s] -- Found rosidl_generator_cpp: 3.1.5 (/opt/ros/humble/share/rosidl_generator_cpp/cmake)
[0.307s] -- Using all available rosidl_typesupport_c: rosidl_typesupport_fastrtps_c;rosidl_typesupport_introspection_c
[0.324s] -- Using all available rosidl_typesupport_cpp: rosidl_typesupport_fastrtps_cpp;rosidl_typesupport_introspection_cpp
[0.341s] -- Found rosidl_default_generators: 1.2.0 (/opt/ros/humble/share/rosidl_default_generators/cmake)
[0.351s] -- Found std_msgs: 4.2.4 (/opt/ros/humble/share/std_msgs/cmake)
[0.633s] -- Found ament_cmake_cppcheck: 0.12.11 (/opt/ros/humble/share/ament_cmake_cppcheck/cmake)
[0.634s] -- Found ament_cmake_cpplint: 0.12.11 (/opt/ros/humble/share/ament_cmake_cpplint/cmake)
[0.635s] -- Found ament_cmake_uncrustify: 0.12.11 (/opt/ros/humble/share/ament_cmake_uncrustify/cmake)
[0.636s] -- Found ament_cmake_ros: 0.10.0 (/opt/ros/humble/share/ament_cmake_ros/cmake)
[0.980s] -- Using all available rosidl_typesupport_c: rosidl_typesupport_fastrtps_c;rosidl_typesupport_introspection_c
[1.114s] -- Using all available rosidl_typesupport_cpp: rosidl_typesupport_fastrtps_cpp;rosidl_typesupport_introspection_cpp
[1.137s] -- Found python_cmake_module: 0.10.0 (/opt/ros/humble/share/python_cmake_module/cmake)
[1.159s] -- Using PYTHON_EXECUTABLE: /usr/bin/python3
[1.160s] -- Using PYTHON_INCLUDE_DIRS: /usr/include/python3.10
[1.160s] -- Using PYTHON_LIBRARIES: /usr/lib/x86_64-linux-gnu/libpython3.10.so
[1.184s] -- Found ament_cmake_flake8: 0.12.11 (/opt/ros/humble/share/ament_cmake_flake8/cmake)
[1.185s] -- Found ament_cmake_pep257: 0.12.11 (/opt/ros/humble/share/ament_cmake_pep257/cmake)
[1.187s] -- Found ament_cmake_copyright: 0.12.11 (/opt/ros/humble/share/ament_cmake_copyright/cmake)
[1.187s] -- Found ament_cmake_lint_cmake: 0.12.11 (/opt/ros/humble/share/ament_cmake_lint_cmake/cmake)
[1.188s] -- Found ament_cmake_xmllint: 0.12.11 (/opt/ros/humble/share/ament_cmake_xmllint/cmake)
[1.199s] -- Configuring done
[1.247s] -- Generating done
[1.251s] -- Build files have been written to: /root/ros2_ws/build/flir_camera_msgs
[1.260s] Invoked command in '/root/ros2_ws/build/flir_camera_msgs' returned '0': CMAKE_PREFIX_PATH=/opt/ros/humble /usr/bin/cmake /root/ros2_ws/src/flir_camera_driver/flir_camera_msgs -DCMAKE_INSTALL_PREFIX=/root/ros2_ws/install/flir_camera_msgs
[1.261s] Invoking command in '/root/ros2_ws/build/flir_camera_msgs': CMAKE_PREFIX_PATH=/opt/ros/humble /usr/bin/cmake --build /root/ros2_ws/build/flir_camera_msgs -- -j8 -l8
[1.308s] [35m[1mConsolidate compiler generated dependencies of target flir_camera_msgs__rosidl_generator_c[0m
[1.320s] [  2%] Built target flir_camera_msgs__cpp
[1.325s] [ 12%] Built target flir_camera_msgs__rosidl_generator_c
[1.334s] [ 12%] Built target ament_cmake_python_symlink_flir_camera_msgs
[1.336s] [35m[1mConsolidate compiler generated dependencies of target flir_camera_msgs__rosidl_typesupport_introspection_cpp[0m
[1.336s] [35m[1mConsolidate compiler generated dependencies of target flir_camera_msgs__rosidl_typesupport_fastrtps_cpp[0m
[1.337s] [35m[1mConsolidate compiler generated dependencies of target flir_camera_msgs__rosidl_typesupport_cpp[0m
[1.342s] [35m[1mConsolidate compiler generated dependencies of target flir_camera_msgs__rosidl_typesupport_introspection_c[0m
[1.342s] [35m[1mConsolidate compiler generated dependencies of target flir_camera_msgs__rosidl_typesupport_c[0m
[1.342s] [35m[1mConsolidate compiler generated dependencies of target flir_camera_msgs__rosidl_typesupport_fastrtps_c[0m
[1.363s] [ 48%] Built target flir_camera_msgs__rosidl_typesupport_introspection_cpp
[1.363s] [ 51%] Built target flir_camera_msgs__rosidl_typesupport_cpp
[1.363s] [ 51%] Built target flir_camera_msgs__rosidl_typesupport_introspection_c
[1.363s] [ 53%] Built target flir_camera_msgs__rosidl_typesupport_fastrtps_cpp
[1.363s] [ 64%] Built target flir_camera_msgs__rosidl_typesupport_c
[1.365s] [ 74%] Built target flir_camera_msgs__rosidl_typesupport_fastrtps_c
[1.390s] [ 74%] Built target flir_camera_msgs
[1.417s] [ 76%] Built target flir_camera_msgs__py
[1.430s] [35m[1mConsolidate compiler generated dependencies of target flir_camera_msgs__rosidl_generator_py[0m
[1.449s] [ 84%] Built target flir_camera_msgs__rosidl_generator_py
[1.462s] [35m[1mConsolidate compiler generated dependencies of target flir_camera_msgs__rosidl_typesupport_introspection_c__pyext[0m
[1.463s] [35m[1mConsolidate compiler generated dependencies of target flir_camera_msgs__rosidl_typesupport_c__pyext[0m
[1.466s] [35m[1mConsolidate compiler generated dependencies of target flir_camera_msgs__rosidl_typesupport_fastrtps_c__pyext[0m
[1.482s] [ 92%] Built target flir_camera_msgs__rosidl_typesupport_introspection_c__pyext
[1.482s] [ 94%] Built target flir_camera_msgs__rosidl_typesupport_c__pyext
[1.487s] [100%] Built target flir_camera_msgs__rosidl_typesupport_fastrtps_c__pyext
[1.573s] running egg_info
[1.573s] writing flir_camera_msgs.egg-info/PKG-INFO
[1.573s] writing dependency_links to flir_camera_msgs.egg-info/dependency_links.txt
[1.574s] writing top-level names to flir_camera_msgs.egg-info/top_level.txt
[1.576s] reading manifest file 'flir_camera_msgs.egg-info/SOURCES.txt'
[1.577s] writing manifest file 'flir_camera_msgs.egg-info/SOURCES.txt'
[1.612s] [100%] Built target ament_cmake_python_build_flir_camera_msgs_egg
[1.627s] Invoked command in '/root/ros2_ws/build/flir_camera_msgs' returned '0': CMAKE_PREFIX_PATH=/opt/ros/humble /usr/bin/cmake --build /root/ros2_ws/build/flir_camera_msgs -- -j8 -l8
[1.707s] Invoking command in '/root/ros2_ws/build/flir_camera_msgs': CMAKE_PREFIX_PATH=/opt/ros/humble /usr/bin/cmake --install /root/ros2_ws/build/flir_camera_msgs
[1.716s] -- Install configuration: "RelWithDebInfo"
[1.716s] -- Execute custom install script
[1.722s] -- Up-to-date symlink: /root/ros2_ws/install/flir_camera_msgs/share/ament_index/resource_index/rosidl_interfaces/flir_camera_msgs
[1.722s] -- Up-to-date symlink: /root/ros2_ws/install/flir_camera_msgs/include/flir_camera_msgs/flir_camera_msgs/msg/camera_control.h
[1.722s] -- Up-to-date symlink: /root/ros2_ws/install/flir_camera_msgs/include/flir_camera_msgs/flir_camera_msgs/msg/detail/camera_control__functions.h
[1.723s] -- Up-to-date symlink: /root/ros2_ws/install/flir_camera_msgs/include/flir_camera_msgs/flir_camera_msgs/msg/detail/camera_control__struct.h
[1.723s] -- Up-to-date symlink: /root/ros2_ws/install/flir_camera_msgs/include/flir_camera_msgs/flir_camera_msgs/msg/detail/camera_control__type_support.h
[1.723s] -- Up-to-date symlink: /root/ros2_ws/install/flir_camera_msgs/include/flir_camera_msgs/flir_camera_msgs/msg/detail/image_meta_data__functions.h
[1.723s] -- Up-to-date symlink: /root/ros2_ws/install/flir_camera_msgs/include/flir_camera_msgs/flir_camera_msgs/msg/detail/image_meta_data__struct.h
[1.723s] -- Up-to-date symlink: /root/ros2_ws/install/flir_camera_msgs/include/flir_camera_msgs/flir_camera_msgs/msg/detail/image_meta_data__type_support.h
[1.723s] -- Up-to-date symlink: /root/ros2_ws/install/flir_camera_msgs/include/flir_camera_msgs/flir_camera_msgs/msg/image_meta_data.h
[1.724s] -- Up-to-date symlink: /root/ros2_ws/install/flir_camera_msgs/include/flir_camera_msgs/flir_camera_msgs/msg/rosidl_generator_c__visibility_control.h
[1.724s] -- Up-to-date symlink: /root/ros2_ws/install/flir_camera_msgs/share/flir_camera_msgs/environment/library_path.sh
[1.724s] -- Up-to-date symlink: /root/ros2_ws/install/flir_camera_msgs/share/flir_camera_msgs/environment/library_path.dsv
[1.725s] -- Up-to-date symlink: /root/ros2_ws/install/flir_camera_msgs/include/flir_camera_msgs/flir_camera_msgs/msg/detail/camera_control__rosidl_typesupport_fastrtps_c.h
[1.725s] -- Up-to-date symlink: /root/ros2_ws/install/flir_camera_msgs/include/flir_camera_msgs/flir_camera_msgs/msg/detail/image_meta_data__rosidl_typesupport_fastrtps_c.h
[1.725s] -- Up-to-date symlink: /root/ros2_ws/install/flir_camera_msgs/include/flir_camera_msgs/flir_camera_msgs/msg/rosidl_typesupport_fastrtps_c__visibility_control.h
[1.726s] -- Up-to-date symlink: /root/ros2_ws/install/flir_camera_msgs/include/flir_camera_msgs/flir_camera_msgs/msg/camera_control.hpp
[1.726s] -- Up-to-date symlink: /root/ros2_ws/install/flir_camera_msgs/include/flir_camera_msgs/flir_camera_msgs/msg/detail/camera_control__builder.hpp
[1.726s] -- Up-to-date symlink: /root/ros2_ws/install/flir_camera_msgs/include/flir_camera_msgs/flir_camera_msgs/msg/detail/camera_control__struct.hpp
[1.726s] -- Up-to-date symlink: /root/ros2_ws/install/flir_camera_msgs/include/flir_camera_msgs/flir_camera_msgs/msg/detail/camera_control__traits.hpp
[1.726s] -- Up-to-date symlink: /root/ros2_ws/install/flir_camera_msgs/include/flir_camera_msgs/flir_camera_msgs/msg/detail/image_meta_data__builder.hpp
[1.726s] -- Up-to-date symlink: /root/ros2_ws/install/flir_camera_msgs/include/flir_camera_msgs/flir_camera_msgs/msg/detail/image_meta_data__struct.hpp
[1.726s] -- Up-to-date symlink: /root/ros2_ws/install/flir_camera_msgs/include/flir_camera_msgs/flir_camera_msgs/msg/detail/image_meta_data__traits.hpp
[1.727s] -- Up-to-date symlink: /root/ros2_ws/install/flir_camera_msgs/include/flir_camera_msgs/flir_camera_msgs/msg/image_meta_data.hpp
[1.727s] -- Up-to-date symlink: /root/ros2_ws/install/flir_camera_msgs/include/flir_camera_msgs/flir_camera_msgs/msg/detail/camera_control__rosidl_typesupport_fastrtps_cpp.hpp
[1.727s] -- Up-to-date symlink: /root/ros2_ws/install/flir_camera_msgs/include/flir_camera_msgs/flir_camera_msgs/msg/detail/image_meta_data__rosidl_typesupport_fastrtps_cpp.hpp
[1.728s] -- Up-to-date symlink: /root/ros2_ws/install/flir_camera_msgs/include/flir_camera_msgs/flir_camera_msgs/msg/rosidl_typesupport_fastrtps_cpp__visibility_control.h
[1.728s] -- Up-to-date symlink: /root/ros2_ws/install/flir_camera_msgs/include/flir_camera_msgs/flir_camera_msgs/msg/detail/camera_control__rosidl_typesupport_introspection_c.h
[1.728s] -- Up-to-date symlink: /root/ros2_ws/install/flir_camera_msgs/include/flir_camera_msgs/flir_camera_msgs/msg/detail/image_meta_data__rosidl_typesupport_introspection_c.h
[1.728s] -- Up-to-date symlink: /root/ros2_ws/install/flir_camera_msgs/include/flir_camera_msgs/flir_camera_msgs/msg/rosidl_typesupport_introspection_c__visibility_control.h
[1.729s] -- Up-to-date symlink: /root/ros2_ws/install/flir_camera_msgs/include/flir_camera_msgs/flir_camera_msgs/msg/detail/camera_control__rosidl_typesupport_introspection_cpp.hpp
[1.729s] -- Up-to-date symlink: /root/ros2_ws/install/flir_camera_msgs/include/flir_camera_msgs/flir_camera_msgs/msg/detail/image_meta_data__rosidl_typesupport_introspection_cpp.hpp
[1.730s] -- Up-to-date symlink: /root/ros2_ws/install/flir_camera_msgs/share/flir_camera_msgs/environment/pythonpath.sh
[1.730s] -- Up-to-date symlink: /root/ros2_ws/install/flir_camera_msgs/share/flir_camera_msgs/environment/pythonpath.dsv
[1.731s] -- Up-to-date symlink: /root/ros2_ws/install/flir_camera_msgs/local/lib/python3.10/dist-packages/flir_camera_msgs-2.0.8-py3.10.egg-info/PKG-INFO
[1.731s] -- Up-to-date symlink: /root/ros2_ws/install/flir_camera_msgs/local/lib/python3.10/dist-packages/flir_camera_msgs-2.0.8-py3.10.egg-info/SOURCES.txt
[1.731s] -- Up-to-date symlink: /root/ros2_ws/install/flir_camera_msgs/local/lib/python3.10/dist-packages/flir_camera_msgs-2.0.8-py3.10.egg-info/dependency_links.txt
[1.731s] -- Up-to-date symlink: /root/ros2_ws/install/flir_camera_msgs/local/lib/python3.10/dist-packages/flir_camera_msgs-2.0.8-py3.10.egg-info/top_level.txt
[1.732s] -- Up-to-date symlink: /root/ros2_ws/install/flir_camera_msgs/local/lib/python3.10/dist-packages/flir_camera_msgs/__init__.py
[1.732s] -- Up-to-date symlink: /root/ros2_ws/install/flir_camera_msgs/local/lib/python3.10/dist-packages/flir_camera_msgs/_flir_camera_msgs_s.ep.rosidl_typesupport_c.c
[1.732s] -- Up-to-date symlink: /root/ros2_ws/install/flir_camera_msgs/local/lib/python3.10/dist-packages/flir_camera_msgs/_flir_camera_msgs_s.ep.rosidl_typesupport_fastrtps_c.c
[1.733s] -- Up-to-date symlink: /root/ros2_ws/install/flir_camera_msgs/local/lib/python3.10/dist-packages/flir_camera_msgs/_flir_camera_msgs_s.ep.rosidl_typesupport_introspection_c.c
[1.733s] -- Up-to-date symlink: /root/ros2_ws/install/flir_camera_msgs/local/lib/python3.10/dist-packages/flir_camera_msgs/flir_camera_msgs_s__rosidl_typesupport_c.cpython-310-x86_64-linux-gnu.so
[1.733s] -- Up-to-date symlink: /root/ros2_ws/install/flir_camera_msgs/local/lib/python3.10/dist-packages/flir_camera_msgs/flir_camera_msgs_s__rosidl_typesupport_fastrtps_c.cpython-310-x86_64-linux-gnu.so
[1.733s] -- Up-to-date symlink: /root/ros2_ws/install/flir_camera_msgs/local/lib/python3.10/dist-packages/flir_camera_msgs/flir_camera_msgs_s__rosidl_typesupport_introspection_c.cpython-310-x86_64-linux-gnu.so
[1.733s] -- Up-to-date symlink: /root/ros2_ws/install/flir_camera_msgs/local/lib/python3.10/dist-packages/flir_camera_msgs/libflir_camera_msgs__rosidl_generator_py.so
[1.734s] -- Up-to-date symlink: /root/ros2_ws/install/flir_camera_msgs/local/lib/python3.10/dist-packages/flir_camera_msgs/msg/__init__.py
[1.734s] -- Up-to-date symlink: /root/ros2_ws/install/flir_camera_msgs/local/lib/python3.10/dist-packages/flir_camera_msgs/msg/_camera_control.py
[1.734s] -- Up-to-date symlink: /root/ros2_ws/install/flir_camera_msgs/local/lib/python3.10/dist-packages/flir_camera_msgs/msg/_camera_control_s.c
[1.734s] -- Up-to-date symlink: /root/ros2_ws/install/flir_camera_msgs/local/lib/python3.10/dist-packages/flir_camera_msgs/msg/_image_meta_data.py
[1.734s] -- Up-to-date symlink: /root/ros2_ws/install/flir_camera_msgs/local/lib/python3.10/dist-packages/flir_camera_msgs/msg/_image_meta_data_s.c
[1.735s] -- Up-to-date symlink: /root/ros2_ws/install/flir_camera_msgs/local/lib/python3.10/dist-packages/flir_camera_msgs/flir_camera_msgs_s__rosidl_typesupport_fastrtps_c.cpython-310-x86_64-linux-gnu.so
[1.735s] -- Up-to-date symlink: /root/ros2_ws/install/flir_camera_msgs/local/lib/python3.10/dist-packages/flir_camera_msgs/flir_camera_msgs_s__rosidl_typesupport_introspection_c.cpython-310-x86_64-linux-gnu.so
[1.735s] -- Up-to-date symlink: /root/ros2_ws/install/flir_camera_msgs/local/lib/python3.10/dist-packages/flir_camera_msgs/flir_camera_msgs_s__rosidl_typesupport_c.cpython-310-x86_64-linux-gnu.so
[1.736s] -- Up-to-date symlink: /root/ros2_ws/install/flir_camera_msgs/share/flir_camera_msgs/msg/ImageMetaData.idl
[1.736s] -- Up-to-date symlink: /root/ros2_ws/install/flir_camera_msgs/share/flir_camera_msgs/msg/CameraControl.idl
[1.736s] -- Up-to-date symlink: /root/ros2_ws/install/flir_camera_msgs/share/flir_camera_msgs/msg/ImageMetaData.msg
[1.736s] -- Up-to-date symlink: /root/ros2_ws/install/flir_camera_msgs/share/flir_camera_msgs/msg/CameraControl.msg
[1.737s] -- Up-to-date symlink: /root/ros2_ws/install/flir_camera_msgs/share/ament_index/resource_index/package_run_dependencies/flir_camera_msgs
[1.737s] -- Up-to-date symlink: /root/ros2_ws/install/flir_camera_msgs/share/ament_index/resource_index/parent_prefix_path/flir_camera_msgs
[1.737s] -- Up-to-date symlink: /root/ros2_ws/install/flir_camera_msgs/share/flir_camera_msgs/environment/ament_prefix_path.sh
[1.737s] -- Up-to-date symlink: /root/ros2_ws/install/flir_camera_msgs/share/flir_camera_msgs/environment/ament_prefix_path.dsv
[1.738s] -- Up-to-date symlink: /root/ros2_ws/install/flir_camera_msgs/share/flir_camera_msgs/environment/path.sh
[1.738s] -- Up-to-date symlink: /root/ros2_ws/install/flir_camera_msgs/share/flir_camera_msgs/environment/path.dsv
[1.738s] -- Up-to-date symlink: /root/ros2_ws/install/flir_camera_msgs/share/flir_camera_msgs/local_setup.bash
[1.738s] -- Up-to-date symlink: /root/ros2_ws/install/flir_camera_msgs/share/flir_camera_msgs/local_setup.sh
[1.739s] -- Up-to-date symlink: /root/ros2_ws/install/flir_camera_msgs/share/flir_camera_msgs/local_setup.zsh
[1.739s] -- Up-to-date symlink: /root/ros2_ws/install/flir_camera_msgs/share/flir_camera_msgs/local_setup.dsv
[1.739s] -- Symlinking: /root/ros2_ws/install/flir_camera_msgs/share/flir_camera_msgs/package.dsv
[1.751s] -- Up-to-date symlink: /root/ros2_ws/install/flir_camera_msgs/share/ament_index/resource_index/packages/flir_camera_msgs
[1.751s] -- Up-to-date symlink: /root/ros2_ws/install/flir_camera_msgs/share/flir_camera_msgs/cmake/rosidl_cmake-extras.cmake
[1.751s] -- Up-to-date symlink: /root/ros2_ws/install/flir_camera_msgs/share/flir_camera_msgs/cmake/ament_cmake_export_dependencies-extras.cmake
[1.751s] -- Up-to-date symlink: /root/ros2_ws/install/flir_camera_msgs/share/flir_camera_msgs/cmake/ament_cmake_export_include_directories-extras.cmake
[1.752s] -- Up-to-date symlink: /root/ros2_ws/install/flir_camera_msgs/share/flir_camera_msgs/cmake/ament_cmake_export_libraries-extras.cmake
[1.752s] -- Up-to-date symlink: /root/ros2_ws/install/flir_camera_msgs/share/flir_camera_msgs/cmake/ament_cmake_export_targets-extras.cmake
[1.752s] -- Up-to-date symlink: /root/ros2_ws/install/flir_camera_msgs/share/flir_camera_msgs/cmake/rosidl_cmake_export_typesupport_targets-extras.cmake
[1.752s] -- Up-to-date symlink: /root/ros2_ws/install/flir_camera_msgs/share/flir_camera_msgs/cmake/rosidl_cmake_export_typesupport_libraries-extras.cmake
[1.753s] -- Up-to-date symlink: /root/ros2_ws/install/flir_camera_msgs/share/flir_camera_msgs/cmake/flir_camera_msgsConfig.cmake
[1.753s] -- Up-to-date symlink: /root/ros2_ws/install/flir_camera_msgs/share/flir_camera_msgs/cmake/flir_camera_msgsConfig-version.cmake
[1.753s] -- Up-to-date symlink: /root/ros2_ws/install/flir_camera_msgs/share/flir_camera_msgs/package.xml
[1.754s] -- Up-to-date: /root/ros2_ws/install/flir_camera_msgs/lib/libflir_camera_msgs__rosidl_generator_c.so
[1.755s] -- Up-to-date: /root/ros2_ws/install/flir_camera_msgs/lib/libflir_camera_msgs__rosidl_typesupport_fastrtps_c.so
[1.755s] -- Up-to-date: /root/ros2_ws/install/flir_camera_msgs/lib/libflir_camera_msgs__rosidl_typesupport_fastrtps_cpp.so
[1.756s] -- Up-to-date: /root/ros2_ws/install/flir_camera_msgs/lib/libflir_camera_msgs__rosidl_typesupport_introspection_c.so
[1.756s] -- Up-to-date: /root/ros2_ws/install/flir_camera_msgs/lib/libflir_camera_msgs__rosidl_typesupport_c.so
[1.757s] -- Up-to-date: /root/ros2_ws/install/flir_camera_msgs/lib/libflir_camera_msgs__rosidl_typesupport_introspection_cpp.so
[1.758s] -- Up-to-date: /root/ros2_ws/install/flir_camera_msgs/lib/libflir_camera_msgs__rosidl_typesupport_cpp.so
[1.787s] Listing '/root/ros2_ws/install/flir_camera_msgs/local/lib/python3.10/dist-packages/flir_camera_msgs'...
[1.787s] Compiling '/root/ros2_ws/install/flir_camera_msgs/local/lib/python3.10/dist-packages/flir_camera_msgs/__init__.py'...
[1.787s] Listing '/root/ros2_ws/install/flir_camera_msgs/local/lib/python3.10/dist-packages/flir_camera_msgs/msg'...
[1.793s] -- Up-to-date: /root/ros2_ws/install/flir_camera_msgs/lib/libflir_camera_msgs__rosidl_generator_py.so
[1.793s] -- Up-to-date: /root/ros2_ws/install/flir_camera_msgs/share/flir_camera_msgs/cmake/export_flir_camera_msgs__rosidl_generator_cExport.cmake
[1.793s] -- Up-to-date: /root/ros2_ws/install/flir_camera_msgs/share/flir_camera_msgs/cmake/export_flir_camera_msgs__rosidl_generator_cExport-relwithdebinfo.cmake
[1.793s] -- Up-to-date: /root/ros2_ws/install/flir_camera_msgs/share/flir_camera_msgs/cmake/export_flir_camera_msgs__rosidl_typesupport_fastrtps_cExport.cmake
[1.793s] -- Up-to-date: /root/ros2_ws/install/flir_camera_msgs/share/flir_camera_msgs/cmake/export_flir_camera_msgs__rosidl_typesupport_fastrtps_cExport-relwithdebinfo.cmake
[1.793s] -- Up-to-date: /root/ros2_ws/install/flir_camera_msgs/share/flir_camera_msgs/cmake/export_flir_camera_msgs__rosidl_generator_cppExport.cmake
[1.794s] -- Up-to-date: /root/ros2_ws/install/flir_camera_msgs/share/flir_camera_msgs/cmake/export_flir_camera_msgs__rosidl_typesupport_fastrtps_cppExport.cmake
[1.794s] -- Up-to-date: /root/ros2_ws/install/flir_camera_msgs/share/flir_camera_msgs/cmake/export_flir_camera_msgs__rosidl_typesupport_fastrtps_cppExport-relwithdebinfo.cmake
[1.794s] -- Up-to-date: /root/ros2_ws/install/flir_camera_msgs/share/flir_camera_msgs/cmake/flir_camera_msgs__rosidl_typesupport_introspection_cExport.cmake
[1.794s] -- Up-to-date: /root/ros2_ws/install/flir_camera_msgs/share/flir_camera_msgs/cmake/flir_camera_msgs__rosidl_typesupport_introspection_cExport-relwithdebinfo.cmake
[1.794s] -- Up-to-date: /root/ros2_ws/install/flir_camera_msgs/share/flir_camera_msgs/cmake/flir_camera_msgs__rosidl_typesupport_cExport.cmake
[1.794s] -- Up-to-date: /root/ros2_ws/install/flir_camera_msgs/share/flir_camera_msgs/cmake/flir_camera_msgs__rosidl_typesupport_cExport-relwithdebinfo.cmake
[1.794s] -- Up-to-date: /root/ros2_ws/install/flir_camera_msgs/share/flir_camera_msgs/cmake/flir_camera_msgs__rosidl_typesupport_introspection_cppExport.cmake
[1.794s] -- Up-to-date: /root/ros2_ws/install/flir_camera_msgs/share/flir_camera_msgs/cmake/flir_camera_msgs__rosidl_typesupport_introspection_cppExport-relwithdebinfo.cmake
[1.795s] -- Up-to-date: /root/ros2_ws/install/flir_camera_msgs/share/flir_camera_msgs/cmake/flir_camera_msgs__rosidl_typesupport_cppExport.cmake
[1.795s] -- Up-to-date: /root/ros2_ws/install/flir_camera_msgs/share/flir_camera_msgs/cmake/flir_camera_msgs__rosidl_typesupport_cppExport-relwithdebinfo.cmake
[1.795s] -- Up-to-date: /root/ros2_ws/install/flir_camera_msgs/share/flir_camera_msgs/cmake/export_flir_camera_msgs__rosidl_generator_pyExport.cmake
[1.795s] -- Up-to-date: /root/ros2_ws/install/flir_camera_msgs/share/flir_camera_msgs/cmake/export_flir_camera_msgs__rosidl_generator_pyExport-relwithdebinfo.cmake
[1.799s] Invoked command in '/root/ros2_ws/build/flir_camera_msgs' returned '0': CMAKE_PREFIX_PATH=/opt/ros/humble /usr/bin/cmake --install /root/ros2_ws/build/flir_camera_msgs
