[0.194s] DEBUG:colcon:Command line arguments: ['/usr/local/bin/colcon', 'build']
[0.194s] DEBUG:colcon:Parsed command line arguments: Namespace(log_base=None, log_level=None, verb_name='build', build_base='build', install_base='install', merge_install=False, symlink_install=False, test_result_base=None, continue_on_error=False, executor='parallel', parallel_workers=8, event_handlers=None, ignore_user_meta=False, metas=['./colcon.meta'], base_paths=['.'], packages_ignore=None, packages_ignore_regex=None, paths=None, packages_up_to=None, packages_up_to_regex=None, packages_above=None, packages_above_and_dependencies=None, packages_above_depth=None, packages_select_by_dep=None, packages_skip_by_dep=None, packages_skip_up_to=None, packages_select_build_failed=False, packages_skip_build_finished=False, packages_select_test_failures=False, packages_skip_test_passed=False, packages_select=None, packages_skip=None, packages_select_regex=None, packages_skip_regex=None, packages_start=None, packages_end=None, cmake_args=None, cmake_target=None, cmake_target_skip_unavailable=False, cmake_clean_cache=False, cmake_clean_first=False, cmake_force_configure=False, ament_cmake_args=None, catkin_cmake_args=None, catkin_skip_building_tests=False, verb_parser=<colcon_defaults.argument_parser.defaults.DefaultArgumentsDecorator object at 0x7c5c93dc4a90>, verb_extension=<colcon_core.verb.build.BuildVerb object at 0x7c5c93dc4520>, main=<bound method BuildVerb.main of <colcon_core.verb.build.BuildVerb object at 0x7c5c93dc4520>>)
[0.401s] Level 1:colcon.colcon_core.package_discovery:discover_packages(colcon_meta) check parameters
[0.401s] Level 1:colcon.colcon_core.package_discovery:discover_packages(recursive) check parameters
[0.401s] Level 1:colcon.colcon_core.package_discovery:discover_packages(ignore) check parameters
[0.401s] Level 1:colcon.colcon_core.package_discovery:discover_packages(path) check parameters
[0.401s] Level 1:colcon.colcon_core.package_discovery:discover_packages(colcon_meta) discover
[0.401s] Level 1:colcon.colcon_core.package_discovery:discover_packages(recursive) discover
[0.401s] INFO:colcon.colcon_core.package_discovery:Crawling recursively for packages in '/root/ros2_ws'
[0.402s] Level 1:colcon.colcon_core.package_identification:_identify(.) by extensions ['ignore', 'ignore_ament_install']
[0.402s] Level 1:colcon.colcon_core.package_identification:_identify(.) by extension 'ignore'
[0.402s] Level 1:colcon.colcon_core.package_identification:_identify(.) by extension 'ignore_ament_install'
[0.402s] Level 1:colcon.colcon_core.package_identification:_identify(.) by extensions ['colcon_pkg']
[0.402s] Level 1:colcon.colcon_core.package_identification:_identify(.) by extension 'colcon_pkg'
[0.402s] Level 1:colcon.colcon_core.package_identification:_identify(.) by extensions ['colcon_meta']
[0.402s] Level 1:colcon.colcon_core.package_identification:_identify(.) by extension 'colcon_meta'
[0.402s] Level 1:colcon.colcon_core.package_identification:_identify(.) by extensions ['ros']
[0.402s] Level 1:colcon.colcon_core.package_identification:_identify(.) by extension 'ros'
[0.418s] Level 1:colcon.colcon_core.package_identification:_identify(.) by extensions ['cmake', 'python']
[0.418s] Level 1:colcon.colcon_core.package_identification:_identify(.) by extension 'cmake'
[0.418s] Level 1:colcon.colcon_core.package_identification:_identify(.) by extension 'python'
[0.418s] Level 1:colcon.colcon_core.package_identification:_identify(.) by extensions ['python_setup_py']
[0.418s] Level 1:colcon.colcon_core.package_identification:_identify(.) by extension 'python_setup_py'
[0.419s] Level 1:colcon.colcon_core.package_identification:_identify(build) by extensions ['ignore', 'ignore_ament_install']
[0.419s] Level 1:colcon.colcon_core.package_identification:_identify(build) by extension 'ignore'
[0.419s] Level 1:colcon.colcon_core.package_identification:_identify(build) ignored
[0.419s] Level 1:colcon.colcon_core.package_identification:_identify(install) by extensions ['ignore', 'ignore_ament_install']
[0.419s] Level 1:colcon.colcon_core.package_identification:_identify(install) by extension 'ignore'
[0.419s] Level 1:colcon.colcon_core.package_identification:_identify(install) ignored
[0.419s] Level 1:colcon.colcon_core.package_identification:_identify(log) by extensions ['ignore', 'ignore_ament_install']
[0.419s] Level 1:colcon.colcon_core.package_identification:_identify(log) by extension 'ignore'
[0.419s] Level 1:colcon.colcon_core.package_identification:_identify(log) ignored
[0.419s] Level 1:colcon.colcon_core.package_identification:_identify(src) by extensions ['ignore', 'ignore_ament_install']
[0.419s] Level 1:colcon.colcon_core.package_identification:_identify(src) by extension 'ignore'
[0.420s] Level 1:colcon.colcon_core.package_identification:_identify(src) by extension 'ignore_ament_install'
[0.420s] Level 1:colcon.colcon_core.package_identification:_identify(src) by extensions ['colcon_pkg']
[0.420s] Level 1:colcon.colcon_core.package_identification:_identify(src) by extension 'colcon_pkg'
[0.420s] Level 1:colcon.colcon_core.package_identification:_identify(src) by extensions ['colcon_meta']
[0.420s] Level 1:colcon.colcon_core.package_identification:_identify(src) by extension 'colcon_meta'
[0.420s] Level 1:colcon.colcon_core.package_identification:_identify(src) by extensions ['ros']
[0.420s] Level 1:colcon.colcon_core.package_identification:_identify(src) by extension 'ros'
[0.420s] Level 1:colcon.colcon_core.package_identification:_identify(src) by extensions ['cmake', 'python']
[0.420s] Level 1:colcon.colcon_core.package_identification:_identify(src) by extension 'cmake'
[0.420s] Level 1:colcon.colcon_core.package_identification:_identify(src) by extension 'python'
[0.420s] Level 1:colcon.colcon_core.package_identification:_identify(src) by extensions ['python_setup_py']
[0.420s] Level 1:colcon.colcon_core.package_identification:_identify(src) by extension 'python_setup_py'
[0.420s] Level 1:colcon.colcon_core.package_identification:_identify(src/flir_camera_driver) by extensions ['ignore', 'ignore_ament_install']
[0.420s] Level 1:colcon.colcon_core.package_identification:_identify(src/flir_camera_driver) by extension 'ignore'
[0.420s] Level 1:colcon.colcon_core.package_identification:_identify(src/flir_camera_driver) by extension 'ignore_ament_install'
[0.420s] Level 1:colcon.colcon_core.package_identification:_identify(src/flir_camera_driver) by extensions ['colcon_pkg']
[0.421s] Level 1:colcon.colcon_core.package_identification:_identify(src/flir_camera_driver) by extension 'colcon_pkg'
[0.421s] Level 1:colcon.colcon_core.package_identification:_identify(src/flir_camera_driver) by extensions ['colcon_meta']
[0.421s] Level 1:colcon.colcon_core.package_identification:_identify(src/flir_camera_driver) by extension 'colcon_meta'
[0.421s] Level 1:colcon.colcon_core.package_identification:_identify(src/flir_camera_driver) by extensions ['ros']
[0.421s] Level 1:colcon.colcon_core.package_identification:_identify(src/flir_camera_driver) by extension 'ros'
[0.421s] Level 1:colcon.colcon_core.package_identification:_identify(src/flir_camera_driver) by extensions ['cmake', 'python']
[0.421s] Level 1:colcon.colcon_core.package_identification:_identify(src/flir_camera_driver) by extension 'cmake'
[0.421s] Level 1:colcon.colcon_core.package_identification:_identify(src/flir_camera_driver) by extension 'python'
[0.421s] Level 1:colcon.colcon_core.package_identification:_identify(src/flir_camera_driver) by extensions ['python_setup_py']
[0.421s] Level 1:colcon.colcon_core.package_identification:_identify(src/flir_camera_driver) by extension 'python_setup_py'
[0.421s] Level 1:colcon.colcon_core.package_identification:_identify(src/flir_camera_driver/doc) by extensions ['ignore', 'ignore_ament_install']
[0.421s] Level 1:colcon.colcon_core.package_identification:_identify(src/flir_camera_driver/doc) by extension 'ignore'
[0.421s] Level 1:colcon.colcon_core.package_identification:_identify(src/flir_camera_driver/doc) by extension 'ignore_ament_install'
[0.421s] Level 1:colcon.colcon_core.package_identification:_identify(src/flir_camera_driver/doc) by extensions ['colcon_pkg']
[0.421s] Level 1:colcon.colcon_core.package_identification:_identify(src/flir_camera_driver/doc) by extension 'colcon_pkg'
[0.421s] Level 1:colcon.colcon_core.package_identification:_identify(src/flir_camera_driver/doc) by extensions ['colcon_meta']
[0.421s] Level 1:colcon.colcon_core.package_identification:_identify(src/flir_camera_driver/doc) by extension 'colcon_meta'
[0.422s] Level 1:colcon.colcon_core.package_identification:_identify(src/flir_camera_driver/doc) by extensions ['ros']
[0.422s] Level 1:colcon.colcon_core.package_identification:_identify(src/flir_camera_driver/doc) by extension 'ros'
[0.422s] Level 1:colcon.colcon_core.package_identification:_identify(src/flir_camera_driver/doc) by extensions ['cmake', 'python']
[0.422s] Level 1:colcon.colcon_core.package_identification:_identify(src/flir_camera_driver/doc) by extension 'cmake'
[0.422s] Level 1:colcon.colcon_core.package_identification:_identify(src/flir_camera_driver/doc) by extension 'python'
[0.422s] Level 1:colcon.colcon_core.package_identification:_identify(src/flir_camera_driver/doc) by extensions ['python_setup_py']
[0.422s] Level 1:colcon.colcon_core.package_identification:_identify(src/flir_camera_driver/doc) by extension 'python_setup_py'
[0.422s] Level 1:colcon.colcon_core.package_identification:_identify(src/flir_camera_driver/flir_camera_description) by extensions ['ignore', 'ignore_ament_install']
[0.422s] Level 1:colcon.colcon_core.package_identification:_identify(src/flir_camera_driver/flir_camera_description) by extension 'ignore'
[0.422s] Level 1:colcon.colcon_core.package_identification:_identify(src/flir_camera_driver/flir_camera_description) by extension 'ignore_ament_install'
[0.422s] Level 1:colcon.colcon_core.package_identification:_identify(src/flir_camera_driver/flir_camera_description) by extensions ['colcon_pkg']
[0.422s] Level 1:colcon.colcon_core.package_identification:_identify(src/flir_camera_driver/flir_camera_description) by extension 'colcon_pkg'
[0.422s] Level 1:colcon.colcon_core.package_identification:_identify(src/flir_camera_driver/flir_camera_description) by extensions ['colcon_meta']
[0.422s] Level 1:colcon.colcon_core.package_identification:_identify(src/flir_camera_driver/flir_camera_description) by extension 'colcon_meta'
[0.422s] Level 1:colcon.colcon_core.package_identification:_identify(src/flir_camera_driver/flir_camera_description) by extensions ['ros']
[0.422s] Level 1:colcon.colcon_core.package_identification:_identify(src/flir_camera_driver/flir_camera_description) by extension 'ros'
[0.426s] DEBUG:colcon.colcon_core.package_identification:Package 'src/flir_camera_driver/flir_camera_description' with type 'ros.ament_cmake' and name 'flir_camera_description'
[0.426s] Level 1:colcon.colcon_core.package_identification:_identify(src/flir_camera_driver/flir_camera_msgs) by extensions ['ignore', 'ignore_ament_install']
[0.427s] Level 1:colcon.colcon_core.package_identification:_identify(src/flir_camera_driver/flir_camera_msgs) by extension 'ignore'
[0.427s] Level 1:colcon.colcon_core.package_identification:_identify(src/flir_camera_driver/flir_camera_msgs) by extension 'ignore_ament_install'
[0.427s] Level 1:colcon.colcon_core.package_identification:_identify(src/flir_camera_driver/flir_camera_msgs) by extensions ['colcon_pkg']
[0.427s] Level 1:colcon.colcon_core.package_identification:_identify(src/flir_camera_driver/flir_camera_msgs) by extension 'colcon_pkg'
[0.427s] Level 1:colcon.colcon_core.package_identification:_identify(src/flir_camera_driver/flir_camera_msgs) by extensions ['colcon_meta']
[0.427s] Level 1:colcon.colcon_core.package_identification:_identify(src/flir_camera_driver/flir_camera_msgs) by extension 'colcon_meta'
[0.427s] Level 1:colcon.colcon_core.package_identification:_identify(src/flir_camera_driver/flir_camera_msgs) by extensions ['ros']
[0.427s] Level 1:colcon.colcon_core.package_identification:_identify(src/flir_camera_driver/flir_camera_msgs) by extension 'ros'
[0.428s] DEBUG:colcon.colcon_core.package_identification:Package 'src/flir_camera_driver/flir_camera_msgs' with type 'ros.ament_cmake' and name 'flir_camera_msgs'
[0.428s] Level 1:colcon.colcon_core.package_identification:_identify(src/flir_camera_driver/spinnaker_camera_driver) by extensions ['ignore', 'ignore_ament_install']
[0.428s] Level 1:colcon.colcon_core.package_identification:_identify(src/flir_camera_driver/spinnaker_camera_driver) by extension 'ignore'
[0.428s] Level 1:colcon.colcon_core.package_identification:_identify(src/flir_camera_driver/spinnaker_camera_driver) by extension 'ignore_ament_install'
[0.428s] Level 1:colcon.colcon_core.package_identification:_identify(src/flir_camera_driver/spinnaker_camera_driver) by extensions ['colcon_pkg']
[0.428s] Level 1:colcon.colcon_core.package_identification:_identify(src/flir_camera_driver/spinnaker_camera_driver) by extension 'colcon_pkg'
[0.428s] Level 1:colcon.colcon_core.package_identification:_identify(src/flir_camera_driver/spinnaker_camera_driver) by extensions ['colcon_meta']
[0.428s] Level 1:colcon.colcon_core.package_identification:_identify(src/flir_camera_driver/spinnaker_camera_driver) by extension 'colcon_meta'
[0.428s] Level 1:colcon.colcon_core.package_identification:_identify(src/flir_camera_driver/spinnaker_camera_driver) by extensions ['ros']
[0.428s] Level 1:colcon.colcon_core.package_identification:_identify(src/flir_camera_driver/spinnaker_camera_driver) by extension 'ros'
[0.430s] DEBUG:colcon.colcon_core.package_identification:Package 'src/flir_camera_driver/spinnaker_camera_driver' with type 'ros.ament_cmake' and name 'spinnaker_camera_driver'
[0.430s] Level 1:colcon.colcon_core.package_identification:_identify(src/flir_camera_driver/spinnaker_synchronized_camera_driver) by extensions ['ignore', 'ignore_ament_install']
[0.430s] Level 1:colcon.colcon_core.package_identification:_identify(src/flir_camera_driver/spinnaker_synchronized_camera_driver) by extension 'ignore'
[0.430s] Level 1:colcon.colcon_core.package_identification:_identify(src/flir_camera_driver/spinnaker_synchronized_camera_driver) by extension 'ignore_ament_install'
[0.430s] Level 1:colcon.colcon_core.package_identification:_identify(src/flir_camera_driver/spinnaker_synchronized_camera_driver) by extensions ['colcon_pkg']
[0.431s] Level 1:colcon.colcon_core.package_identification:_identify(src/flir_camera_driver/spinnaker_synchronized_camera_driver) by extension 'colcon_pkg'
[0.431s] Level 1:colcon.colcon_core.package_identification:_identify(src/flir_camera_driver/spinnaker_synchronized_camera_driver) by extensions ['colcon_meta']
[0.431s] Level 1:colcon.colcon_core.package_identification:_identify(src/flir_camera_driver/spinnaker_synchronized_camera_driver) by extension 'colcon_meta'
[0.431s] Level 1:colcon.colcon_core.package_identification:_identify(src/flir_camera_driver/spinnaker_synchronized_camera_driver) by extensions ['ros']
[0.431s] Level 1:colcon.colcon_core.package_identification:_identify(src/flir_camera_driver/spinnaker_synchronized_camera_driver) by extension 'ros'
[0.432s] DEBUG:colcon.colcon_core.package_identification:Package 'src/flir_camera_driver/spinnaker_synchronized_camera_driver' with type 'ros.ament_cmake' and name 'spinnaker_synchronized_camera_driver'
[0.432s] Level 1:colcon.colcon_core.package_discovery:discover_packages(recursive) using defaults
[0.432s] Level 1:colcon.colcon_core.package_discovery:discover_packages(ignore) discover
[0.432s] Level 1:colcon.colcon_core.package_discovery:discover_packages(ignore) using defaults
[0.432s] Level 1:colcon.colcon_core.package_discovery:discover_packages(path) discover
[0.432s] Level 1:colcon.colcon_core.package_discovery:discover_packages(path) using defaults
[0.463s] Level 5:colcon.colcon_core.verb:set package 'flir_camera_description' build argument 'cmake_args' from command line to 'None'
[0.463s] Level 5:colcon.colcon_core.verb:set package 'flir_camera_description' build argument 'cmake_target' from command line to 'None'
[0.463s] Level 5:colcon.colcon_core.verb:set package 'flir_camera_description' build argument 'cmake_target_skip_unavailable' from command line to 'False'
[0.463s] Level 5:colcon.colcon_core.verb:set package 'flir_camera_description' build argument 'cmake_clean_cache' from command line to 'False'
[0.464s] Level 5:colcon.colcon_core.verb:set package 'flir_camera_description' build argument 'cmake_clean_first' from command line to 'False'
[0.464s] Level 5:colcon.colcon_core.verb:set package 'flir_camera_description' build argument 'cmake_force_configure' from command line to 'False'
[0.464s] Level 5:colcon.colcon_core.verb:set package 'flir_camera_description' build argument 'ament_cmake_args' from command line to 'None'
[0.464s] Level 5:colcon.colcon_core.verb:set package 'flir_camera_description' build argument 'catkin_cmake_args' from command line to 'None'
[0.464s] Level 5:colcon.colcon_core.verb:set package 'flir_camera_description' build argument 'catkin_skip_building_tests' from command line to 'False'
[0.464s] DEBUG:colcon.colcon_core.verb:Building package 'flir_camera_description' with the following arguments: {'ament_cmake_args': None, 'build_base': '/root/ros2_ws/build/flir_camera_description', 'catkin_cmake_args': None, 'catkin_skip_building_tests': False, 'cmake_args': None, 'cmake_clean_cache': False, 'cmake_clean_first': False, 'cmake_force_configure': False, 'cmake_target': None, 'cmake_target_skip_unavailable': False, 'install_base': '/root/ros2_ws/install/flir_camera_description', 'merge_install': False, 'path': '/root/ros2_ws/src/flir_camera_driver/flir_camera_description', 'symlink_install': False, 'test_result_base': None}
[0.464s] Level 5:colcon.colcon_core.verb:set package 'flir_camera_msgs' build argument 'cmake_args' from command line to 'None'
[0.464s] Level 5:colcon.colcon_core.verb:set package 'flir_camera_msgs' build argument 'cmake_target' from command line to 'None'
[0.464s] Level 5:colcon.colcon_core.verb:set package 'flir_camera_msgs' build argument 'cmake_target_skip_unavailable' from command line to 'False'
[0.464s] Level 5:colcon.colcon_core.verb:set package 'flir_camera_msgs' build argument 'cmake_clean_cache' from command line to 'False'
[0.464s] Level 5:colcon.colcon_core.verb:set package 'flir_camera_msgs' build argument 'cmake_clean_first' from command line to 'False'
[0.464s] Level 5:colcon.colcon_core.verb:set package 'flir_camera_msgs' build argument 'cmake_force_configure' from command line to 'False'
[0.464s] Level 5:colcon.colcon_core.verb:set package 'flir_camera_msgs' build argument 'ament_cmake_args' from command line to 'None'
[0.464s] Level 5:colcon.colcon_core.verb:set package 'flir_camera_msgs' build argument 'catkin_cmake_args' from command line to 'None'
[0.464s] Level 5:colcon.colcon_core.verb:set package 'flir_camera_msgs' build argument 'catkin_skip_building_tests' from command line to 'False'
[0.464s] DEBUG:colcon.colcon_core.verb:Building package 'flir_camera_msgs' with the following arguments: {'ament_cmake_args': None, 'build_base': '/root/ros2_ws/build/flir_camera_msgs', 'catkin_cmake_args': None, 'catkin_skip_building_tests': False, 'cmake_args': None, 'cmake_clean_cache': False, 'cmake_clean_first': False, 'cmake_force_configure': False, 'cmake_target': None, 'cmake_target_skip_unavailable': False, 'install_base': '/root/ros2_ws/install/flir_camera_msgs', 'merge_install': False, 'path': '/root/ros2_ws/src/flir_camera_driver/flir_camera_msgs', 'symlink_install': False, 'test_result_base': None}
[0.465s] Level 5:colcon.colcon_core.verb:set package 'spinnaker_camera_driver' build argument 'cmake_args' from command line to 'None'
[0.465s] Level 5:colcon.colcon_core.verb:set package 'spinnaker_camera_driver' build argument 'cmake_target' from command line to 'None'
[0.465s] Level 5:colcon.colcon_core.verb:set package 'spinnaker_camera_driver' build argument 'cmake_target_skip_unavailable' from command line to 'False'
[0.465s] Level 5:colcon.colcon_core.verb:set package 'spinnaker_camera_driver' build argument 'cmake_clean_cache' from command line to 'False'
[0.465s] Level 5:colcon.colcon_core.verb:set package 'spinnaker_camera_driver' build argument 'cmake_clean_first' from command line to 'False'
[0.465s] Level 5:colcon.colcon_core.verb:set package 'spinnaker_camera_driver' build argument 'cmake_force_configure' from command line to 'False'
[0.465s] Level 5:colcon.colcon_core.verb:set package 'spinnaker_camera_driver' build argument 'ament_cmake_args' from command line to 'None'
[0.465s] Level 5:colcon.colcon_core.verb:set package 'spinnaker_camera_driver' build argument 'catkin_cmake_args' from command line to 'None'
[0.465s] Level 5:colcon.colcon_core.verb:set package 'spinnaker_camera_driver' build argument 'catkin_skip_building_tests' from command line to 'False'
[0.465s] DEBUG:colcon.colcon_core.verb:Building package 'spinnaker_camera_driver' with the following arguments: {'ament_cmake_args': None, 'build_base': '/root/ros2_ws/build/spinnaker_camera_driver', 'catkin_cmake_args': None, 'catkin_skip_building_tests': False, 'cmake_args': None, 'cmake_clean_cache': False, 'cmake_clean_first': False, 'cmake_force_configure': False, 'cmake_target': None, 'cmake_target_skip_unavailable': False, 'install_base': '/root/ros2_ws/install/spinnaker_camera_driver', 'merge_install': False, 'path': '/root/ros2_ws/src/flir_camera_driver/spinnaker_camera_driver', 'symlink_install': False, 'test_result_base': None}
[0.465s] Level 5:colcon.colcon_core.verb:set package 'spinnaker_synchronized_camera_driver' build argument 'cmake_args' from command line to 'None'
[0.465s] Level 5:colcon.colcon_core.verb:set package 'spinnaker_synchronized_camera_driver' build argument 'cmake_target' from command line to 'None'
[0.465s] Level 5:colcon.colcon_core.verb:set package 'spinnaker_synchronized_camera_driver' build argument 'cmake_target_skip_unavailable' from command line to 'False'
[0.465s] Level 5:colcon.colcon_core.verb:set package 'spinnaker_synchronized_camera_driver' build argument 'cmake_clean_cache' from command line to 'False'
[0.465s] Level 5:colcon.colcon_core.verb:set package 'spinnaker_synchronized_camera_driver' build argument 'cmake_clean_first' from command line to 'False'
[0.466s] Level 5:colcon.colcon_core.verb:set package 'spinnaker_synchronized_camera_driver' build argument 'cmake_force_configure' from command line to 'False'
[0.466s] Level 5:colcon.colcon_core.verb:set package 'spinnaker_synchronized_camera_driver' build argument 'ament_cmake_args' from command line to 'None'
[0.466s] Level 5:colcon.colcon_core.verb:set package 'spinnaker_synchronized_camera_driver' build argument 'catkin_cmake_args' from command line to 'None'
[0.466s] Level 5:colcon.colcon_core.verb:set package 'spinnaker_synchronized_camera_driver' build argument 'catkin_skip_building_tests' from command line to 'False'
[0.466s] DEBUG:colcon.colcon_core.verb:Building package 'spinnaker_synchronized_camera_driver' with the following arguments: {'ament_cmake_args': None, 'build_base': '/root/ros2_ws/build/spinnaker_synchronized_camera_driver', 'catkin_cmake_args': None, 'catkin_skip_building_tests': False, 'cmake_args': None, 'cmake_clean_cache': False, 'cmake_clean_first': False, 'cmake_force_configure': False, 'cmake_target': None, 'cmake_target_skip_unavailable': False, 'install_base': '/root/ros2_ws/install/spinnaker_synchronized_camera_driver', 'merge_install': False, 'path': '/root/ros2_ws/src/flir_camera_driver/spinnaker_synchronized_camera_driver', 'symlink_install': False, 'test_result_base': None}
[0.466s] INFO:colcon.colcon_core.executor:Executing jobs using 'parallel' executor
[0.467s] DEBUG:colcon.colcon_parallel_executor.executor.parallel:run_until_complete
[0.467s] INFO:colcon.colcon_ros.task.ament_cmake.build:Building ROS package in '/root/ros2_ws/src/flir_camera_driver/flir_camera_msgs' with build type 'ament_cmake'
[0.467s] INFO:colcon.colcon_cmake.task.cmake.build:Building CMake package in '/root/ros2_ws/src/flir_camera_driver/flir_camera_msgs'
[0.472s] INFO:colcon.colcon_core.plugin_system:Skipping extension 'colcon_core.shell.bat': Not used on non-Windows systems
[0.472s] INFO:colcon.colcon_core.shell:Skip shell extension 'powershell' for command environment: Not usable outside of PowerShell
[0.472s] DEBUG:colcon.colcon_core.shell:Skip shell extension 'dsv' for command environment
[0.479s] INFO:colcon.colcon_ros.task.ament_cmake.build:Building ROS package in '/root/ros2_ws/src/flir_camera_driver/flir_camera_description' with build type 'ament_cmake'
[0.479s] INFO:colcon.colcon_cmake.task.cmake.build:Building CMake package in '/root/ros2_ws/src/flir_camera_driver/flir_camera_description'
[0.480s] INFO:colcon.colcon_core.shell:Skip shell extension 'powershell' for command environment: Not usable outside of PowerShell
[0.480s] DEBUG:colcon.colcon_core.shell:Skip shell extension 'dsv' for command environment
[0.489s] DEBUG:colcon.colcon_core.event_handler.log_command:Invoking command in '/root/ros2_ws/build/flir_camera_msgs': CMAKE_PREFIX_PATH=/opt/ros/humble /usr/bin/cmake --build /root/ros2_ws/build/flir_camera_msgs -- -j8 -l8
[0.496s] DEBUG:colcon.colcon_core.event_handler.log_command:Invoking command in '/root/ros2_ws/build/flir_camera_description': CMAKE_PREFIX_PATH=/opt/ros/humble /usr/bin/cmake --build /root/ros2_ws/build/flir_camera_description -- -j8 -l8
[0.588s] DEBUG:colcon.colcon_core.event_handler.log_command:Invoked command in '/root/ros2_ws/build/flir_camera_description' returned '0': CMAKE_PREFIX_PATH=/opt/ros/humble /usr/bin/cmake --build /root/ros2_ws/build/flir_camera_description -- -j8 -l8
[0.652s] DEBUG:colcon.colcon_core.event_handler.log_command:Invoking command in '/root/ros2_ws/build/flir_camera_description': CMAKE_PREFIX_PATH=/opt/ros/humble /usr/bin/cmake --install /root/ros2_ws/build/flir_camera_description
[0.684s] Level 1:colcon.colcon_core.environment:create_environment_scripts_only(flir_camera_description)
[0.685s] DEBUG:colcon.colcon_core.event_handler.log_command:Invoked command in '/root/ros2_ws/build/flir_camera_description' returned '0': CMAKE_PREFIX_PATH=/opt/ros/humble /usr/bin/cmake --install /root/ros2_ws/build/flir_camera_description
[0.690s] Level 1:colcon.colcon_core.environment:checking '/root/ros2_ws/install/flir_camera_description' for CMake module files
[0.690s] Level 1:colcon.colcon_core.environment:checking '/root/ros2_ws/install/flir_camera_description' for CMake config files
[0.691s] Level 1:colcon.colcon_core.shell:create_environment_hook('flir_camera_description', 'cmake_prefix_path')
[0.691s] INFO:colcon.colcon_core.shell:Creating environment hook '/root/ros2_ws/install/flir_camera_description/share/flir_camera_description/hook/cmake_prefix_path.ps1'
[0.692s] INFO:colcon.colcon_core.shell:Creating environment descriptor '/root/ros2_ws/install/flir_camera_description/share/flir_camera_description/hook/cmake_prefix_path.dsv'
[0.694s] INFO:colcon.colcon_core.shell:Creating environment hook '/root/ros2_ws/install/flir_camera_description/share/flir_camera_description/hook/cmake_prefix_path.sh'
[0.696s] Level 1:colcon.colcon_core.environment:checking '/root/ros2_ws/install/flir_camera_description/bin'
[0.696s] Level 1:colcon.colcon_core.environment:checking '/root/ros2_ws/install/flir_camera_description/lib/pkgconfig/flir_camera_description.pc'
[0.699s] Level 1:colcon.colcon_core.environment:checking '/root/ros2_ws/install/flir_camera_description/lib/python3.10/site-packages'
[0.699s] Level 1:colcon.colcon_core.environment:checking '/root/ros2_ws/install/flir_camera_description/bin'
[0.700s] INFO:colcon.colcon_core.shell:Creating package script '/root/ros2_ws/install/flir_camera_description/share/flir_camera_description/package.ps1'
[0.701s] INFO:colcon.colcon_core.shell:Creating package descriptor '/root/ros2_ws/install/flir_camera_description/share/flir_camera_description/package.dsv'
[0.702s] INFO:colcon.colcon_core.shell:Creating package script '/root/ros2_ws/install/flir_camera_description/share/flir_camera_description/package.sh'
[0.703s] INFO:colcon.colcon_core.shell:Creating package script '/root/ros2_ws/install/flir_camera_description/share/flir_camera_description/package.bash'
[0.705s] INFO:colcon.colcon_core.shell:Creating package script '/root/ros2_ws/install/flir_camera_description/share/flir_camera_description/package.zsh'
[0.706s] Level 1:colcon.colcon_core.environment:create_file_with_runtime_dependencies(/root/ros2_ws/install/flir_camera_description/share/colcon-core/packages/flir_camera_description)
[0.740s] Level 1:colcon.colcon_core.environment:create_environment_scripts_only(flir_camera_description)
[0.741s] Level 1:colcon.colcon_core.environment:checking '/root/ros2_ws/install/flir_camera_description' for CMake module files
[0.741s] Level 1:colcon.colcon_core.environment:checking '/root/ros2_ws/install/flir_camera_description' for CMake config files
[0.742s] Level 1:colcon.colcon_core.shell:create_environment_hook('flir_camera_description', 'cmake_prefix_path')
[0.742s] INFO:colcon.colcon_core.shell:Creating environment hook '/root/ros2_ws/install/flir_camera_description/share/flir_camera_description/hook/cmake_prefix_path.ps1'
[0.743s] INFO:colcon.colcon_core.shell:Creating environment descriptor '/root/ros2_ws/install/flir_camera_description/share/flir_camera_description/hook/cmake_prefix_path.dsv'
[0.743s] INFO:colcon.colcon_core.shell:Creating environment hook '/root/ros2_ws/install/flir_camera_description/share/flir_camera_description/hook/cmake_prefix_path.sh'
[0.744s] Level 1:colcon.colcon_core.environment:checking '/root/ros2_ws/install/flir_camera_description/bin'
[0.744s] Level 1:colcon.colcon_core.environment:checking '/root/ros2_ws/install/flir_camera_description/lib/pkgconfig/flir_camera_description.pc'
[0.745s] Level 1:colcon.colcon_core.environment:checking '/root/ros2_ws/install/flir_camera_description/lib/python3.10/site-packages'
[0.745s] Level 1:colcon.colcon_core.environment:checking '/root/ros2_ws/install/flir_camera_description/bin'
[0.745s] INFO:colcon.colcon_core.shell:Creating package script '/root/ros2_ws/install/flir_camera_description/share/flir_camera_description/package.ps1'
[0.746s] INFO:colcon.colcon_core.shell:Creating package descriptor '/root/ros2_ws/install/flir_camera_description/share/flir_camera_description/package.dsv'
[0.747s] INFO:colcon.colcon_core.shell:Creating package script '/root/ros2_ws/install/flir_camera_description/share/flir_camera_description/package.sh'
[0.747s] INFO:colcon.colcon_core.shell:Creating package script '/root/ros2_ws/install/flir_camera_description/share/flir_camera_description/package.bash'
[0.748s] INFO:colcon.colcon_core.shell:Creating package script '/root/ros2_ws/install/flir_camera_description/share/flir_camera_description/package.zsh'
[0.749s] Level 1:colcon.colcon_core.environment:create_file_with_runtime_dependencies(/root/ros2_ws/install/flir_camera_description/share/colcon-core/packages/flir_camera_description)
[0.992s] DEBUG:colcon.colcon_core.event_handler.log_command:Invoked command in '/root/ros2_ws/build/flir_camera_msgs' returned '0': CMAKE_PREFIX_PATH=/opt/ros/humble /usr/bin/cmake --build /root/ros2_ws/build/flir_camera_msgs -- -j8 -l8
[1.091s] DEBUG:colcon.colcon_core.event_handler.log_command:Invoking command in '/root/ros2_ws/build/flir_camera_msgs': CMAKE_PREFIX_PATH=/opt/ros/humble /usr/bin/cmake --install /root/ros2_ws/build/flir_camera_msgs
[1.174s] Level 1:colcon.colcon_core.environment:create_environment_scripts_only(flir_camera_msgs)
[1.174s] Level 1:colcon.colcon_core.environment:checking '/root/ros2_ws/install/flir_camera_msgs' for CMake module files
[1.174s] DEBUG:colcon.colcon_core.event_handler.log_command:Invoked command in '/root/ros2_ws/build/flir_camera_msgs' returned '0': CMAKE_PREFIX_PATH=/opt/ros/humble /usr/bin/cmake --install /root/ros2_ws/build/flir_camera_msgs
[1.175s] Level 1:colcon.colcon_core.environment:checking '/root/ros2_ws/install/flir_camera_msgs' for CMake config files
[1.175s] Level 1:colcon.colcon_core.shell:create_environment_hook('flir_camera_msgs', 'cmake_prefix_path')
[1.175s] INFO:colcon.colcon_core.shell:Creating environment hook '/root/ros2_ws/install/flir_camera_msgs/share/flir_camera_msgs/hook/cmake_prefix_path.ps1'
[1.176s] INFO:colcon.colcon_core.shell:Creating environment descriptor '/root/ros2_ws/install/flir_camera_msgs/share/flir_camera_msgs/hook/cmake_prefix_path.dsv'
[1.176s] INFO:colcon.colcon_core.shell:Creating environment hook '/root/ros2_ws/install/flir_camera_msgs/share/flir_camera_msgs/hook/cmake_prefix_path.sh'
[1.177s] Level 1:colcon.colcon_core.environment:checking '/root/ros2_ws/install/flir_camera_msgs/lib'
[1.177s] Level 1:colcon.colcon_core.shell:create_environment_hook('flir_camera_msgs', 'ld_library_path_lib')
[1.177s] INFO:colcon.colcon_core.shell:Creating environment hook '/root/ros2_ws/install/flir_camera_msgs/share/flir_camera_msgs/hook/ld_library_path_lib.ps1'
[1.178s] INFO:colcon.colcon_core.shell:Creating environment descriptor '/root/ros2_ws/install/flir_camera_msgs/share/flir_camera_msgs/hook/ld_library_path_lib.dsv'
[1.178s] INFO:colcon.colcon_core.shell:Creating environment hook '/root/ros2_ws/install/flir_camera_msgs/share/flir_camera_msgs/hook/ld_library_path_lib.sh'
[1.178s] Level 1:colcon.colcon_core.environment:checking '/root/ros2_ws/install/flir_camera_msgs/bin'
[1.178s] Level 1:colcon.colcon_core.environment:checking '/root/ros2_ws/install/flir_camera_msgs/lib/pkgconfig/flir_camera_msgs.pc'
[1.178s] Level 1:colcon.colcon_core.environment:checking '/root/ros2_ws/install/flir_camera_msgs/lib/python3.10/site-packages'
[1.179s] Level 1:colcon.colcon_core.environment:checking '/root/ros2_ws/install/flir_camera_msgs/bin'
[1.179s] INFO:colcon.colcon_core.shell:Creating package script '/root/ros2_ws/install/flir_camera_msgs/share/flir_camera_msgs/package.ps1'
[1.179s] INFO:colcon.colcon_core.shell:Creating package descriptor '/root/ros2_ws/install/flir_camera_msgs/share/flir_camera_msgs/package.dsv'
[1.180s] INFO:colcon.colcon_core.shell:Creating package script '/root/ros2_ws/install/flir_camera_msgs/share/flir_camera_msgs/package.sh'
[1.180s] INFO:colcon.colcon_core.shell:Creating package script '/root/ros2_ws/install/flir_camera_msgs/share/flir_camera_msgs/package.bash'
[1.180s] INFO:colcon.colcon_core.shell:Creating package script '/root/ros2_ws/install/flir_camera_msgs/share/flir_camera_msgs/package.zsh'
[1.181s] Level 1:colcon.colcon_core.environment:create_file_with_runtime_dependencies(/root/ros2_ws/install/flir_camera_msgs/share/colcon-core/packages/flir_camera_msgs)
[1.272s] Level 1:colcon.colcon_core.environment:create_environment_scripts_only(flir_camera_msgs)
[1.273s] Level 1:colcon.colcon_core.environment:checking '/root/ros2_ws/install/flir_camera_msgs' for CMake module files
[1.273s] Level 1:colcon.colcon_core.environment:checking '/root/ros2_ws/install/flir_camera_msgs' for CMake config files
[1.274s] Level 1:colcon.colcon_core.shell:create_environment_hook('flir_camera_msgs', 'cmake_prefix_path')
[1.274s] INFO:colcon.colcon_core.shell:Creating environment hook '/root/ros2_ws/install/flir_camera_msgs/share/flir_camera_msgs/hook/cmake_prefix_path.ps1'
[1.274s] INFO:colcon.colcon_core.shell:Creating environment descriptor '/root/ros2_ws/install/flir_camera_msgs/share/flir_camera_msgs/hook/cmake_prefix_path.dsv'
[1.275s] INFO:colcon.colcon_core.shell:Creating environment hook '/root/ros2_ws/install/flir_camera_msgs/share/flir_camera_msgs/hook/cmake_prefix_path.sh'
[1.275s] Level 1:colcon.colcon_core.environment:checking '/root/ros2_ws/install/flir_camera_msgs/lib'
[1.275s] Level 1:colcon.colcon_core.shell:create_environment_hook('flir_camera_msgs', 'ld_library_path_lib')
[1.275s] INFO:colcon.colcon_core.shell:Creating environment hook '/root/ros2_ws/install/flir_camera_msgs/share/flir_camera_msgs/hook/ld_library_path_lib.ps1'
[1.276s] INFO:colcon.colcon_core.shell:Creating environment descriptor '/root/ros2_ws/install/flir_camera_msgs/share/flir_camera_msgs/hook/ld_library_path_lib.dsv'
[1.276s] INFO:colcon.colcon_core.shell:Creating environment hook '/root/ros2_ws/install/flir_camera_msgs/share/flir_camera_msgs/hook/ld_library_path_lib.sh'
[1.277s] Level 1:colcon.colcon_core.environment:checking '/root/ros2_ws/install/flir_camera_msgs/bin'
[1.277s] Level 1:colcon.colcon_core.environment:checking '/root/ros2_ws/install/flir_camera_msgs/lib/pkgconfig/flir_camera_msgs.pc'
[1.277s] Level 1:colcon.colcon_core.environment:checking '/root/ros2_ws/install/flir_camera_msgs/lib/python3.10/site-packages'
[1.277s] Level 1:colcon.colcon_core.environment:checking '/root/ros2_ws/install/flir_camera_msgs/bin'
[1.277s] INFO:colcon.colcon_core.shell:Creating package script '/root/ros2_ws/install/flir_camera_msgs/share/flir_camera_msgs/package.ps1'
[1.278s] INFO:colcon.colcon_core.shell:Creating package descriptor '/root/ros2_ws/install/flir_camera_msgs/share/flir_camera_msgs/package.dsv'
[1.278s] INFO:colcon.colcon_core.shell:Creating package script '/root/ros2_ws/install/flir_camera_msgs/share/flir_camera_msgs/package.sh'
[1.279s] INFO:colcon.colcon_core.shell:Creating package script '/root/ros2_ws/install/flir_camera_msgs/share/flir_camera_msgs/package.bash'
[1.279s] INFO:colcon.colcon_core.shell:Creating package script '/root/ros2_ws/install/flir_camera_msgs/share/flir_camera_msgs/package.zsh'
[1.279s] Level 1:colcon.colcon_core.environment:create_file_with_runtime_dependencies(/root/ros2_ws/install/flir_camera_msgs/share/colcon-core/packages/flir_camera_msgs)
[1.280s] INFO:colcon.colcon_ros.task.ament_cmake.build:Building ROS package in '/root/ros2_ws/src/flir_camera_driver/spinnaker_camera_driver' with build type 'ament_cmake'
[1.280s] INFO:colcon.colcon_cmake.task.cmake.build:Building CMake package in '/root/ros2_ws/src/flir_camera_driver/spinnaker_camera_driver'
[1.280s] INFO:colcon.colcon_core.shell:Skip shell extension 'powershell' for command environment: Not usable outside of PowerShell
[1.280s] DEBUG:colcon.colcon_core.shell:Skip shell extension 'dsv' for command environment
[1.292s] DEBUG:colcon.colcon_core.event_handler.log_command:Invoking command in '/root/ros2_ws/build/spinnaker_camera_driver': AMENT_PREFIX_PATH=/root/ros2_ws/install/flir_camera_msgs:${AMENT_PREFIX_PATH} CMAKE_PREFIX_PATH=/root/ros2_ws/install/flir_camera_msgs:/opt/ros/humble LD_LIBRARY_PATH=/root/ros2_ws/install/flir_camera_msgs/lib:${LD_LIBRARY_PATH} PYTHONPATH=/root/ros2_ws/install/flir_camera_msgs/local/lib/python3.10/dist-packages:${PYTHONPATH} /usr/bin/cmake /root/ros2_ws/src/flir_camera_driver/spinnaker_camera_driver -DCMAKE_INSTALL_PREFIX=/root/ros2_ws/install/spinnaker_camera_driver
[2.008s] DEBUG:colcon.colcon_core.event_handler.log_command:Invoked command in '/root/ros2_ws/build/spinnaker_camera_driver' returned '1': AMENT_PREFIX_PATH=/root/ros2_ws/install/flir_camera_msgs:${AMENT_PREFIX_PATH} CMAKE_PREFIX_PATH=/root/ros2_ws/install/flir_camera_msgs:/opt/ros/humble LD_LIBRARY_PATH=/root/ros2_ws/install/flir_camera_msgs/lib:${LD_LIBRARY_PATH} PYTHONPATH=/root/ros2_ws/install/flir_camera_msgs/local/lib/python3.10/dist-packages:${PYTHONPATH} /usr/bin/cmake /root/ros2_ws/src/flir_camera_driver/spinnaker_camera_driver -DCMAKE_INSTALL_PREFIX=/root/ros2_ws/install/spinnaker_camera_driver
[2.022s] Level 1:colcon.colcon_core.environment:create_environment_scripts_only(spinnaker_camera_driver)
[2.023s] Level 1:colcon.colcon_core.environment:checking '/root/ros2_ws/install/spinnaker_camera_driver' for CMake module files
[2.023s] Level 1:colcon.colcon_core.environment:checking '/root/ros2_ws/install/spinnaker_camera_driver' for CMake config files
[2.023s] Level 1:colcon.colcon_core.environment:checking '/root/ros2_ws/install/spinnaker_camera_driver/bin'
[2.023s] Level 1:colcon.colcon_core.environment:checking '/root/ros2_ws/install/spinnaker_camera_driver/lib/pkgconfig/spinnaker_camera_driver.pc'
[2.024s] Level 1:colcon.colcon_core.environment:checking '/root/ros2_ws/install/spinnaker_camera_driver/lib/python3.10/site-packages'
[2.024s] Level 1:colcon.colcon_core.environment:checking '/root/ros2_ws/install/spinnaker_camera_driver/bin'
[2.024s] INFO:colcon.colcon_core.shell:Creating package script '/root/ros2_ws/install/spinnaker_camera_driver/share/spinnaker_camera_driver/package.ps1'
[2.024s] INFO:colcon.colcon_core.shell:Creating package descriptor '/root/ros2_ws/install/spinnaker_camera_driver/share/spinnaker_camera_driver/package.dsv'
[2.025s] INFO:colcon.colcon_core.shell:Creating package script '/root/ros2_ws/install/spinnaker_camera_driver/share/spinnaker_camera_driver/package.sh'
[2.025s] INFO:colcon.colcon_core.shell:Creating package script '/root/ros2_ws/install/spinnaker_camera_driver/share/spinnaker_camera_driver/package.bash'
[2.025s] INFO:colcon.colcon_core.shell:Creating package script '/root/ros2_ws/install/spinnaker_camera_driver/share/spinnaker_camera_driver/package.zsh'
[2.026s] Level 1:colcon.colcon_core.environment:create_file_with_runtime_dependencies(/root/ros2_ws/install/spinnaker_camera_driver/share/colcon-core/packages/spinnaker_camera_driver)
[2.036s] DEBUG:colcon.colcon_parallel_executor.executor.parallel:closing loop
[2.036s] DEBUG:colcon.colcon_parallel_executor.executor.parallel:loop closed
[2.036s] DEBUG:colcon.colcon_parallel_executor.executor.parallel:run_until_complete finished with '1'
[2.036s] DEBUG:colcon.colcon_core.event_reactor:joining thread
[2.045s] INFO:colcon.colcon_core.plugin_system:Skipping extension 'colcon_notification.desktop_notification.notify_send': Could not find 'notify-send'
[2.045s] INFO:colcon.colcon_core.plugin_system:Skipping extension 'colcon_notification.desktop_notification.terminal_notifier': Not used on non-Darwin systems
[2.045s] INFO:colcon.colcon_core.plugin_system:Skipping extension 'colcon_notification.desktop_notification.win32': Not used on non-Windows systems
[2.045s] INFO:colcon.colcon_notification.desktop_notification:Sending desktop notification using 'notify2'
[2.066s] DEBUG:colcon.colcon_notification.desktop_notification.notify2:Failed to initialize notify2: org.freedesktop.DBus.Error.ServiceUnknown: The name org.freedesktop.Notifications was not provided by any .service files
[2.066s] DEBUG:colcon.colcon_core.event_reactor:joined thread
[2.067s] INFO:colcon.colcon_core.shell:Creating prefix script '/root/ros2_ws/install/local_setup.ps1'
[2.069s] INFO:colcon.colcon_core.shell:Creating prefix util module '/root/ros2_ws/install/_local_setup_util_ps1.py'
[2.071s] INFO:colcon.colcon_core.shell:Creating prefix chain script '/root/ros2_ws/install/setup.ps1'
[2.072s] INFO:colcon.colcon_core.shell:Creating prefix script '/root/ros2_ws/install/local_setup.sh'
[2.073s] INFO:colcon.colcon_core.shell:Creating prefix util module '/root/ros2_ws/install/_local_setup_util_sh.py'
[2.074s] INFO:colcon.colcon_core.shell:Creating prefix chain script '/root/ros2_ws/install/setup.sh'
[2.075s] INFO:colcon.colcon_core.shell:Creating prefix script '/root/ros2_ws/install/local_setup.bash'
[2.075s] INFO:colcon.colcon_core.shell:Creating prefix chain script '/root/ros2_ws/install/setup.bash'
[2.076s] INFO:colcon.colcon_core.shell:Creating prefix script '/root/ros2_ws/install/local_setup.zsh'
[2.077s] INFO:colcon.colcon_core.shell:Creating prefix chain script '/root/ros2_ws/install/setup.zsh'
