[0.020s] Invoking command in '/root/ros2_ws/build/flir_camera_msgs': CMAKE_PREFIX_PATH=/opt/ros/humble /usr/bin/cmake --build /root/ros2_ws/build/flir_camera_msgs -- -j8 -l8
[0.134s] [  2%] Built target flir_camera_msgs__cpp
[0.142s] [ 12%] Built target flir_camera_msgs__rosidl_generator_c
[0.153s] [ 12%] Built target ament_cmake_python_symlink_flir_camera_msgs
[0.189s] [ 23%] Built target flir_camera_msgs__rosidl_typesupport_cpp
[0.189s] [ 43%] Built target flir_camera_msgs__rosidl_typesupport_c
[0.191s] [ 43%] Built target flir_camera_msgs__rosidl_typesupport_fastrtps_cpp
[0.192s] [ 53%] Built target flir_camera_msgs__rosidl_typesupport_introspection_cpp
[0.192s] [ 74%] Built target flir_camera_msgs__rosidl_typesupport_fastrtps_c
[0.192s] [ 74%] Built target flir_camera_msgs__rosidl_typesupport_introspection_c
[0.227s] [ 74%] Built target flir_camera_msgs
[0.261s] [ 76%] Built target flir_camera_msgs__py
[0.301s] [ 84%] Built target flir_camera_msgs__rosidl_generator_py
[0.338s] [ 89%] Built target flir_camera_msgs__rosidl_typesupport_c__pyext
[0.340s] [100%] Built target flir_camera_msgs__rosidl_typesupport_fastrtps_c__pyext
[0.340s] [100%] Built target flir_camera_msgs__rosidl_typesupport_introspection_c__pyext
[0.470s] running egg_info
[0.470s] writing flir_camera_msgs.egg-info/PKG-INFO
[0.471s] writing dependency_links to flir_camera_msgs.egg-info/dependency_links.txt
[0.471s] writing top-level names to flir_camera_msgs.egg-info/top_level.txt
[0.474s] reading manifest file 'flir_camera_msgs.egg-info/SOURCES.txt'
[0.475s] writing manifest file 'flir_camera_msgs.egg-info/SOURCES.txt'
[0.509s] [100%] Built target ament_cmake_python_build_flir_camera_msgs_egg
[0.524s] Invoked command in '/root/ros2_ws/build/flir_camera_msgs' returned '0': CMAKE_PREFIX_PATH=/opt/ros/humble /usr/bin/cmake --build /root/ros2_ws/build/flir_camera_msgs -- -j8 -l8
[0.623s] Invoking command in '/root/ros2_ws/build/flir_camera_msgs': CMAKE_PREFIX_PATH=/opt/ros/humble /usr/bin/cmake --install /root/ros2_ws/build/flir_camera_msgs
[0.638s] -- Install configuration: "RelWithDebInfo"
[0.638s] -- Execute custom install script
[0.639s] -- Up-to-date symlink: /root/ros2_ws/install/flir_camera_msgs/share/ament_index/resource_index/rosidl_interfaces/flir_camera_msgs
[0.639s] -- Up-to-date symlink: /root/ros2_ws/install/flir_camera_msgs/include/flir_camera_msgs/flir_camera_msgs/msg/camera_control.h
[0.639s] -- Up-to-date symlink: /root/ros2_ws/install/flir_camera_msgs/include/flir_camera_msgs/flir_camera_msgs/msg/detail/camera_control__functions.h
[0.640s] -- Up-to-date symlink: /root/ros2_ws/install/flir_camera_msgs/include/flir_camera_msgs/flir_camera_msgs/msg/detail/camera_control__struct.h
[0.640s] -- Up-to-date symlink: /root/ros2_ws/install/flir_camera_msgs/include/flir_camera_msgs/flir_camera_msgs/msg/detail/camera_control__type_support.h
[0.640s] -- Up-to-date symlink: /root/ros2_ws/install/flir_camera_msgs/include/flir_camera_msgs/flir_camera_msgs/msg/detail/image_meta_data__functions.h
[0.640s] -- Up-to-date symlink: /root/ros2_ws/install/flir_camera_msgs/include/flir_camera_msgs/flir_camera_msgs/msg/detail/image_meta_data__struct.h
[0.640s] -- Up-to-date symlink: /root/ros2_ws/install/flir_camera_msgs/include/flir_camera_msgs/flir_camera_msgs/msg/detail/image_meta_data__type_support.h
[0.640s] -- Up-to-date symlink: /root/ros2_ws/install/flir_camera_msgs/include/flir_camera_msgs/flir_camera_msgs/msg/image_meta_data.h
[0.640s] -- Up-to-date symlink: /root/ros2_ws/install/flir_camera_msgs/include/flir_camera_msgs/flir_camera_msgs/msg/rosidl_generator_c__visibility_control.h
[0.640s] -- Up-to-date symlink: /root/ros2_ws/install/flir_camera_msgs/share/flir_camera_msgs/environment/library_path.sh
[0.641s] -- Up-to-date symlink: /root/ros2_ws/install/flir_camera_msgs/share/flir_camera_msgs/environment/library_path.dsv
[0.641s] -- Up-to-date symlink: /root/ros2_ws/install/flir_camera_msgs/include/flir_camera_msgs/flir_camera_msgs/msg/detail/camera_control__rosidl_typesupport_fastrtps_c.h
[0.641s] -- Up-to-date symlink: /root/ros2_ws/install/flir_camera_msgs/include/flir_camera_msgs/flir_camera_msgs/msg/detail/image_meta_data__rosidl_typesupport_fastrtps_c.h
[0.641s] -- Up-to-date symlink: /root/ros2_ws/install/flir_camera_msgs/include/flir_camera_msgs/flir_camera_msgs/msg/rosidl_typesupport_fastrtps_c__visibility_control.h
[0.642s] -- Up-to-date symlink: /root/ros2_ws/install/flir_camera_msgs/include/flir_camera_msgs/flir_camera_msgs/msg/camera_control.hpp
[0.642s] -- Up-to-date symlink: /root/ros2_ws/install/flir_camera_msgs/include/flir_camera_msgs/flir_camera_msgs/msg/detail/camera_control__builder.hpp
[0.642s] -- Up-to-date symlink: /root/ros2_ws/install/flir_camera_msgs/include/flir_camera_msgs/flir_camera_msgs/msg/detail/camera_control__struct.hpp
[0.642s] -- Up-to-date symlink: /root/ros2_ws/install/flir_camera_msgs/include/flir_camera_msgs/flir_camera_msgs/msg/detail/camera_control__traits.hpp
[0.642s] -- Up-to-date symlink: /root/ros2_ws/install/flir_camera_msgs/include/flir_camera_msgs/flir_camera_msgs/msg/detail/image_meta_data__builder.hpp
[0.642s] -- Up-to-date symlink: /root/ros2_ws/install/flir_camera_msgs/include/flir_camera_msgs/flir_camera_msgs/msg/detail/image_meta_data__struct.hpp
[0.642s] -- Up-to-date symlink: /root/ros2_ws/install/flir_camera_msgs/include/flir_camera_msgs/flir_camera_msgs/msg/detail/image_meta_data__traits.hpp
[0.642s] -- Up-to-date symlink: /root/ros2_ws/install/flir_camera_msgs/include/flir_camera_msgs/flir_camera_msgs/msg/image_meta_data.hpp
[0.643s] -- Up-to-date symlink: /root/ros2_ws/install/flir_camera_msgs/include/flir_camera_msgs/flir_camera_msgs/msg/detail/camera_control__rosidl_typesupport_fastrtps_cpp.hpp
[0.643s] -- Up-to-date symlink: /root/ros2_ws/install/flir_camera_msgs/include/flir_camera_msgs/flir_camera_msgs/msg/detail/image_meta_data__rosidl_typesupport_fastrtps_cpp.hpp
[0.643s] -- Up-to-date symlink: /root/ros2_ws/install/flir_camera_msgs/include/flir_camera_msgs/flir_camera_msgs/msg/rosidl_typesupport_fastrtps_cpp__visibility_control.h
[0.643s] -- Up-to-date symlink: /root/ros2_ws/install/flir_camera_msgs/include/flir_camera_msgs/flir_camera_msgs/msg/detail/camera_control__rosidl_typesupport_introspection_c.h
[0.644s] -- Up-to-date symlink: /root/ros2_ws/install/flir_camera_msgs/include/flir_camera_msgs/flir_camera_msgs/msg/detail/image_meta_data__rosidl_typesupport_introspection_c.h
[0.644s] -- Up-to-date symlink: /root/ros2_ws/install/flir_camera_msgs/include/flir_camera_msgs/flir_camera_msgs/msg/rosidl_typesupport_introspection_c__visibility_control.h
[0.644s] -- Up-to-date symlink: /root/ros2_ws/install/flir_camera_msgs/include/flir_camera_msgs/flir_camera_msgs/msg/detail/camera_control__rosidl_typesupport_introspection_cpp.hpp
[0.644s] -- Up-to-date symlink: /root/ros2_ws/install/flir_camera_msgs/include/flir_camera_msgs/flir_camera_msgs/msg/detail/image_meta_data__rosidl_typesupport_introspection_cpp.hpp
[0.644s] -- Up-to-date symlink: /root/ros2_ws/install/flir_camera_msgs/share/flir_camera_msgs/environment/pythonpath.sh
[0.644s] -- Up-to-date symlink: /root/ros2_ws/install/flir_camera_msgs/share/flir_camera_msgs/environment/pythonpath.dsv
[0.645s] -- Up-to-date symlink: /root/ros2_ws/install/flir_camera_msgs/local/lib/python3.10/dist-packages/flir_camera_msgs-2.0.8-py3.10.egg-info/PKG-INFO
[0.645s] -- Up-to-date symlink: /root/ros2_ws/install/flir_camera_msgs/local/lib/python3.10/dist-packages/flir_camera_msgs-2.0.8-py3.10.egg-info/SOURCES.txt
[0.645s] -- Up-to-date symlink: /root/ros2_ws/install/flir_camera_msgs/local/lib/python3.10/dist-packages/flir_camera_msgs-2.0.8-py3.10.egg-info/dependency_links.txt
[0.645s] -- Up-to-date symlink: /root/ros2_ws/install/flir_camera_msgs/local/lib/python3.10/dist-packages/flir_camera_msgs-2.0.8-py3.10.egg-info/top_level.txt
[0.646s] -- Up-to-date symlink: /root/ros2_ws/install/flir_camera_msgs/local/lib/python3.10/dist-packages/flir_camera_msgs/__init__.py
[0.646s] -- Up-to-date symlink: /root/ros2_ws/install/flir_camera_msgs/local/lib/python3.10/dist-packages/flir_camera_msgs/_flir_camera_msgs_s.ep.rosidl_typesupport_c.c
[0.646s] -- Up-to-date symlink: /root/ros2_ws/install/flir_camera_msgs/local/lib/python3.10/dist-packages/flir_camera_msgs/_flir_camera_msgs_s.ep.rosidl_typesupport_fastrtps_c.c
[0.646s] -- Up-to-date symlink: /root/ros2_ws/install/flir_camera_msgs/local/lib/python3.10/dist-packages/flir_camera_msgs/_flir_camera_msgs_s.ep.rosidl_typesupport_introspection_c.c
[0.646s] -- Up-to-date symlink: /root/ros2_ws/install/flir_camera_msgs/local/lib/python3.10/dist-packages/flir_camera_msgs/flir_camera_msgs_s__rosidl_typesupport_c.cpython-310-x86_64-linux-gnu.so
[0.646s] -- Up-to-date symlink: /root/ros2_ws/install/flir_camera_msgs/local/lib/python3.10/dist-packages/flir_camera_msgs/flir_camera_msgs_s__rosidl_typesupport_fastrtps_c.cpython-310-x86_64-linux-gnu.so
[0.646s] -- Up-to-date symlink: /root/ros2_ws/install/flir_camera_msgs/local/lib/python3.10/dist-packages/flir_camera_msgs/flir_camera_msgs_s__rosidl_typesupport_introspection_c.cpython-310-x86_64-linux-gnu.so
[0.646s] -- Up-to-date symlink: /root/ros2_ws/install/flir_camera_msgs/local/lib/python3.10/dist-packages/flir_camera_msgs/libflir_camera_msgs__rosidl_generator_py.so
[0.647s] -- Up-to-date symlink: /root/ros2_ws/install/flir_camera_msgs/local/lib/python3.10/dist-packages/flir_camera_msgs/msg/__init__.py
[0.647s] -- Up-to-date symlink: /root/ros2_ws/install/flir_camera_msgs/local/lib/python3.10/dist-packages/flir_camera_msgs/msg/_camera_control.py
[0.647s] -- Up-to-date symlink: /root/ros2_ws/install/flir_camera_msgs/local/lib/python3.10/dist-packages/flir_camera_msgs/msg/_camera_control_s.c
[0.647s] -- Up-to-date symlink: /root/ros2_ws/install/flir_camera_msgs/local/lib/python3.10/dist-packages/flir_camera_msgs/msg/_image_meta_data.py
[0.647s] -- Up-to-date symlink: /root/ros2_ws/install/flir_camera_msgs/local/lib/python3.10/dist-packages/flir_camera_msgs/msg/_image_meta_data_s.c
[0.647s] -- Up-to-date symlink: /root/ros2_ws/install/flir_camera_msgs/local/lib/python3.10/dist-packages/flir_camera_msgs/flir_camera_msgs_s__rosidl_typesupport_fastrtps_c.cpython-310-x86_64-linux-gnu.so
[0.648s] -- Up-to-date symlink: /root/ros2_ws/install/flir_camera_msgs/local/lib/python3.10/dist-packages/flir_camera_msgs/flir_camera_msgs_s__rosidl_typesupport_introspection_c.cpython-310-x86_64-linux-gnu.so
[0.648s] -- Up-to-date symlink: /root/ros2_ws/install/flir_camera_msgs/local/lib/python3.10/dist-packages/flir_camera_msgs/flir_camera_msgs_s__rosidl_typesupport_c.cpython-310-x86_64-linux-gnu.so
[0.648s] -- Up-to-date symlink: /root/ros2_ws/install/flir_camera_msgs/share/flir_camera_msgs/msg/ImageMetaData.idl
[0.648s] -- Up-to-date symlink: /root/ros2_ws/install/flir_camera_msgs/share/flir_camera_msgs/msg/CameraControl.idl
[0.648s] -- Up-to-date symlink: /root/ros2_ws/install/flir_camera_msgs/share/flir_camera_msgs/msg/ImageMetaData.msg
[0.649s] -- Up-to-date symlink: /root/ros2_ws/install/flir_camera_msgs/share/flir_camera_msgs/msg/CameraControl.msg
[0.649s] -- Up-to-date symlink: /root/ros2_ws/install/flir_camera_msgs/share/ament_index/resource_index/package_run_dependencies/flir_camera_msgs
[0.649s] -- Up-to-date symlink: /root/ros2_ws/install/flir_camera_msgs/share/ament_index/resource_index/parent_prefix_path/flir_camera_msgs
[0.649s] -- Up-to-date symlink: /root/ros2_ws/install/flir_camera_msgs/share/flir_camera_msgs/environment/ament_prefix_path.sh
[0.649s] -- Up-to-date symlink: /root/ros2_ws/install/flir_camera_msgs/share/flir_camera_msgs/environment/ament_prefix_path.dsv
[0.649s] -- Up-to-date symlink: /root/ros2_ws/install/flir_camera_msgs/share/flir_camera_msgs/environment/path.sh
[0.650s] -- Up-to-date symlink: /root/ros2_ws/install/flir_camera_msgs/share/flir_camera_msgs/environment/path.dsv
[0.650s] -- Up-to-date symlink: /root/ros2_ws/install/flir_camera_msgs/share/flir_camera_msgs/local_setup.bash
[0.650s] -- Up-to-date symlink: /root/ros2_ws/install/flir_camera_msgs/share/flir_camera_msgs/local_setup.sh
[0.650s] -- Up-to-date symlink: /root/ros2_ws/install/flir_camera_msgs/share/flir_camera_msgs/local_setup.zsh
[0.650s] -- Up-to-date symlink: /root/ros2_ws/install/flir_camera_msgs/share/flir_camera_msgs/local_setup.dsv
[0.650s] -- Symlinking: /root/ros2_ws/install/flir_camera_msgs/share/flir_camera_msgs/package.dsv
[0.661s] -- Up-to-date symlink: /root/ros2_ws/install/flir_camera_msgs/share/ament_index/resource_index/packages/flir_camera_msgs
[0.661s] -- Up-to-date symlink: /root/ros2_ws/install/flir_camera_msgs/share/flir_camera_msgs/cmake/rosidl_cmake-extras.cmake
[0.661s] -- Up-to-date symlink: /root/ros2_ws/install/flir_camera_msgs/share/flir_camera_msgs/cmake/ament_cmake_export_dependencies-extras.cmake
[0.661s] -- Up-to-date symlink: /root/ros2_ws/install/flir_camera_msgs/share/flir_camera_msgs/cmake/ament_cmake_export_include_directories-extras.cmake
[0.662s] -- Up-to-date symlink: /root/ros2_ws/install/flir_camera_msgs/share/flir_camera_msgs/cmake/ament_cmake_export_libraries-extras.cmake
[0.662s] -- Up-to-date symlink: /root/ros2_ws/install/flir_camera_msgs/share/flir_camera_msgs/cmake/ament_cmake_export_targets-extras.cmake
[0.662s] -- Up-to-date symlink: /root/ros2_ws/install/flir_camera_msgs/share/flir_camera_msgs/cmake/rosidl_cmake_export_typesupport_targets-extras.cmake
[0.662s] -- Up-to-date symlink: /root/ros2_ws/install/flir_camera_msgs/share/flir_camera_msgs/cmake/rosidl_cmake_export_typesupport_libraries-extras.cmake
[0.662s] -- Up-to-date symlink: /root/ros2_ws/install/flir_camera_msgs/share/flir_camera_msgs/cmake/flir_camera_msgsConfig.cmake
[0.662s] -- Up-to-date symlink: /root/ros2_ws/install/flir_camera_msgs/share/flir_camera_msgs/cmake/flir_camera_msgsConfig-version.cmake
[0.662s] -- Up-to-date symlink: /root/ros2_ws/install/flir_camera_msgs/share/flir_camera_msgs/package.xml
[0.663s] -- Up-to-date: /root/ros2_ws/install/flir_camera_msgs/lib/libflir_camera_msgs__rosidl_generator_c.so
[0.664s] -- Up-to-date: /root/ros2_ws/install/flir_camera_msgs/lib/libflir_camera_msgs__rosidl_typesupport_fastrtps_c.so
[0.665s] -- Up-to-date: /root/ros2_ws/install/flir_camera_msgs/lib/libflir_camera_msgs__rosidl_typesupport_fastrtps_cpp.so
[0.665s] -- Up-to-date: /root/ros2_ws/install/flir_camera_msgs/lib/libflir_camera_msgs__rosidl_typesupport_introspection_c.so
[0.665s] -- Up-to-date: /root/ros2_ws/install/flir_camera_msgs/lib/libflir_camera_msgs__rosidl_typesupport_c.so
[0.666s] -- Up-to-date: /root/ros2_ws/install/flir_camera_msgs/lib/libflir_camera_msgs__rosidl_typesupport_introspection_cpp.so
[0.667s] -- Up-to-date: /root/ros2_ws/install/flir_camera_msgs/lib/libflir_camera_msgs__rosidl_typesupport_cpp.so
[0.695s] Listing '/root/ros2_ws/install/flir_camera_msgs/local/lib/python3.10/dist-packages/flir_camera_msgs'...
[0.695s] Listing '/root/ros2_ws/install/flir_camera_msgs/local/lib/python3.10/dist-packages/flir_camera_msgs/msg'...
[0.700s] -- Up-to-date: /root/ros2_ws/install/flir_camera_msgs/lib/libflir_camera_msgs__rosidl_generator_py.so
[0.700s] -- Up-to-date: /root/ros2_ws/install/flir_camera_msgs/share/flir_camera_msgs/cmake/export_flir_camera_msgs__rosidl_generator_cExport.cmake
[0.700s] -- Up-to-date: /root/ros2_ws/install/flir_camera_msgs/share/flir_camera_msgs/cmake/export_flir_camera_msgs__rosidl_generator_cExport-relwithdebinfo.cmake
[0.700s] -- Up-to-date: /root/ros2_ws/install/flir_camera_msgs/share/flir_camera_msgs/cmake/export_flir_camera_msgs__rosidl_typesupport_fastrtps_cExport.cmake
[0.701s] -- Up-to-date: /root/ros2_ws/install/flir_camera_msgs/share/flir_camera_msgs/cmake/export_flir_camera_msgs__rosidl_typesupport_fastrtps_cExport-relwithdebinfo.cmake
[0.701s] -- Up-to-date: /root/ros2_ws/install/flir_camera_msgs/share/flir_camera_msgs/cmake/export_flir_camera_msgs__rosidl_generator_cppExport.cmake
[0.701s] -- Up-to-date: /root/ros2_ws/install/flir_camera_msgs/share/flir_camera_msgs/cmake/export_flir_camera_msgs__rosidl_typesupport_fastrtps_cppExport.cmake
[0.701s] -- Up-to-date: /root/ros2_ws/install/flir_camera_msgs/share/flir_camera_msgs/cmake/export_flir_camera_msgs__rosidl_typesupport_fastrtps_cppExport-relwithdebinfo.cmake
[0.701s] -- Up-to-date: /root/ros2_ws/install/flir_camera_msgs/share/flir_camera_msgs/cmake/flir_camera_msgs__rosidl_typesupport_introspection_cExport.cmake
[0.701s] -- Up-to-date: /root/ros2_ws/install/flir_camera_msgs/share/flir_camera_msgs/cmake/flir_camera_msgs__rosidl_typesupport_introspection_cExport-relwithdebinfo.cmake
[0.702s] -- Up-to-date: /root/ros2_ws/install/flir_camera_msgs/share/flir_camera_msgs/cmake/flir_camera_msgs__rosidl_typesupport_cExport.cmake
[0.702s] -- Up-to-date: /root/ros2_ws/install/flir_camera_msgs/share/flir_camera_msgs/cmake/flir_camera_msgs__rosidl_typesupport_cExport-relwithdebinfo.cmake
[0.702s] -- Up-to-date: /root/ros2_ws/install/flir_camera_msgs/share/flir_camera_msgs/cmake/flir_camera_msgs__rosidl_typesupport_introspection_cppExport.cmake
[0.702s] -- Up-to-date: /root/ros2_ws/install/flir_camera_msgs/share/flir_camera_msgs/cmake/flir_camera_msgs__rosidl_typesupport_introspection_cppExport-relwithdebinfo.cmake
[0.702s] -- Up-to-date: /root/ros2_ws/install/flir_camera_msgs/share/flir_camera_msgs/cmake/flir_camera_msgs__rosidl_typesupport_cppExport.cmake
[0.702s] -- Up-to-date: /root/ros2_ws/install/flir_camera_msgs/share/flir_camera_msgs/cmake/flir_camera_msgs__rosidl_typesupport_cppExport-relwithdebinfo.cmake
[0.703s] -- Up-to-date: /root/ros2_ws/install/flir_camera_msgs/share/flir_camera_msgs/cmake/export_flir_camera_msgs__rosidl_generator_pyExport.cmake
[0.703s] -- Up-to-date: /root/ros2_ws/install/flir_camera_msgs/share/flir_camera_msgs/cmake/export_flir_camera_msgs__rosidl_generator_pyExport-relwithdebinfo.cmake
[0.706s] Invoked command in '/root/ros2_ws/build/flir_camera_msgs' returned '0': CMAKE_PREFIX_PATH=/opt/ros/humble /usr/bin/cmake --install /root/ros2_ws/build/flir_camera_msgs
