[0.011s] Invoking command in '/root/ros2_ws/build/orbbec_camera': AMENT_PREFIX_PATH=/root/ros2_ws/install/orbbec_camera_msgs:${AMENT_PREFIX_PATH} CMAKE_PREFIX_PATH=/root/ros2_ws/install/orbbec_camera_msgs:/opt/ros/humble LD_LIBRARY_PATH=/root/ros2_ws/install/orbbec_camera_msgs/lib:${LD_LIBRARY_PATH} PYTHONPATH=/root/ros2_ws/install/orbbec_camera_msgs/local/lib/python3.10/dist-packages:${PYTHONPATH} /usr/bin/cmake /root/ros2_ws/src/OrbbecSDK_ROS2/orbbec_camera -DCMAKE_BUILD_TYPE=Release -DCMAKE_INSTALL_PREFIX=/root/ros2_ws/install/orbbec_camera
[0.079s] -- The C compiler identification is GNU 11.4.0
[0.147s] -- The CXX compiler identification is GNU 11.4.0
[0.154s] -- Detecting C compiler ABI info
[0.240s] -- Detecting C compiler ABI info - done
[0.250s] -- Check for working C compiler: /usr/bin/cc - skipped
[0.250s] -- Detecting C compile features
[0.251s] -- Detecting C compile features - done
[0.254s] -- Detecting CXX compiler ABI info
[0.353s] -- Detecting CXX compiler ABI info - done
[0.363s] -- Check for working CXX compiler: /usr/bin/c++ - skipped
[0.363s] -- Detecting CXX compile features
[0.364s] -- Detecting CXX compile features - done
[0.368s] -- Found ament_cmake: 1.3.10 (/opt/ros/humble/share/ament_cmake/cmake)
[0.530s] -- Found Python3: /usr/bin/python3 (found version "3.10.12") found components: Interpreter 
[0.635s] -- Found ament_index_cpp: 1.4.0 (/opt/ros/humble/share/ament_index_cpp/cmake)
[0.650s] -- Found builtin_interfaces: 1.2.1 (/opt/ros/humble/share/builtin_interfaces/cmake)
[0.690s] -- Found rosidl_generator_c: 3.1.5 (/opt/ros/humble/share/rosidl_generator_c/cmake)
[0.696s] -- Found rosidl_adapter: 3.1.5 (/opt/ros/humble/share/rosidl_adapter/cmake)
[0.706s] -- Found rosidl_generator_cpp: 3.1.5 (/opt/ros/humble/share/rosidl_generator_cpp/cmake)
[0.720s] -- Using all available rosidl_typesupport_c: rosidl_typesupport_fastrtps_c;rosidl_typesupport_introspection_c
[0.738s] -- Using all available rosidl_typesupport_cpp: rosidl_typesupport_fastrtps_cpp;rosidl_typesupport_introspection_cpp
[0.757s] -- Found cv_bridge: 3.2.1 (/opt/ros/humble/share/cv_bridge/cmake)
[0.825s] -- Found camera_info_manager: 3.1.9 (/opt/ros/humble/share/camera_info_manager/cmake)
[0.886s] -- Found rmw_implementation_cmake: 6.1.2 (/opt/ros/humble/share/rmw_implementation_cmake/cmake)
[0.891s] -- Found rmw_fastrtps_cpp: 6.2.7 (/opt/ros/humble/share/rmw_fastrtps_cpp/cmake)
[1.025s] -- Found OpenSSL: /usr/lib/x86_64-linux-gnu/libcrypto.so (found version "3.0.2")  
[1.062s] -- Found FastRTPS: /opt/ros/humble/include  
[1.117s] -- Using RMW implementation 'rmw_fastrtps_cpp' as default
[1.134s] -- Looking for pthread.h
[1.221s] -- Looking for pthread.h - found
[1.222s] -- Performing Test CMAKE_HAVE_LIBC_PTHREAD
[1.314s] -- Performing Test CMAKE_HAVE_LIBC_PTHREAD - Success
[1.315s] -- Found Threads: TRUE  
[1.377s] -- Found image_transport: 3.1.9 (/opt/ros/humble/share/image_transport/cmake)
[1.428s] -- Found image_publisher: 3.0.6 (/opt/ros/humble/share/image_publisher/cmake)
[1.463s] -- Found OpenCV: /usr (found version "4.5.4") 
[1.464s] -- Found orbbec_camera_msgs: 1.2.2 (/root/ros2_ws/install/orbbec_camera_msgs/share/orbbec_camera_msgs/cmake)
[1.483s] -- Found std_srvs: 4.2.4 (/opt/ros/humble/share/std_srvs/cmake)
[1.498s] -- Found tf2: 0.25.8 (/opt/ros/humble/share/tf2/cmake)
[1.506s] -- Found tf2_eigen: 0.25.8 (/opt/ros/humble/share/tf2_eigen/cmake)
[1.593s] -- Found tf2_sensor_msgs: 0.25.8 (/opt/ros/humble/share/tf2_sensor_msgs/cmake)
[1.603s] -- Found diagnostic_updater: 4.0.0 (/opt/ros/humble/share/diagnostic_updater/cmake)
[1.636s] -- Found PkgConfig: /usr/bin/pkg-config (found version "0.29.2") 
[1.644s] -- ORRBEC Machine : x86_64
[1.644s] 
[1.644s] -- ORRBEC Machine Bits : 64
[1.644s] 
[1.718s] -- Found ament_lint_auto: 0.12.11 (/opt/ros/humble/share/ament_lint_auto/cmake)
[1.792s] -- Configuring done
[1.968s] -- Generating done
[1.970s] -- Build files have been written to: /root/ros2_ws/build/orbbec_camera
[1.986s] Invoked command in '/root/ros2_ws/build/orbbec_camera' returned '0': AMENT_PREFIX_PATH=/root/ros2_ws/install/orbbec_camera_msgs:${AMENT_PREFIX_PATH} CMAKE_PREFIX_PATH=/root/ros2_ws/install/orbbec_camera_msgs:/opt/ros/humble LD_LIBRARY_PATH=/root/ros2_ws/install/orbbec_camera_msgs/lib:${LD_LIBRARY_PATH} PYTHONPATH=/root/ros2_ws/install/orbbec_camera_msgs/local/lib/python3.10/dist-packages:${PYTHONPATH} /usr/bin/cmake /root/ros2_ws/src/OrbbecSDK_ROS2/orbbec_camera -DCMAKE_BUILD_TYPE=Release -DCMAKE_INSTALL_PREFIX=/root/ros2_ws/install/orbbec_camera
[1.987s] Invoking command in '/root/ros2_ws/build/orbbec_camera': AMENT_PREFIX_PATH=/root/ros2_ws/install/orbbec_camera_msgs:${AMENT_PREFIX_PATH} CMAKE_PREFIX_PATH=/root/ros2_ws/install/orbbec_camera_msgs:/opt/ros/humble LD_LIBRARY_PATH=/root/ros2_ws/install/orbbec_camera_msgs/lib:${LD_LIBRARY_PATH} PYTHONPATH=/root/ros2_ws/install/orbbec_camera_msgs/local/lib/python3.10/dist-packages:${PYTHONPATH} /usr/bin/cmake --build /root/ros2_ws/build/orbbec_camera -- -j8 -l8
[2.061s] [ 20%] [32mBuilding CXX object CMakeFiles/orbbec_camera_node.dir/rclcpp_components/node_main_orbbec_camera_node.cpp.o[0m
[2.061s] [ 20%] [32mBuilding CXX object CMakeFiles/frame_latency.dir/tools/frame_latency.cpp.o[0m
[2.061s] [ 20%] [32mBuilding CXX object CMakeFiles/orbbec_camera.dir/src/d2c_viewer.cpp.o[0m
[2.062s] [ 20%] [32mBuilding CXX object CMakeFiles/frame_latency_node.dir/rclcpp_components/node_main_frame_latency_node.cpp.o[0m
[2.062s] [ 32%] [32mBuilding CXX object CMakeFiles/orbbec_camera.dir/src/ob_camera_node_driver.cpp.o[0m
[2.062s] [ 32%] [32mBuilding CXX object CMakeFiles/orbbec_camera.dir/src/dynamic_params.cpp.o[0m
[2.062s] [ 32%] [32mBuilding CXX object CMakeFiles/orbbec_camera.dir/src/image_publisher.cpp.o[0m
[2.062s] [ 32%] [32mBuilding CXX object CMakeFiles/orbbec_camera.dir/src/ob_camera_node.cpp.o[0m
[9.390s] [ 36%] [32m[1mLinking CXX executable frame_latency_node[0m
[9.432s] [ 40%] [32m[1mLinking CXX executable orbbec_camera_node[0m
[9.790s] [ 40%] Built target orbbec_camera_node
[9.804s] [ 40%] Built target frame_latency_node
[9.809s] [ 44%] [32mBuilding CXX object CMakeFiles/orbbec_camera.dir/src/ros_param_backend.cpp.o[0m
[9.825s] [ 48%] [32mBuilding CXX object CMakeFiles/orbbec_camera.dir/src/ros_service.cpp.o[0m
[11.085s] [ 52%] [32mBuilding CXX object CMakeFiles/orbbec_camera.dir/src/synced_imu_publisher.cpp.o[0m
[12.829s] [ 56%] [32mBuilding CXX object CMakeFiles/orbbec_camera.dir/src/utils.cpp.o[0m
[15.751s] [ 60%] [32mBuilding CXX object CMakeFiles/orbbec_camera.dir/src/jpeg_decoder.cpp.o[0m
