[0.812s] Invoking command in '/root/ros2_ws/src/save_files': PYTHONPATH=/root/ros2_ws/build/save_files/prefix_override:/usr/lib/python3/dist-packages/colcon_core/task/python/colcon_distutils_commands:/root/ros2_ws/install/save_files/lib/python3.10/site-packages:${PYTHONPATH} /usr/bin/python3 -W ignore:setup.py install is deprecated setup.py egg_info --egg-base ../../build/save_files build --build-base /root/ros2_ws/build/save_files/build install --record /root/ros2_ws/build/save_files/install.log --single-version-externally-managed install_data
[1.046s] running egg_info
[1.047s] writing ../../build/save_files/save_files.egg-info/PKG-INFO
[1.047s] writing dependency_links to ../../build/save_files/save_files.egg-info/dependency_links.txt
[1.047s] writing entry points to ../../build/save_files/save_files.egg-info/entry_points.txt
[1.048s] writing requirements to ../../build/save_files/save_files.egg-info/requires.txt
[1.048s] writing top-level names to ../../build/save_files/save_files.egg-info/top_level.txt
[1.050s] reading manifest file '../../build/save_files/save_files.egg-info/SOURCES.txt'
[1.050s] writing manifest file '../../build/save_files/save_files.egg-info/SOURCES.txt'
[1.051s] running build
[1.051s] running build_py
[1.051s] running install
[1.051s] running install_lib
[1.052s] running install_data
[1.053s] running install_egg_info
[1.054s] removing '/root/ros2_ws/install/save_files/lib/python3.10/site-packages/save_files-0.0.0-py3.10.egg-info' (and everything under it)
[1.055s] Copying ../../build/save_files/save_files.egg-info to /root/ros2_ws/install/save_files/lib/python3.10/site-packages/save_files-0.0.0-py3.10.egg-info
[1.056s] running install_scripts
[1.076s] Installing save_files_node script to /root/ros2_ws/install/save_files/lib/save_files
[1.077s] writing list of installed files to '/root/ros2_ws/build/save_files/install.log'
[1.116s] Invoked command in '/root/ros2_ws/src/save_files' returned '0': PYTHONPATH=/root/ros2_ws/build/save_files/prefix_override:/usr/lib/python3/dist-packages/colcon_core/task/python/colcon_distutils_commands:/root/ros2_ws/install/save_files/lib/python3.10/site-packages:${PYTHONPATH} /usr/bin/python3 -W ignore:setup.py install is deprecated setup.py egg_info --egg-base ../../build/save_files build --build-base /root/ros2_ws/build/save_files/build install --record /root/ros2_ws/build/save_files/install.log --single-version-externally-managed install_data
