[0.914s] Invoking command in '/root/ros2_ws/src/save_files': PYTHONPATH=/root/ros2_ws/build/save_files/prefix_override:/usr/lib/python3/dist-packages/colcon_core/task/python/colcon_distutils_commands:/root/ros2_ws/install/save_files/lib/python3.10/site-packages:${PYTHONPATH} /usr/bin/python3 -W ignore:setup.py install is deprecated setup.py egg_info --egg-base ../../build/save_files build --build-base /root/ros2_ws/build/save_files/build install --record /root/ros2_ws/build/save_files/install.log --single-version-externally-managed install_data
[1.228s] running egg_info
[1.229s] writing ../../build/save_files/save_files.egg-info/PKG-INFO
[1.234s] writing dependency_links to ../../build/save_files/save_files.egg-info/dependency_links.txt
[1.234s] writing entry points to ../../build/save_files/save_files.egg-info/entry_points.txt
[1.235s] writing requirements to ../../build/save_files/save_files.egg-info/requires.txt
[1.235s] writing top-level names to ../../build/save_files/save_files.egg-info/top_level.txt
[1.237s] reading manifest file '../../build/save_files/save_files.egg-info/SOURCES.txt'
[1.238s] writing manifest file '../../build/save_files/save_files.egg-info/SOURCES.txt'
[1.239s] running build
[1.239s] running build_py
[1.239s] copying save_files/save_files_node.py -> /root/ros2_ws/build/save_files/build/lib/save_files
[1.239s] running install
[1.240s] running install_lib
[1.241s] copying /root/ros2_ws/build/save_files/build/lib/save_files/save_files_node.py -> /root/ros2_ws/install/save_files/lib/python3.10/site-packages/save_files
[1.242s] byte-compiling /root/ros2_ws/install/save_files/lib/python3.10/site-packages/save_files/save_files_node.py to save_files_node.cpython-310.pyc
[1.243s] running install_data
[1.243s] running install_egg_info
[1.246s] removing '/root/ros2_ws/install/save_files/lib/python3.10/site-packages/save_files-0.0.0-py3.10.egg-info' (and everything under it)
[1.246s] Copying ../../build/save_files/save_files.egg-info to /root/ros2_ws/install/save_files/lib/python3.10/site-packages/save_files-0.0.0-py3.10.egg-info
[1.248s] running install_scripts
[1.275s] Installing save_files_node script to /root/ros2_ws/install/save_files/lib/save_files
[1.275s] writing list of installed files to '/root/ros2_ws/build/save_files/install.log'
[1.316s] Invoked command in '/root/ros2_ws/src/save_files' returned '0': PYTHONPATH=/root/ros2_ws/build/save_files/prefix_override:/usr/lib/python3/dist-packages/colcon_core/task/python/colcon_distutils_commands:/root/ros2_ws/install/save_files/lib/python3.10/site-packages:${PYTHONPATH} /usr/bin/python3 -W ignore:setup.py install is deprecated setup.py egg_info --egg-base ../../build/save_files build --build-base /root/ros2_ws/build/save_files/build install --record /root/ros2_ws/build/save_files/install.log --single-version-externally-managed install_data
