[0.012s] Invoking command in '/root/ros2_ws/build/orbbec_camera': AMENT_PREFIX_PATH=/root/ros2_ws/install/orbbec_camera_msgs:${AMENT_PREFIX_PATH} CMAKE_PREFIX_PATH=/root/ros2_ws/install/orbbec_camera_msgs:/opt/ros/humble LD_LIBRARY_PATH=/root/ros2_ws/install/orbbec_camera_msgs/lib:${LD_LIBRARY_PATH} PYTHONPATH=/root/ros2_ws/install/orbbec_camera_msgs/local/lib/python3.10/dist-packages:${PYTHONPATH} /usr/bin/cmake --build /root/ros2_ws/build/orbbec_camera -- -j8 -l8
[0.076s] [35m[1mConsolidate compiler generated dependencies of target frame_latency_node[0m
[0.077s] [35m[1mConsolidate compiler generated dependencies of target orbbec_camera_node[0m
[0.078s] [35m[1mConsolidate compiler generated dependencies of target orbbec_camera[0m
[0.089s] [  4%] [32mBuilding CXX object CMakeFiles/frame_latency.dir/tools/frame_latency.cpp.o[0m
[0.101s] [  8%] [32mBuilding CXX object CMakeFiles/orbbec_camera.dir/src/d2c_viewer.cpp.o[0m
[0.109s] [ 36%] [32mBuilding CXX object CMakeFiles/orbbec_camera.dir/src/ros_service.cpp.o[0m
[0.109s] [ 36%] [32mBuilding CXX object CMakeFiles/orbbec_camera.dir/src/synced_imu_publisher.cpp.o[0m
[0.109s] [ 40%] [32mBuilding CXX object CMakeFiles/orbbec_camera.dir/src/ob_camera_node_driver.cpp.o[0m
[0.109s] [ 40%] Built target orbbec_camera_node
[0.109s] [ 36%] [32mBuilding CXX object CMakeFiles/orbbec_camera.dir/src/ob_camera_node.cpp.o[0m
[0.109s] [ 40%] Built target frame_latency_node
[0.122s] [ 48%] [32mBuilding CXX object CMakeFiles/orbbec_camera.dir/src/jpeg_decoder.cpp.o[0m
[0.122s] [ 48%] [32mBuilding CXX object CMakeFiles/orbbec_camera.dir/src/utils.cpp.o[0m
[41.906s] [ 52%] [32m[1mLinking CXX shared library liborbbec_camera.so[0m
[42.703s] [ 64%] Built target orbbec_camera
[42.733s] [ 76%] [32mBuilding CXX object CMakeFiles/list_depth_work_mode_node.dir/tools/list_depth_work_mode.cpp.o[0m
[42.733s] [ 76%] [32mBuilding CXX object CMakeFiles/list_camera_profile_mode_node.dir/tools/list_camera_profile.cpp.o[0m
[42.733s] [ 76%] [32mBuilding CXX object CMakeFiles/list_devices_node.dir/tools/list_devices_node.cpp.o[0m
[42.736s] [ 80%] [32mBuilding CXX object CMakeFiles/topic_statistics_node.dir/tools/topic_statistics.cpp.o[0m
[46.587s] [ 84%] [32m[1mLinking CXX shared library libframe_latency.so[0m
[47.327s] [ 84%] Built target frame_latency
[54.057s] [ 88%] [32m[1mLinking CXX executable list_camera_profile_mode_node[0m
[54.369s] [ 92%] [32m[1mLinking CXX executable list_depth_work_mode_node[0m
[54.692s] [ 92%] Built target list_depth_work_mode_node
[54.921s] [ 96%] [32m[1mLinking CXX executable list_devices_node[0m
[55.080s] [ 96%] Built target list_camera_profile_mode_node
[55.713s] [ 96%] Built target list_devices_node
[58.565s] [100%] [32m[1mLinking CXX executable topic_statistics_node[0m
[58.841s] [100%] Built target topic_statistics_node
[58.856s] Invoked command in '/root/ros2_ws/build/orbbec_camera' returned '0': AMENT_PREFIX_PATH=/root/ros2_ws/install/orbbec_camera_msgs:${AMENT_PREFIX_PATH} CMAKE_PREFIX_PATH=/root/ros2_ws/install/orbbec_camera_msgs:/opt/ros/humble LD_LIBRARY_PATH=/root/ros2_ws/install/orbbec_camera_msgs/lib:${LD_LIBRARY_PATH} PYTHONPATH=/root/ros2_ws/install/orbbec_camera_msgs/local/lib/python3.10/dist-packages:${PYTHONPATH} /usr/bin/cmake --build /root/ros2_ws/build/orbbec_camera -- -j8 -l8
[58.930s] Invoking command in '/root/ros2_ws/build/orbbec_camera': AMENT_PREFIX_PATH=/root/ros2_ws/install/orbbec_camera_msgs:${AMENT_PREFIX_PATH} CMAKE_PREFIX_PATH=/root/ros2_ws/install/orbbec_camera_msgs:/opt/ros/humble LD_LIBRARY_PATH=/root/ros2_ws/install/orbbec_camera_msgs/lib:${LD_LIBRARY_PATH} PYTHONPATH=/root/ros2_ws/install/orbbec_camera_msgs/local/lib/python3.10/dist-packages:${PYTHONPATH} /usr/bin/cmake --install /root/ros2_ws/build/orbbec_camera
[58.943s] -- Install configuration: "Release"
[58.943s] -- Installing: /root/ros2_ws/install/orbbec_camera/lib/orbbec_camera/orbbec_camera_node
[58.944s] -- Set runtime path of "/root/ros2_ws/install/orbbec_camera/lib/orbbec_camera/orbbec_camera_node" to ":/root/ros2_ws/src/OrbbecSDK_ROS2/orbbec_camera/SDK/lib/x64"
[58.944s] -- Installing: /root/ros2_ws/install/orbbec_camera/lib/orbbec_camera/frame_latency_node
[58.945s] -- Set runtime path of "/root/ros2_ws/install/orbbec_camera/lib/orbbec_camera/frame_latency_node" to ":/root/ros2_ws/src/OrbbecSDK_ROS2/orbbec_camera/SDK/lib/x64"
[58.945s] -- Installing: /root/ros2_ws/install/orbbec_camera/lib/liborbbec_camera.so
[58.950s] -- Set runtime path of "/root/ros2_ws/install/orbbec_camera/lib/liborbbec_camera.so" to ":/root/ros2_ws/src/OrbbecSDK_ROS2/orbbec_camera/SDK/lib/x64"
[58.950s] -- Installing: /root/ros2_ws/install/orbbec_camera/lib/libframe_latency.so
[58.955s] -- Set runtime path of "/root/ros2_ws/install/orbbec_camera/lib/libframe_latency.so" to ":/root/ros2_ws/src/OrbbecSDK_ROS2/orbbec_camera/SDK/lib/x64"
[58.955s] -- Installing: /root/ros2_ws/install/orbbec_camera/include
[58.956s] -- Installing: /root/ros2_ws/install/orbbec_camera/include/orbbec_camera
[58.956s] -- Installing: /root/ros2_ws/install/orbbec_camera/include/orbbec_camera/jetson_nv_decoder.h
[58.956s] -- Installing: /root/ros2_ws/install/orbbec_camera/include/orbbec_camera/ob_camera_node.h
[58.957s] -- Installing: /root/ros2_ws/install/orbbec_camera/include/orbbec_camera/constants.h
[58.957s] -- Installing: /root/ros2_ws/install/orbbec_camera/include/orbbec_camera/d2c_viewer.h
[58.957s] -- Installing: /root/ros2_ws/install/orbbec_camera/include/orbbec_camera/rk_mpp_decoder.h
[58.957s] -- Installing: /root/ros2_ws/install/orbbec_camera/include/orbbec_camera/ob_camera_node_driver.h
[58.957s] -- Installing: /root/ros2_ws/install/orbbec_camera/include/orbbec_camera/synced_imu_publisher.h
[58.958s] -- Installing: /root/ros2_ws/install/orbbec_camera/include/orbbec_camera/jpeg_decoder.h
[58.958s] -- Installing: /root/ros2_ws/install/orbbec_camera/include/orbbec_camera/utils.h
[58.958s] -- Installing: /root/ros2_ws/install/orbbec_camera/include/orbbec_camera/image_publisher.h
[58.958s] -- Installing: /root/ros2_ws/install/orbbec_camera/include/orbbec_camera/dynamic_params.h
[58.958s] -- Installing: /root/ros2_ws/install/orbbec_camera/include/orbbec_camera/ros_param_backend.h
[58.958s] -- Installing: /root/ros2_ws/install/orbbec_camera/include/magic_enum
[58.959s] -- Installing: /root/ros2_ws/install/orbbec_camera/include/magic_enum/magic_enum.hpp
[58.959s] -- Installing: /root/ros2_ws/install/orbbec_camera/share/orbbec_camera//launch
[58.959s] -- Installing: /root/ros2_ws/install/orbbec_camera/share/orbbec_camera//launch/dabai_dcl.py
[58.959s] -- Installing: /root/ros2_ws/install/orbbec_camera/share/orbbec_camera//launch/femto_bolt.launch.py
[58.960s] -- Installing: /root/ros2_ws/install/orbbec_camera/share/orbbec_camera//launch/gemini_e_lite.launch.py
[58.960s] -- Installing: /root/ros2_ws/install/orbbec_camera/share/orbbec_camera//launch/astra2.launch.py
[58.960s] -- Installing: /root/ros2_ws/install/orbbec_camera/share/orbbec_camera//launch/femto_net_camera.launch.py
[58.960s] -- Installing: /root/ros2_ws/install/orbbec_camera/share/orbbec_camera//launch/femto.launch.py
[58.961s] -- Installing: /root/ros2_ws/install/orbbec_camera/share/orbbec_camera//launch/dabai_pro.launch.py
[58.961s] -- Installing: /root/ros2_ws/install/orbbec_camera/share/orbbec_camera//launch/gemini_e.launch.py
[58.961s] -- Installing: /root/ros2_ws/install/orbbec_camera/share/orbbec_camera//launch/astra.launch.py
[58.961s] -- Installing: /root/ros2_ws/install/orbbec_camera/share/orbbec_camera//launch/dabai_dcw.launch.py
[58.962s] -- Installing: /root/ros2_ws/install/orbbec_camera/share/orbbec_camera//launch/femto_mega.launch.py
[58.962s] -- Installing: /root/ros2_ws/install/orbbec_camera/share/orbbec_camera//launch/gemini_intra_process_demo_launch.py
[58.962s] -- Installing: /root/ros2_ws/install/orbbec_camera/share/orbbec_camera//launch/dabai_max_pro.launch.py
[58.962s] -- Installing: /root/ros2_ws/install/orbbec_camera/share/orbbec_camera//launch/gemini2VL.launch.py
[58.963s] -- Installing: /root/ros2_ws/install/orbbec_camera/share/orbbec_camera//launch/multi_net_camera.launch.py
[58.963s] -- Installing: /root/ros2_ws/install/orbbec_camera/share/orbbec_camera//launch/astra_stereo_u3.launch.py
[58.963s] -- Installing: /root/ros2_ws/install/orbbec_camera/share/orbbec_camera//launch/dabai_dcw2.launch.py
[58.963s] -- Installing: /root/ros2_ws/install/orbbec_camera/share/orbbec_camera//launch/astra_embedded_s.launch.py
[58.964s] -- Installing: /root/ros2_ws/install/orbbec_camera/share/orbbec_camera//launch/ob_camera.launch.py
[58.964s] -- Installing: /root/ros2_ws/install/orbbec_camera/share/orbbec_camera//launch/gemini_ew.launch.py
[58.964s] -- Installing: /root/ros2_ws/install/orbbec_camera/share/orbbec_camera//launch/gemini2.launch.py
[58.964s] -- Installing: /root/ros2_ws/install/orbbec_camera/share/orbbec_camera//launch/dabai_dw.launch.py
[58.965s] -- Installing: /root/ros2_ws/install/orbbec_camera/share/orbbec_camera//launch/gemini_uw.launch.py
[58.965s] -- Installing: /root/ros2_ws/install/orbbec_camera/share/orbbec_camera//launch/gemini_330_series.launch.py
[58.965s] -- Installing: /root/ros2_ws/install/orbbec_camera/share/orbbec_camera//launch/dabai_dw2.launch.py
[58.965s] -- Installing: /root/ros2_ws/install/orbbec_camera/share/orbbec_camera//launch/dabai_max.launch.py
[58.966s] -- Installing: /root/ros2_ws/install/orbbec_camera/share/orbbec_camera//launch/gemini_ew_lite.launch.py
[58.966s] -- Installing: /root/ros2_ws/install/orbbec_camera/share/orbbec_camera//launch/multi_camera.launch.py
[58.966s] -- Installing: /root/ros2_ws/install/orbbec_camera/share/orbbec_camera//launch/dabai_d1.launch.py
[58.966s] -- Installing: /root/ros2_ws/install/orbbec_camera/share/orbbec_camera//launch/astra_pro2.launch.py
[58.967s] -- Installing: /root/ros2_ws/install/orbbec_camera/share/orbbec_camera//launch/gemini2XL.launch.py
[58.967s] -- Installing: /root/ros2_ws/install/orbbec_camera/share/orbbec_camera//launch/dabai.launch.py
[58.967s] -- Installing: /root/ros2_ws/install/orbbec_camera/share/orbbec_camera//launch/deeya.launch.py
[58.967s] -- Installing: /root/ros2_ws/install/orbbec_camera/share/orbbec_camera//launch/gemini2L.launch.py
[58.968s] -- Installing: /root/ros2_ws/install/orbbec_camera/share/orbbec_camera//launch/multi_camera_synced.launch.py
[58.968s] -- Installing: /root/ros2_ws/install/orbbec_camera/share/orbbec_camera//launch/astra_adv.launch.py
[58.968s] -- Installing: /root/ros2_ws/install/orbbec_camera/share/orbbec_camera//config
[58.968s] -- Installing: /root/ros2_ws/install/orbbec_camera/share/orbbec_camera//config/OrbbecSDKConfig_v1.0.xml
[58.969s] -- Installing: /root/ros2_ws/install/orbbec_camera/share/orbbec_camera//config/.gitkeep
[58.969s] -- Installing: /root/ros2_ws/install/orbbec_camera/share/orbbec_camera//config/camera_params.yaml
[58.969s] -- Installing: /root/ros2_ws/install/orbbec_camera/share/orbbec_camera//config/depthfilter
[58.969s] -- Installing: /root/ros2_ws/install/orbbec_camera/share/orbbec_camera//config/depthfilter/Gemini2_v1.8.json
[58.970s] -- Installing: /root/ros2_ws/install/orbbec_camera/share/orbbec_camera//config/depthfilter/Openni_device.json
[58.970s] -- Up-to-date: /root/ros2_ws/install/orbbec_camera/include
[58.970s] -- Installing: /root/ros2_ws/install/orbbec_camera/include/libobsensor
[58.970s] -- Installing: /root/ros2_ws/install/orbbec_camera/include/libobsensor/hpp
[58.970s] -- Installing: /root/ros2_ws/install/orbbec_camera/include/libobsensor/hpp/Utils.hpp
[58.971s] -- Installing: /root/ros2_ws/install/orbbec_camera/include/libobsensor/hpp/Types.hpp
[58.971s] -- Installing: /root/ros2_ws/install/orbbec_camera/include/libobsensor/hpp/RecordPlayback.hpp
[58.971s] -- Installing: /root/ros2_ws/install/orbbec_camera/include/libobsensor/hpp/StreamProfile.hpp
[58.971s] -- Installing: /root/ros2_ws/install/orbbec_camera/include/libobsensor/hpp/Frame.hpp
[58.971s] -- Installing: /root/ros2_ws/install/orbbec_camera/include/libobsensor/hpp/Version.hpp
[58.972s] -- Installing: /root/ros2_ws/install/orbbec_camera/include/libobsensor/hpp/Error.hpp
[58.972s] -- Installing: /root/ros2_ws/install/orbbec_camera/include/libobsensor/hpp/Filter.hpp
[58.972s] -- Installing: /root/ros2_ws/install/orbbec_camera/include/libobsensor/hpp/Context.hpp
[58.972s] -- Installing: /root/ros2_ws/install/orbbec_camera/include/libobsensor/hpp/Device.hpp
[58.972s] -- Installing: /root/ros2_ws/install/orbbec_camera/include/libobsensor/hpp/Sensor.hpp
[58.973s] -- Installing: /root/ros2_ws/install/orbbec_camera/include/libobsensor/hpp/Pipeline.hpp
[58.973s] -- Installing: /root/ros2_ws/install/orbbec_camera/include/libobsensor/ObSensor.h
[58.973s] -- Installing: /root/ros2_ws/install/orbbec_camera/include/libobsensor/ObSensor.hpp
[58.973s] -- Installing: /root/ros2_ws/install/orbbec_camera/include/libobsensor/h
[58.973s] -- Installing: /root/ros2_ws/install/orbbec_camera/include/libobsensor/h/Device.h
[58.974s] -- Installing: /root/ros2_ws/install/orbbec_camera/include/libobsensor/h/RecordPlayback.h
[58.974s] -- Installing: /root/ros2_ws/install/orbbec_camera/include/libobsensor/h/Frame.h
[58.974s] -- Installing: /root/ros2_ws/install/orbbec_camera/include/libobsensor/h/Context.h
[58.974s] -- Installing: /root/ros2_ws/install/orbbec_camera/include/libobsensor/h/Version.h
[58.975s] -- Installing: /root/ros2_ws/install/orbbec_camera/include/libobsensor/h/Sensor.h
[58.975s] -- Installing: /root/ros2_ws/install/orbbec_camera/include/libobsensor/h/ObTypes.h
[58.975s] -- Installing: /root/ros2_ws/install/orbbec_camera/include/libobsensor/h/StreamProfile.h
[58.975s] -- Installing: /root/ros2_ws/install/orbbec_camera/include/libobsensor/h/Error.h
[58.975s] -- Installing: /root/ros2_ws/install/orbbec_camera/include/libobsensor/h/Pipeline.h
[58.976s] -- Installing: /root/ros2_ws/install/orbbec_camera/include/libobsensor/h/Property.h
[58.976s] -- Installing: /root/ros2_ws/install/orbbec_camera/include/libobsensor/h/Utils.h
[58.976s] -- Installing: /root/ros2_ws/install/orbbec_camera/include/libobsensor/h/Filter.h
[58.976s] -- Installing: /root/ros2_ws/install/orbbec_camera/include/libobsensor/h/MultipleDevices.h
[58.977s] -- Up-to-date: /root/ros2_ws/install/orbbec_camera/lib/
[58.977s] -- Installing: /root/ros2_ws/install/orbbec_camera/lib//libOrbbecSDK.so
[58.977s] -- Installing: /root/ros2_ws/install/orbbec_camera/lib//liblive555.so
[58.979s] -- Installing: /root/ros2_ws/install/orbbec_camera/lib//libOrbbecSDK.so.1.10.15
[58.998s] -- Installing: /root/ros2_ws/install/orbbec_camera/lib//libob_usb.so
[58.998s] -- Installing: /root/ros2_ws/install/orbbec_camera/lib//libdepthengine.so.2.0
[59.000s] -- Installing: /root/ros2_ws/install/orbbec_camera/lib//libdepthengine.so
[59.000s] -- Installing: /root/ros2_ws/install/orbbec_camera/lib//libOrbbecSDK.so.1.10
[59.000s] -- Installing: /root/ros2_ws/install/orbbec_camera/lib/orbbec_camera/list_devices_node
[59.000s] -- Set runtime path of "/root/ros2_ws/install/orbbec_camera/lib/orbbec_camera/list_devices_node" to ":/root/ros2_ws/src/OrbbecSDK_ROS2/orbbec_camera/SDK/lib/x64"
[59.001s] -- Installing: /root/ros2_ws/install/orbbec_camera/lib/orbbec_camera/list_depth_work_mode_node
[59.001s] -- Set runtime path of "/root/ros2_ws/install/orbbec_camera/lib/orbbec_camera/list_depth_work_mode_node" to ":/root/ros2_ws/src/OrbbecSDK_ROS2/orbbec_camera/SDK/lib/x64"
[59.001s] -- Installing: /root/ros2_ws/install/orbbec_camera/lib/orbbec_camera/list_camera_profile_mode_node
[59.001s] -- Set runtime path of "/root/ros2_ws/install/orbbec_camera/lib/orbbec_camera/list_camera_profile_mode_node" to ":/root/ros2_ws/src/OrbbecSDK_ROS2/orbbec_camera/SDK/lib/x64"
[59.001s] -- Installing: /root/ros2_ws/install/orbbec_camera/lib/orbbec_camera/topic_statistics_node
[59.003s] -- Set runtime path of "/root/ros2_ws/install/orbbec_camera/lib/orbbec_camera/topic_statistics_node" to ":/root/ros2_ws/src/OrbbecSDK_ROS2/orbbec_camera/SDK/lib/x64"
[59.003s] -- Installing: /root/ros2_ws/install/orbbec_camera/share/orbbec_camera/environment/library_path.sh
[59.004s] -- Installing: /root/ros2_ws/install/orbbec_camera/share/orbbec_camera/environment/library_path.dsv
[59.004s] -- Installing: /root/ros2_ws/install/orbbec_camera/share/ament_index/resource_index/package_run_dependencies/orbbec_camera
[59.005s] -- Installing: /root/ros2_ws/install/orbbec_camera/share/ament_index/resource_index/parent_prefix_path/orbbec_camera
[59.005s] -- Installing: /root/ros2_ws/install/orbbec_camera/share/orbbec_camera/environment/ament_prefix_path.sh
[59.005s] -- Installing: /root/ros2_ws/install/orbbec_camera/share/orbbec_camera/environment/ament_prefix_path.dsv
[59.006s] -- Installing: /root/ros2_ws/install/orbbec_camera/share/orbbec_camera/environment/path.sh
[59.006s] -- Installing: /root/ros2_ws/install/orbbec_camera/share/orbbec_camera/environment/path.dsv
[59.006s] -- Installing: /root/ros2_ws/install/orbbec_camera/share/orbbec_camera/local_setup.bash
[59.006s] -- Installing: /root/ros2_ws/install/orbbec_camera/share/orbbec_camera/local_setup.sh
[59.007s] -- Installing: /root/ros2_ws/install/orbbec_camera/share/orbbec_camera/local_setup.zsh
[59.007s] -- Installing: /root/ros2_ws/install/orbbec_camera/share/orbbec_camera/local_setup.dsv
[59.007s] -- Installing: /root/ros2_ws/install/orbbec_camera/share/orbbec_camera/package.dsv
[59.008s] -- Installing: /root/ros2_ws/install/orbbec_camera/share/ament_index/resource_index/packages/orbbec_camera
[59.008s] -- Installing: /root/ros2_ws/install/orbbec_camera/share/ament_index/resource_index/rclcpp_components/orbbec_camera
[59.008s] -- Installing: /root/ros2_ws/install/orbbec_camera/share/orbbec_camera/cmake/ament_cmake_export_include_directories-extras.cmake
[59.009s] -- Installing: /root/ros2_ws/install/orbbec_camera/share/orbbec_camera/cmake/ament_cmake_export_libraries-extras.cmake
[59.009s] -- Installing: /root/ros2_ws/install/orbbec_camera/share/orbbec_camera/cmake/ament_cmake_export_dependencies-extras.cmake
[59.009s] -- Installing: /root/ros2_ws/install/orbbec_camera/share/orbbec_camera/cmake/orbbec_cameraConfig.cmake
[59.009s] -- Installing: /root/ros2_ws/install/orbbec_camera/share/orbbec_camera/cmake/orbbec_cameraConfig-version.cmake
[59.010s] -- Installing: /root/ros2_ws/install/orbbec_camera/share/orbbec_camera/package.xml
[59.013s] Invoked command in '/root/ros2_ws/build/orbbec_camera' returned '0': AMENT_PREFIX_PATH=/root/ros2_ws/install/orbbec_camera_msgs:${AMENT_PREFIX_PATH} CMAKE_PREFIX_PATH=/root/ros2_ws/install/orbbec_camera_msgs:/opt/ros/humble LD_LIBRARY_PATH=/root/ros2_ws/install/orbbec_camera_msgs/lib:${LD_LIBRARY_PATH} PYTHONPATH=/root/ros2_ws/install/orbbec_camera_msgs/local/lib/python3.10/dist-packages:${PYTHONPATH} /usr/bin/cmake --install /root/ros2_ws/build/orbbec_camera
