[0.019s] Invoking command in '/root/ros2_ws/build/orbbec_description': CMAKE_PREFIX_PATH=/opt/ros/humble /usr/bin/cmake /root/ros2_ws/src/OrbbecSDK_ROS2/orbbec_description -DCMAKE_BUILD_TYPE=Release -DCMAKE_INSTALL_PREFIX=/root/ros2_ws/install/orbbec_description
[0.170s] -- The C compiler identification is GNU 11.4.0
[0.282s] -- The CXX compiler identification is GNU 11.4.0
[0.297s] -- Detecting C compiler ABI info
[0.393s] -- Detecting C compiler ABI info - done
[0.401s] -- Check for working C compiler: /usr/bin/cc - skipped
[0.401s] -- Detecting C compile features
[0.402s] -- Detecting C compile features - done
[0.408s] -- Detecting CXX compiler ABI info
[0.511s] -- Detecting CXX compiler ABI info - done
[0.519s] -- Check for working CXX compiler: /usr/bin/c++ - skipped
[0.519s] -- Detecting CXX compile features
[0.520s] -- Detecting CXX compile features - done
[0.534s] -- Found ament_cmake: 1.3.10 (/opt/ros/humble/share/ament_cmake/cmake)
[0.723s] -- Found Python3: /usr/bin/python3 (found version "3.10.12") found components: Interpreter 
[0.948s] -- Configuring done
[0.953s] -- Generating done
[0.955s] -- Build files have been written to: /root/ros2_ws/build/orbbec_description
[0.965s] Invoked command in '/root/ros2_ws/build/orbbec_description' returned '0': CMAKE_PREFIX_PATH=/opt/ros/humble /usr/bin/cmake /root/ros2_ws/src/OrbbecSDK_ROS2/orbbec_description -DCMAKE_BUILD_TYPE=Release -DCMAKE_INSTALL_PREFIX=/root/ros2_ws/install/orbbec_description
[0.968s] Invoking command in '/root/ros2_ws/build/orbbec_description': CMAKE_PREFIX_PATH=/opt/ros/humble /usr/bin/cmake --build /root/ros2_ws/build/orbbec_description -- -j8 -l8
[1.021s] Invoked command in '/root/ros2_ws/build/orbbec_description' returned '0': CMAKE_PREFIX_PATH=/opt/ros/humble /usr/bin/cmake --build /root/ros2_ws/build/orbbec_description -- -j8 -l8
[1.059s] Invoking command in '/root/ros2_ws/build/orbbec_description': CMAKE_PREFIX_PATH=/opt/ros/humble /usr/bin/cmake --install /root/ros2_ws/build/orbbec_description
[1.068s] -- Install configuration: "Release"
[1.068s] -- Installing: /root/ros2_ws/install/orbbec_description/share/orbbec_description/launch
[1.068s] -- Installing: /root/ros2_ws/install/orbbec_description/share/orbbec_description/launch/launch_utils.py
[1.068s] -- Installing: /root/ros2_ws/install/orbbec_description/share/orbbec_description/launch/view_model.launch.py
[1.068s] -- Installing: /root/ros2_ws/install/orbbec_description/share/orbbec_description/meshes
[1.068s] -- Installing: /root/ros2_ws/install/orbbec_description/share/orbbec_description/meshes/gemini335_336
[1.068s] -- Installing: /root/ros2_ws/install/orbbec_description/share/orbbec_description/meshes/gemini335_336/camera_infra2_frame.STL
[1.069s] -- Installing: /root/ros2_ws/install/orbbec_description/share/orbbec_description/meshes/gemini335_336/camera_infra2_optical_frame.STL
[1.070s] -- Installing: /root/ros2_ws/install/orbbec_description/share/orbbec_description/meshes/gemini335_336/camera_infra_1_optical_frame.STL
[1.071s] -- Installing: /root/ros2_ws/install/orbbec_description/share/orbbec_description/meshes/gemini335_336/camera_depth_frame.STL
[1.071s] -- Installing: /root/ros2_ws/install/orbbec_description/share/orbbec_description/meshes/gemini335_336/camera_link.STL
[1.076s] -- Installing: /root/ros2_ws/install/orbbec_description/share/orbbec_description/meshes/gemini335_336/camera_color_optical_frame.STL
[1.077s] -- Installing: /root/ros2_ws/install/orbbec_description/share/orbbec_description/meshes/gemini335_336/camera_infra_1_frame.STL
[1.077s] -- Installing: /root/ros2_ws/install/orbbec_description/share/orbbec_description/meshes/gemini335_336/camera_depth_optical_frame.STL
[1.078s] -- Installing: /root/ros2_ws/install/orbbec_description/share/orbbec_description/meshes/gemini335_336/camera_bottom_screw_frame.STL
[1.080s] -- Installing: /root/ros2_ws/install/orbbec_description/share/orbbec_description/meshes/gemini335_336/camera_color_frame.STL
[1.081s] -- Installing: /root/ros2_ws/install/orbbec_description/share/orbbec_description/meshes/femto_bolt
[1.082s] -- Installing: /root/ros2_ws/install/orbbec_description/share/orbbec_description/meshes/femto_bolt/femto_bolt.stl
[1.083s] -- Installing: /root/ros2_ws/install/orbbec_description/share/orbbec_description/meshes/AstraPlus.stl
[1.131s] -- Installing: /root/ros2_ws/install/orbbec_description/share/orbbec_description/urdf
[1.132s] -- Installing: /root/ros2_ws/install/orbbec_description/share/orbbec_description/urdf/_gemini_335_336.urdf.xacro
[1.132s] -- Installing: /root/ros2_ws/install/orbbec_description/share/orbbec_description/urdf/femto_bolt.urdf.xacro
[1.132s] -- Installing: /root/ros2_ws/install/orbbec_description/share/orbbec_description/urdf/test_gemini_335.urdf.xarco
[1.134s] -- Installing: /root/ros2_ws/install/orbbec_description/share/orbbec_description/urdf/test_gemini_336.urdf.xarco
[1.134s] -- Installing: /root/ros2_ws/install/orbbec_description/share/orbbec_description/rviz
[1.135s] -- Installing: /root/ros2_ws/install/orbbec_description/share/orbbec_description/rviz/urdf.rviz
[1.136s] -- Installing: /root/ros2_ws/install/orbbec_description/share/ament_index/resource_index/package_run_dependencies/orbbec_description
[1.136s] -- Installing: /root/ros2_ws/install/orbbec_description/share/ament_index/resource_index/parent_prefix_path/orbbec_description
[1.137s] -- Installing: /root/ros2_ws/install/orbbec_description/share/orbbec_description/environment/ament_prefix_path.sh
[1.137s] -- Installing: /root/ros2_ws/install/orbbec_description/share/orbbec_description/environment/ament_prefix_path.dsv
[1.137s] -- Installing: /root/ros2_ws/install/orbbec_description/share/orbbec_description/environment/path.sh
[1.138s] -- Installing: /root/ros2_ws/install/orbbec_description/share/orbbec_description/environment/path.dsv
[1.138s] -- Installing: /root/ros2_ws/install/orbbec_description/share/orbbec_description/local_setup.bash
[1.138s] -- Installing: /root/ros2_ws/install/orbbec_description/share/orbbec_description/local_setup.sh
[1.138s] -- Installing: /root/ros2_ws/install/orbbec_description/share/orbbec_description/local_setup.zsh
[1.138s] -- Installing: /root/ros2_ws/install/orbbec_description/share/orbbec_description/local_setup.dsv
[1.139s] -- Installing: /root/ros2_ws/install/orbbec_description/share/orbbec_description/package.dsv
[1.139s] -- Installing: /root/ros2_ws/install/orbbec_description/share/ament_index/resource_index/packages/orbbec_description
[1.139s] -- Installing: /root/ros2_ws/install/orbbec_description/share/orbbec_description/cmake/orbbec_descriptionConfig.cmake
[1.139s] -- Installing: /root/ros2_ws/install/orbbec_description/share/orbbec_description/cmake/orbbec_descriptionConfig-version.cmake
[1.139s] -- Installing: /root/ros2_ws/install/orbbec_description/share/orbbec_description/package.xml
[1.140s] Invoked command in '/root/ros2_ws/build/orbbec_description' returned '0': CMAKE_PREFIX_PATH=/opt/ros/humble /usr/bin/cmake --install /root/ros2_ws/build/orbbec_description
