[0.014s] Invoking command in '/root/ros2_ws/build/orbbec_camera': AMENT_PREFIX_PATH=/root/ros2_ws/install/orbbec_camera_msgs:${AMENT_PREFIX_PATH} CMAKE_PREFIX_PATH=/root/ros2_ws/install/orbbec_camera_msgs:/opt/ros/humble LD_LIBRARY_PATH=/root/ros2_ws/install/orbbec_camera_msgs/lib:${LD_LIBRARY_PATH} PYTHONPATH=/root/ros2_ws/install/orbbec_camera_msgs/local/lib/python3.10/dist-packages:${PYTHONPATH} /usr/bin/cmake /root/ros2_ws/src/OrbbecSDK_ROS2/orbbec_camera -DCMAKE_INSTALL_PREFIX=/root/ros2_ws/install/orbbec_camera
[0.033s] -- Found ament_cmake: 1.3.10 (/opt/ros/humble/share/ament_cmake/cmake)
[0.210s] -- Found ament_index_cpp: 1.4.0 (/opt/ros/humble/share/ament_index_cpp/cmake)
[0.213s] -- Found builtin_interfaces: 1.2.1 (/opt/ros/humble/share/builtin_interfaces/cmake)
[0.241s] -- Found rosidl_generator_c: 3.1.5 (/opt/ros/humble/share/rosidl_generator_c/cmake)
[0.244s] -- Found rosidl_adapter: 3.1.5 (/opt/ros/humble/share/rosidl_adapter/cmake)
[0.251s] -- Found rosidl_generator_cpp: 3.1.5 (/opt/ros/humble/share/rosidl_generator_cpp/cmake)
[0.261s] -- Using all available rosidl_typesupport_c: rosidl_typesupport_fastrtps_c;rosidl_typesupport_introspection_c
[0.276s] -- Using all available rosidl_typesupport_cpp: rosidl_typesupport_fastrtps_cpp;rosidl_typesupport_introspection_cpp
[0.290s] -- Found cv_bridge: 3.2.1 (/opt/ros/humble/share/cv_bridge/cmake)
[0.349s] -- Found camera_info_manager: 3.1.9 (/opt/ros/humble/share/camera_info_manager/cmake)
[0.399s] -- Found rmw_implementation_cmake: 6.1.2 (/opt/ros/humble/share/rmw_implementation_cmake/cmake)
[0.402s] -- Found rmw_fastrtps_cpp: 6.2.7 (/opt/ros/humble/share/rmw_fastrtps_cpp/cmake)
[0.575s] -- Using RMW implementation 'rmw_fastrtps_cpp' as default
[0.650s] -- Found image_transport: 3.1.9 (/opt/ros/humble/share/image_transport/cmake)
[0.686s] -- Found image_publisher: 3.0.6 (/opt/ros/humble/share/image_publisher/cmake)
[0.718s] -- Found orbbec_camera_msgs: 1.2.2 (/root/ros2_ws/install/orbbec_camera_msgs/share/orbbec_camera_msgs/cmake)
[0.737s] -- Found std_srvs: 4.2.4 (/opt/ros/humble/share/std_srvs/cmake)
[0.749s] -- Found tf2: 0.25.8 (/opt/ros/humble/share/tf2/cmake)
[0.755s] -- Found tf2_eigen: 0.25.8 (/opt/ros/humble/share/tf2_eigen/cmake)
[0.841s] -- Found tf2_sensor_msgs: 0.25.8 (/opt/ros/humble/share/tf2_sensor_msgs/cmake)
[0.852s] -- Found diagnostic_updater: 4.0.0 (/opt/ros/humble/share/diagnostic_updater/cmake)
[0.890s] -- ORRBEC Machine : x86_64
[0.890s] 
[0.890s] -- ORRBEC Machine Bits : 64
[0.890s] 
[0.969s] -- Found ament_lint_auto: 0.12.11 (/opt/ros/humble/share/ament_lint_auto/cmake)
[1.045s] -- Configuring done
[1.201s] -- Generating done
[1.205s] -- Build files have been written to: /root/ros2_ws/build/orbbec_camera
[1.217s] Invoked command in '/root/ros2_ws/build/orbbec_camera' returned '0': AMENT_PREFIX_PATH=/root/ros2_ws/install/orbbec_camera_msgs:${AMENT_PREFIX_PATH} CMAKE_PREFIX_PATH=/root/ros2_ws/install/orbbec_camera_msgs:/opt/ros/humble LD_LIBRARY_PATH=/root/ros2_ws/install/orbbec_camera_msgs/lib:${LD_LIBRARY_PATH} PYTHONPATH=/root/ros2_ws/install/orbbec_camera_msgs/local/lib/python3.10/dist-packages:${PYTHONPATH} /usr/bin/cmake /root/ros2_ws/src/OrbbecSDK_ROS2/orbbec_camera -DCMAKE_INSTALL_PREFIX=/root/ros2_ws/install/orbbec_camera
[1.219s] Invoking command in '/root/ros2_ws/build/orbbec_camera': AMENT_PREFIX_PATH=/root/ros2_ws/install/orbbec_camera_msgs:${AMENT_PREFIX_PATH} CMAKE_PREFIX_PATH=/root/ros2_ws/install/orbbec_camera_msgs:/opt/ros/humble LD_LIBRARY_PATH=/root/ros2_ws/install/orbbec_camera_msgs/lib:${LD_LIBRARY_PATH} PYTHONPATH=/root/ros2_ws/install/orbbec_camera_msgs/local/lib/python3.10/dist-packages:${PYTHONPATH} /usr/bin/cmake --build /root/ros2_ws/build/orbbec_camera -- -j8 -l8
[1.271s] [35m[1mConsolidate compiler generated dependencies of target frame_latency[0m
[1.272s] [35m[1mConsolidate compiler generated dependencies of target orbbec_camera_node[0m
[1.280s] [35m[1mConsolidate compiler generated dependencies of target frame_latency_node[0m
[1.286s] [35m[1mConsolidate compiler generated dependencies of target orbbec_camera[0m
[1.302s] [  8%] Built target orbbec_camera_node
[1.304s] [ 20%] Built target frame_latency_node
[1.304s] [ 24%] Built target frame_latency
[1.362s] [ 68%] Built target orbbec_camera
[1.377s] [35m[1mConsolidate compiler generated dependencies of target topic_statistics_node[0m
[1.377s] [35m[1mConsolidate compiler generated dependencies of target list_camera_profile_mode_node[0m
[1.378s] [35m[1mConsolidate compiler generated dependencies of target list_devices_node[0m
[1.378s] [35m[1mConsolidate compiler generated dependencies of target list_depth_work_mode_node[0m
[1.408s] [ 76%] Built target topic_statistics_node
[1.419s] [ 84%] Built target list_devices_node
[1.419s] [ 92%] Built target list_camera_profile_mode_node
[1.421s] [100%] Built target list_depth_work_mode_node
[1.440s] Invoked command in '/root/ros2_ws/build/orbbec_camera' returned '0': AMENT_PREFIX_PATH=/root/ros2_ws/install/orbbec_camera_msgs:${AMENT_PREFIX_PATH} CMAKE_PREFIX_PATH=/root/ros2_ws/install/orbbec_camera_msgs:/opt/ros/humble LD_LIBRARY_PATH=/root/ros2_ws/install/orbbec_camera_msgs/lib:${LD_LIBRARY_PATH} PYTHONPATH=/root/ros2_ws/install/orbbec_camera_msgs/local/lib/python3.10/dist-packages:${PYTHONPATH} /usr/bin/cmake --build /root/ros2_ws/build/orbbec_camera -- -j8 -l8
[1.526s] Invoking command in '/root/ros2_ws/build/orbbec_camera': AMENT_PREFIX_PATH=/root/ros2_ws/install/orbbec_camera_msgs:${AMENT_PREFIX_PATH} CMAKE_PREFIX_PATH=/root/ros2_ws/install/orbbec_camera_msgs:/opt/ros/humble LD_LIBRARY_PATH=/root/ros2_ws/install/orbbec_camera_msgs/lib:${LD_LIBRARY_PATH} PYTHONPATH=/root/ros2_ws/install/orbbec_camera_msgs/local/lib/python3.10/dist-packages:${PYTHONPATH} /usr/bin/cmake --install /root/ros2_ws/build/orbbec_camera
[1.535s] -- Install configuration: "Release"
[1.535s] -- Up-to-date: /root/ros2_ws/install/orbbec_camera/lib/orbbec_camera/orbbec_camera_node
[1.536s] -- Up-to-date: /root/ros2_ws/install/orbbec_camera/lib/orbbec_camera/frame_latency_node
[1.536s] -- Up-to-date: /root/ros2_ws/install/orbbec_camera/lib/liborbbec_camera.so
[1.537s] -- Up-to-date: /root/ros2_ws/install/orbbec_camera/lib/libframe_latency.so
[1.537s] -- Up-to-date: /root/ros2_ws/install/orbbec_camera/include
[1.538s] -- Up-to-date: /root/ros2_ws/install/orbbec_camera/include/orbbec_camera
[1.538s] -- Up-to-date: /root/ros2_ws/install/orbbec_camera/include/orbbec_camera/jetson_nv_decoder.h
[1.538s] -- Up-to-date: /root/ros2_ws/install/orbbec_camera/include/orbbec_camera/ob_camera_node.h
[1.538s] -- Up-to-date: /root/ros2_ws/install/orbbec_camera/include/orbbec_camera/constants.h
[1.538s] -- Up-to-date: /root/ros2_ws/install/orbbec_camera/include/orbbec_camera/d2c_viewer.h
[1.538s] -- Up-to-date: /root/ros2_ws/install/orbbec_camera/include/orbbec_camera/rk_mpp_decoder.h
[1.538s] -- Up-to-date: /root/ros2_ws/install/orbbec_camera/include/orbbec_camera/ob_camera_node_driver.h
[1.538s] -- Up-to-date: /root/ros2_ws/install/orbbec_camera/include/orbbec_camera/synced_imu_publisher.h
[1.538s] -- Up-to-date: /root/ros2_ws/install/orbbec_camera/include/orbbec_camera/jpeg_decoder.h
[1.538s] -- Up-to-date: /root/ros2_ws/install/orbbec_camera/include/orbbec_camera/utils.h
[1.539s] -- Up-to-date: /root/ros2_ws/install/orbbec_camera/include/orbbec_camera/image_publisher.h
[1.539s] -- Up-to-date: /root/ros2_ws/install/orbbec_camera/include/orbbec_camera/dynamic_params.h
[1.539s] -- Up-to-date: /root/ros2_ws/install/orbbec_camera/include/orbbec_camera/ros_param_backend.h
[1.539s] -- Up-to-date: /root/ros2_ws/install/orbbec_camera/include/magic_enum
[1.539s] -- Up-to-date: /root/ros2_ws/install/orbbec_camera/include/magic_enum/magic_enum.hpp
[1.539s] -- Up-to-date: /root/ros2_ws/install/orbbec_camera/share/orbbec_camera//launch
[1.539s] -- Up-to-date: /root/ros2_ws/install/orbbec_camera/share/orbbec_camera//launch/dabai_dcl.py
[1.539s] -- Up-to-date: /root/ros2_ws/install/orbbec_camera/share/orbbec_camera//launch/femto_bolt.launch.py
[1.539s] -- Up-to-date: /root/ros2_ws/install/orbbec_camera/share/orbbec_camera//launch/gemini_e_lite.launch.py
[1.539s] -- Up-to-date: /root/ros2_ws/install/orbbec_camera/share/orbbec_camera//launch/astra2.launch.py
[1.539s] -- Up-to-date: /root/ros2_ws/install/orbbec_camera/share/orbbec_camera//launch/femto_net_camera.launch.py
[1.539s] -- Up-to-date: /root/ros2_ws/install/orbbec_camera/share/orbbec_camera//launch/femto.launch.py
[1.540s] -- Up-to-date: /root/ros2_ws/install/orbbec_camera/share/orbbec_camera//launch/dabai_pro.launch.py
[1.540s] -- Up-to-date: /root/ros2_ws/install/orbbec_camera/share/orbbec_camera//launch/gemini_e.launch.py
[1.540s] -- Up-to-date: /root/ros2_ws/install/orbbec_camera/share/orbbec_camera//launch/astra.launch.py
[1.540s] -- Up-to-date: /root/ros2_ws/install/orbbec_camera/share/orbbec_camera//launch/dabai_dcw.launch.py
[1.540s] -- Up-to-date: /root/ros2_ws/install/orbbec_camera/share/orbbec_camera//launch/femto_mega.launch.py
[1.540s] -- Up-to-date: /root/ros2_ws/install/orbbec_camera/share/orbbec_camera//launch/gemini_intra_process_demo_launch.py
[1.540s] -- Up-to-date: /root/ros2_ws/install/orbbec_camera/share/orbbec_camera//launch/dabai_max_pro.launch.py
[1.540s] -- Up-to-date: /root/ros2_ws/install/orbbec_camera/share/orbbec_camera//launch/gemini2VL.launch.py
[1.540s] -- Up-to-date: /root/ros2_ws/install/orbbec_camera/share/orbbec_camera//launch/multi_net_camera.launch.py
[1.540s] -- Up-to-date: /root/ros2_ws/install/orbbec_camera/share/orbbec_camera//launch/astra_stereo_u3.launch.py
[1.540s] -- Up-to-date: /root/ros2_ws/install/orbbec_camera/share/orbbec_camera//launch/dabai_dcw2.launch.py
[1.540s] -- Up-to-date: /root/ros2_ws/install/orbbec_camera/share/orbbec_camera//launch/astra_embedded_s.launch.py
[1.541s] -- Up-to-date: /root/ros2_ws/install/orbbec_camera/share/orbbec_camera//launch/ob_camera.launch.py
[1.541s] -- Up-to-date: /root/ros2_ws/install/orbbec_camera/share/orbbec_camera//launch/gemini_ew.launch.py
[1.541s] -- Up-to-date: /root/ros2_ws/install/orbbec_camera/share/orbbec_camera//launch/gemini2.launch.py
[1.541s] -- Up-to-date: /root/ros2_ws/install/orbbec_camera/share/orbbec_camera//launch/dabai_dw.launch.py
[1.541s] -- Up-to-date: /root/ros2_ws/install/orbbec_camera/share/orbbec_camera//launch/gemini_uw.launch.py
[1.541s] -- Up-to-date: /root/ros2_ws/install/orbbec_camera/share/orbbec_camera//launch/gemini_330_series.launch.py
[1.541s] -- Up-to-date: /root/ros2_ws/install/orbbec_camera/share/orbbec_camera//launch/dabai_dw2.launch.py
[1.541s] -- Up-to-date: /root/ros2_ws/install/orbbec_camera/share/orbbec_camera//launch/dabai_max.launch.py
[1.541s] -- Up-to-date: /root/ros2_ws/install/orbbec_camera/share/orbbec_camera//launch/gemini_ew_lite.launch.py
[1.541s] -- Installing: /root/ros2_ws/install/orbbec_camera/share/orbbec_camera//launch/multi_camera.launch.py
[1.541s] -- Up-to-date: /root/ros2_ws/install/orbbec_camera/share/orbbec_camera//launch/dabai_d1.launch.py
[1.541s] -- Up-to-date: /root/ros2_ws/install/orbbec_camera/share/orbbec_camera//launch/astra_pro2.launch.py
[1.542s] -- Up-to-date: /root/ros2_ws/install/orbbec_camera/share/orbbec_camera//launch/gemini2XL.launch.py
[1.542s] -- Up-to-date: /root/ros2_ws/install/orbbec_camera/share/orbbec_camera//launch/dabai.launch.py
[1.542s] -- Up-to-date: /root/ros2_ws/install/orbbec_camera/share/orbbec_camera//launch/deeya.launch.py
[1.542s] -- Up-to-date: /root/ros2_ws/install/orbbec_camera/share/orbbec_camera//launch/gemini2L.launch.py
[1.542s] -- Up-to-date: /root/ros2_ws/install/orbbec_camera/share/orbbec_camera//launch/multi_camera_synced.launch.py
[1.542s] -- Up-to-date: /root/ros2_ws/install/orbbec_camera/share/orbbec_camera//launch/astra_adv.launch.py
[1.542s] -- Up-to-date: /root/ros2_ws/install/orbbec_camera/share/orbbec_camera//config
[1.542s] -- Up-to-date: /root/ros2_ws/install/orbbec_camera/share/orbbec_camera//config/OrbbecSDKConfig_v1.0.xml
[1.542s] -- Up-to-date: /root/ros2_ws/install/orbbec_camera/share/orbbec_camera//config/.gitkeep
[1.542s] -- Up-to-date: /root/ros2_ws/install/orbbec_camera/share/orbbec_camera//config/camera_params.yaml
[1.542s] -- Up-to-date: /root/ros2_ws/install/orbbec_camera/share/orbbec_camera//config/depthfilter
[1.542s] -- Up-to-date: /root/ros2_ws/install/orbbec_camera/share/orbbec_camera//config/depthfilter/Gemini2_v1.8.json
[1.542s] -- Up-to-date: /root/ros2_ws/install/orbbec_camera/share/orbbec_camera//config/depthfilter/Openni_device.json
[1.542s] -- Up-to-date: /root/ros2_ws/install/orbbec_camera/include
[1.542s] -- Up-to-date: /root/ros2_ws/install/orbbec_camera/include/libobsensor
[1.542s] -- Up-to-date: /root/ros2_ws/install/orbbec_camera/include/libobsensor/hpp
[1.543s] -- Up-to-date: /root/ros2_ws/install/orbbec_camera/include/libobsensor/hpp/Utils.hpp
[1.543s] -- Up-to-date: /root/ros2_ws/install/orbbec_camera/include/libobsensor/hpp/Types.hpp
[1.543s] -- Up-to-date: /root/ros2_ws/install/orbbec_camera/include/libobsensor/hpp/RecordPlayback.hpp
[1.543s] -- Up-to-date: /root/ros2_ws/install/orbbec_camera/include/libobsensor/hpp/StreamProfile.hpp
[1.543s] -- Up-to-date: /root/ros2_ws/install/orbbec_camera/include/libobsensor/hpp/Frame.hpp
[1.543s] -- Up-to-date: /root/ros2_ws/install/orbbec_camera/include/libobsensor/hpp/Version.hpp
[1.543s] -- Up-to-date: /root/ros2_ws/install/orbbec_camera/include/libobsensor/hpp/Error.hpp
[1.543s] -- Up-to-date: /root/ros2_ws/install/orbbec_camera/include/libobsensor/hpp/Filter.hpp
[1.543s] -- Up-to-date: /root/ros2_ws/install/orbbec_camera/include/libobsensor/hpp/Context.hpp
[1.543s] -- Up-to-date: /root/ros2_ws/install/orbbec_camera/include/libobsensor/hpp/Device.hpp
[1.543s] -- Up-to-date: /root/ros2_ws/install/orbbec_camera/include/libobsensor/hpp/Sensor.hpp
[1.543s] -- Up-to-date: /root/ros2_ws/install/orbbec_camera/include/libobsensor/hpp/Pipeline.hpp
[1.543s] -- Up-to-date: /root/ros2_ws/install/orbbec_camera/include/libobsensor/ObSensor.h
[1.543s] -- Up-to-date: /root/ros2_ws/install/orbbec_camera/include/libobsensor/ObSensor.hpp
[1.543s] -- Up-to-date: /root/ros2_ws/install/orbbec_camera/include/libobsensor/h
[1.544s] -- Up-to-date: /root/ros2_ws/install/orbbec_camera/include/libobsensor/h/Device.h
[1.544s] -- Up-to-date: /root/ros2_ws/install/orbbec_camera/include/libobsensor/h/RecordPlayback.h
[1.544s] -- Up-to-date: /root/ros2_ws/install/orbbec_camera/include/libobsensor/h/Frame.h
[1.544s] -- Up-to-date: /root/ros2_ws/install/orbbec_camera/include/libobsensor/h/Context.h
[1.544s] -- Up-to-date: /root/ros2_ws/install/orbbec_camera/include/libobsensor/h/Version.h
[1.544s] -- Up-to-date: /root/ros2_ws/install/orbbec_camera/include/libobsensor/h/Sensor.h
[1.544s] -- Up-to-date: /root/ros2_ws/install/orbbec_camera/include/libobsensor/h/ObTypes.h
[1.544s] -- Up-to-date: /root/ros2_ws/install/orbbec_camera/include/libobsensor/h/StreamProfile.h
[1.544s] -- Up-to-date: /root/ros2_ws/install/orbbec_camera/include/libobsensor/h/Error.h
[1.544s] -- Up-to-date: /root/ros2_ws/install/orbbec_camera/include/libobsensor/h/Pipeline.h
[1.544s] -- Up-to-date: /root/ros2_ws/install/orbbec_camera/include/libobsensor/h/Property.h
[1.544s] -- Up-to-date: /root/ros2_ws/install/orbbec_camera/include/libobsensor/h/Utils.h
[1.544s] -- Up-to-date: /root/ros2_ws/install/orbbec_camera/include/libobsensor/h/Filter.h
[1.545s] -- Up-to-date: /root/ros2_ws/install/orbbec_camera/include/libobsensor/h/MultipleDevices.h
[1.545s] -- Up-to-date: /root/ros2_ws/install/orbbec_camera/lib/
[1.545s] -- Up-to-date: /root/ros2_ws/install/orbbec_camera/lib//libOrbbecSDK.so
[1.545s] -- Up-to-date: /root/ros2_ws/install/orbbec_camera/lib//liblive555.so
[1.545s] -- Up-to-date: /root/ros2_ws/install/orbbec_camera/lib//libOrbbecSDK.so.1.10.15
[1.545s] -- Up-to-date: /root/ros2_ws/install/orbbec_camera/lib//libob_usb.so
[1.545s] -- Up-to-date: /root/ros2_ws/install/orbbec_camera/lib//libdepthengine.so.2.0
[1.545s] -- Up-to-date: /root/ros2_ws/install/orbbec_camera/lib//libdepthengine.so
[1.545s] -- Up-to-date: /root/ros2_ws/install/orbbec_camera/lib//libOrbbecSDK.so.1.10
[1.545s] -- Up-to-date: /root/ros2_ws/install/orbbec_camera/lib/orbbec_camera/list_devices_node
[1.545s] -- Up-to-date: /root/ros2_ws/install/orbbec_camera/lib/orbbec_camera/list_depth_work_mode_node
[1.545s] -- Up-to-date: /root/ros2_ws/install/orbbec_camera/lib/orbbec_camera/list_camera_profile_mode_node
[1.545s] -- Up-to-date: /root/ros2_ws/install/orbbec_camera/lib/orbbec_camera/topic_statistics_node
[1.545s] -- Up-to-date: /root/ros2_ws/install/orbbec_camera/share/orbbec_camera/environment/library_path.sh
[1.545s] -- Installing: /root/ros2_ws/install/orbbec_camera/share/orbbec_camera/environment/library_path.dsv
[1.545s] -- Up-to-date: /root/ros2_ws/install/orbbec_camera/share/ament_index/resource_index/package_run_dependencies/orbbec_camera
[1.546s] -- Up-to-date: /root/ros2_ws/install/orbbec_camera/share/ament_index/resource_index/parent_prefix_path/orbbec_camera
[1.546s] -- Up-to-date: /root/ros2_ws/install/orbbec_camera/share/orbbec_camera/environment/ament_prefix_path.sh
[1.546s] -- Installing: /root/ros2_ws/install/orbbec_camera/share/orbbec_camera/environment/ament_prefix_path.dsv
[1.546s] -- Up-to-date: /root/ros2_ws/install/orbbec_camera/share/orbbec_camera/environment/path.sh
[1.546s] -- Installing: /root/ros2_ws/install/orbbec_camera/share/orbbec_camera/environment/path.dsv
[1.546s] -- Up-to-date: /root/ros2_ws/install/orbbec_camera/share/orbbec_camera/local_setup.bash
[1.546s] -- Up-to-date: /root/ros2_ws/install/orbbec_camera/share/orbbec_camera/local_setup.sh
[1.546s] -- Up-to-date: /root/ros2_ws/install/orbbec_camera/share/orbbec_camera/local_setup.zsh
[1.546s] -- Installing: /root/ros2_ws/install/orbbec_camera/share/orbbec_camera/local_setup.dsv
[1.546s] -- Installing: /root/ros2_ws/install/orbbec_camera/share/orbbec_camera/package.dsv
[1.546s] -- Up-to-date: /root/ros2_ws/install/orbbec_camera/share/ament_index/resource_index/packages/orbbec_camera
[1.546s] -- Up-to-date: /root/ros2_ws/install/orbbec_camera/share/ament_index/resource_index/rclcpp_components/orbbec_camera
[1.546s] -- Up-to-date: /root/ros2_ws/install/orbbec_camera/share/orbbec_camera/cmake/ament_cmake_export_include_directories-extras.cmake
[1.546s] -- Up-to-date: /root/ros2_ws/install/orbbec_camera/share/orbbec_camera/cmake/ament_cmake_export_libraries-extras.cmake
[1.546s] -- Up-to-date: /root/ros2_ws/install/orbbec_camera/share/orbbec_camera/cmake/ament_cmake_export_dependencies-extras.cmake
[1.546s] -- Up-to-date: /root/ros2_ws/install/orbbec_camera/share/orbbec_camera/cmake/orbbec_cameraConfig.cmake
[1.546s] -- Up-to-date: /root/ros2_ws/install/orbbec_camera/share/orbbec_camera/cmake/orbbec_cameraConfig-version.cmake
[1.546s] -- Up-to-date: /root/ros2_ws/install/orbbec_camera/share/orbbec_camera/package.xml
[1.548s] Invoked command in '/root/ros2_ws/build/orbbec_camera' returned '0': AMENT_PREFIX_PATH=/root/ros2_ws/install/orbbec_camera_msgs:${AMENT_PREFIX_PATH} CMAKE_PREFIX_PATH=/root/ros2_ws/install/orbbec_camera_msgs:/opt/ros/humble LD_LIBRARY_PATH=/root/ros2_ws/install/orbbec_camera_msgs/lib:${LD_LIBRARY_PATH} PYTHONPATH=/root/ros2_ws/install/orbbec_camera_msgs/local/lib/python3.10/dist-packages:${PYTHONPATH} /usr/bin/cmake --install /root/ros2_ws/build/orbbec_camera
