[0.189s] DEBUG:colcon:Command line arguments: ['/usr/local/bin/colcon', 'build']
[0.189s] DEBUG:colcon:Parsed command line arguments: Namespace(log_base=None, log_level=None, verb_name='build', build_base='build', install_base='install', merge_install=False, symlink_install=False, test_result_base=None, continue_on_error=False, executor='parallel', parallel_workers=8, event_handlers=None, ignore_user_meta=False, metas=['./colcon.meta'], base_paths=['.'], packages_ignore=None, packages_ignore_regex=None, paths=None, packages_up_to=None, packages_up_to_regex=None, packages_above=None, packages_above_and_dependencies=None, packages_above_depth=None, packages_select_by_dep=None, packages_skip_by_dep=None, packages_skip_up_to=None, packages_select_build_failed=False, packages_skip_build_finished=False, packages_select_test_failures=False, packages_skip_test_passed=False, packages_select=None, packages_skip=None, packages_select_regex=None, packages_skip_regex=None, packages_start=None, packages_end=None, cmake_args=None, cmake_target=None, cmake_target_skip_unavailable=False, cmake_clean_cache=False, cmake_clean_first=False, cmake_force_configure=False, ament_cmake_args=None, catkin_cmake_args=None, catkin_skip_building_tests=False, verb_parser=<colcon_defaults.argument_parser.defaults.DefaultArgumentsDecorator object at 0x7708a2a3ca90>, verb_extension=<colcon_core.verb.build.BuildVerb object at 0x7708a2a3c520>, main=<bound method BuildVerb.main of <colcon_core.verb.build.BuildVerb object at 0x7708a2a3c520>>)
[0.383s] Level 1:colcon.colcon_core.package_discovery:discover_packages(colcon_meta) check parameters
[0.384s] Level 1:colcon.colcon_core.package_discovery:discover_packages(recursive) check parameters
[0.384s] Level 1:colcon.colcon_core.package_discovery:discover_packages(ignore) check parameters
[0.384s] Level 1:colcon.colcon_core.package_discovery:discover_packages(path) check parameters
[0.384s] Level 1:colcon.colcon_core.package_discovery:discover_packages(colcon_meta) discover
[0.384s] Level 1:colcon.colcon_core.package_discovery:discover_packages(recursive) discover
[0.384s] INFO:colcon.colcon_core.package_discovery:Crawling recursively for packages in '/root/ros2_ws'
[0.384s] Level 1:colcon.colcon_core.package_identification:_identify(.) by extensions ['ignore', 'ignore_ament_install']
[0.384s] Level 1:colcon.colcon_core.package_identification:_identify(.) by extension 'ignore'
[0.384s] Level 1:colcon.colcon_core.package_identification:_identify(.) by extension 'ignore_ament_install'
[0.384s] Level 1:colcon.colcon_core.package_identification:_identify(.) by extensions ['colcon_pkg']
[0.384s] Level 1:colcon.colcon_core.package_identification:_identify(.) by extension 'colcon_pkg'
[0.384s] Level 1:colcon.colcon_core.package_identification:_identify(.) by extensions ['colcon_meta']
[0.384s] Level 1:colcon.colcon_core.package_identification:_identify(.) by extension 'colcon_meta'
[0.384s] Level 1:colcon.colcon_core.package_identification:_identify(.) by extensions ['ros']
[0.384s] Level 1:colcon.colcon_core.package_identification:_identify(.) by extension 'ros'
[0.399s] Level 1:colcon.colcon_core.package_identification:_identify(.) by extensions ['cmake', 'python']
[0.399s] Level 1:colcon.colcon_core.package_identification:_identify(.) by extension 'cmake'
[0.399s] Level 1:colcon.colcon_core.package_identification:_identify(.) by extension 'python'
[0.399s] Level 1:colcon.colcon_core.package_identification:_identify(.) by extensions ['python_setup_py']
[0.399s] Level 1:colcon.colcon_core.package_identification:_identify(.) by extension 'python_setup_py'
[0.399s] Level 1:colcon.colcon_core.package_identification:_identify(build) by extensions ['ignore', 'ignore_ament_install']
[0.399s] Level 1:colcon.colcon_core.package_identification:_identify(build) by extension 'ignore'
[0.399s] Level 1:colcon.colcon_core.package_identification:_identify(build) ignored
[0.400s] Level 1:colcon.colcon_core.package_identification:_identify(install) by extensions ['ignore', 'ignore_ament_install']
[0.400s] Level 1:colcon.colcon_core.package_identification:_identify(install) by extension 'ignore'
[0.400s] Level 1:colcon.colcon_core.package_identification:_identify(install) ignored
[0.400s] Level 1:colcon.colcon_core.package_identification:_identify(log) by extensions ['ignore', 'ignore_ament_install']
[0.400s] Level 1:colcon.colcon_core.package_identification:_identify(log) by extension 'ignore'
[0.400s] Level 1:colcon.colcon_core.package_identification:_identify(log) ignored
[0.400s] Level 1:colcon.colcon_core.package_identification:_identify(src) by extensions ['ignore', 'ignore_ament_install']
[0.400s] Level 1:colcon.colcon_core.package_identification:_identify(src) by extension 'ignore'
[0.400s] Level 1:colcon.colcon_core.package_identification:_identify(src) by extension 'ignore_ament_install'
[0.400s] Level 1:colcon.colcon_core.package_identification:_identify(src) by extensions ['colcon_pkg']
[0.400s] Level 1:colcon.colcon_core.package_identification:_identify(src) by extension 'colcon_pkg'
[0.400s] Level 1:colcon.colcon_core.package_identification:_identify(src) by extensions ['colcon_meta']
[0.400s] Level 1:colcon.colcon_core.package_identification:_identify(src) by extension 'colcon_meta'
[0.400s] Level 1:colcon.colcon_core.package_identification:_identify(src) by extensions ['ros']
[0.400s] Level 1:colcon.colcon_core.package_identification:_identify(src) by extension 'ros'
[0.401s] Level 1:colcon.colcon_core.package_identification:_identify(src) by extensions ['cmake', 'python']
[0.401s] Level 1:colcon.colcon_core.package_identification:_identify(src) by extension 'cmake'
[0.401s] Level 1:colcon.colcon_core.package_identification:_identify(src) by extension 'python'
[0.401s] Level 1:colcon.colcon_core.package_identification:_identify(src) by extensions ['python_setup_py']
[0.401s] Level 1:colcon.colcon_core.package_identification:_identify(src) by extension 'python_setup_py'
[0.401s] Level 1:colcon.colcon_core.package_identification:_identify(src/flir_camera_driver) by extensions ['ignore', 'ignore_ament_install']
[0.401s] Level 1:colcon.colcon_core.package_identification:_identify(src/flir_camera_driver) by extension 'ignore'
[0.401s] Level 1:colcon.colcon_core.package_identification:_identify(src/flir_camera_driver) by extension 'ignore_ament_install'
[0.401s] Level 1:colcon.colcon_core.package_identification:_identify(src/flir_camera_driver) by extensions ['colcon_pkg']
[0.401s] Level 1:colcon.colcon_core.package_identification:_identify(src/flir_camera_driver) by extension 'colcon_pkg'
[0.401s] Level 1:colcon.colcon_core.package_identification:_identify(src/flir_camera_driver) by extensions ['colcon_meta']
[0.401s] Level 1:colcon.colcon_core.package_identification:_identify(src/flir_camera_driver) by extension 'colcon_meta'
[0.401s] Level 1:colcon.colcon_core.package_identification:_identify(src/flir_camera_driver) by extensions ['ros']
[0.401s] Level 1:colcon.colcon_core.package_identification:_identify(src/flir_camera_driver) by extension 'ros'
[0.402s] Level 1:colcon.colcon_core.package_identification:_identify(src/flir_camera_driver) by extensions ['cmake', 'python']
[0.402s] Level 1:colcon.colcon_core.package_identification:_identify(src/flir_camera_driver) by extension 'cmake'
[0.402s] Level 1:colcon.colcon_core.package_identification:_identify(src/flir_camera_driver) by extension 'python'
[0.402s] Level 1:colcon.colcon_core.package_identification:_identify(src/flir_camera_driver) by extensions ['python_setup_py']
[0.402s] Level 1:colcon.colcon_core.package_identification:_identify(src/flir_camera_driver) by extension 'python_setup_py'
[0.402s] Level 1:colcon.colcon_core.package_identification:_identify(src/flir_camera_driver/doc) by extensions ['ignore', 'ignore_ament_install']
[0.402s] Level 1:colcon.colcon_core.package_identification:_identify(src/flir_camera_driver/doc) by extension 'ignore'
[0.402s] Level 1:colcon.colcon_core.package_identification:_identify(src/flir_camera_driver/doc) by extension 'ignore_ament_install'
[0.402s] Level 1:colcon.colcon_core.package_identification:_identify(src/flir_camera_driver/doc) by extensions ['colcon_pkg']
[0.402s] Level 1:colcon.colcon_core.package_identification:_identify(src/flir_camera_driver/doc) by extension 'colcon_pkg'
[0.402s] Level 1:colcon.colcon_core.package_identification:_identify(src/flir_camera_driver/doc) by extensions ['colcon_meta']
[0.402s] Level 1:colcon.colcon_core.package_identification:_identify(src/flir_camera_driver/doc) by extension 'colcon_meta'
[0.402s] Level 1:colcon.colcon_core.package_identification:_identify(src/flir_camera_driver/doc) by extensions ['ros']
[0.402s] Level 1:colcon.colcon_core.package_identification:_identify(src/flir_camera_driver/doc) by extension 'ros'
[0.403s] Level 1:colcon.colcon_core.package_identification:_identify(src/flir_camera_driver/doc) by extensions ['cmake', 'python']
[0.403s] Level 1:colcon.colcon_core.package_identification:_identify(src/flir_camera_driver/doc) by extension 'cmake'
[0.403s] Level 1:colcon.colcon_core.package_identification:_identify(src/flir_camera_driver/doc) by extension 'python'
[0.403s] Level 1:colcon.colcon_core.package_identification:_identify(src/flir_camera_driver/doc) by extensions ['python_setup_py']
[0.403s] Level 1:colcon.colcon_core.package_identification:_identify(src/flir_camera_driver/doc) by extension 'python_setup_py'
[0.403s] Level 1:colcon.colcon_core.package_identification:_identify(src/flir_camera_driver/flir_camera_description) by extensions ['ignore', 'ignore_ament_install']
[0.403s] Level 1:colcon.colcon_core.package_identification:_identify(src/flir_camera_driver/flir_camera_description) by extension 'ignore'
[0.403s] Level 1:colcon.colcon_core.package_identification:_identify(src/flir_camera_driver/flir_camera_description) by extension 'ignore_ament_install'
[0.403s] Level 1:colcon.colcon_core.package_identification:_identify(src/flir_camera_driver/flir_camera_description) by extensions ['colcon_pkg']
[0.403s] Level 1:colcon.colcon_core.package_identification:_identify(src/flir_camera_driver/flir_camera_description) by extension 'colcon_pkg'
[0.403s] Level 1:colcon.colcon_core.package_identification:_identify(src/flir_camera_driver/flir_camera_description) by extensions ['colcon_meta']
[0.403s] Level 1:colcon.colcon_core.package_identification:_identify(src/flir_camera_driver/flir_camera_description) by extension 'colcon_meta'
[0.403s] Level 1:colcon.colcon_core.package_identification:_identify(src/flir_camera_driver/flir_camera_description) by extensions ['ros']
[0.403s] Level 1:colcon.colcon_core.package_identification:_identify(src/flir_camera_driver/flir_camera_description) by extension 'ros'
[0.407s] DEBUG:colcon.colcon_core.package_identification:Package 'src/flir_camera_driver/flir_camera_description' with type 'ros.ament_cmake' and name 'flir_camera_description'
[0.407s] Level 1:colcon.colcon_core.package_identification:_identify(src/flir_camera_driver/flir_camera_msgs) by extensions ['ignore', 'ignore_ament_install']
[0.407s] Level 1:colcon.colcon_core.package_identification:_identify(src/flir_camera_driver/flir_camera_msgs) by extension 'ignore'
[0.407s] Level 1:colcon.colcon_core.package_identification:_identify(src/flir_camera_driver/flir_camera_msgs) by extension 'ignore_ament_install'
[0.407s] Level 1:colcon.colcon_core.package_identification:_identify(src/flir_camera_driver/flir_camera_msgs) by extensions ['colcon_pkg']
[0.407s] Level 1:colcon.colcon_core.package_identification:_identify(src/flir_camera_driver/flir_camera_msgs) by extension 'colcon_pkg'
[0.407s] Level 1:colcon.colcon_core.package_identification:_identify(src/flir_camera_driver/flir_camera_msgs) by extensions ['colcon_meta']
[0.407s] Level 1:colcon.colcon_core.package_identification:_identify(src/flir_camera_driver/flir_camera_msgs) by extension 'colcon_meta'
[0.407s] Level 1:colcon.colcon_core.package_identification:_identify(src/flir_camera_driver/flir_camera_msgs) by extensions ['ros']
[0.407s] Level 1:colcon.colcon_core.package_identification:_identify(src/flir_camera_driver/flir_camera_msgs) by extension 'ros'
[0.408s] DEBUG:colcon.colcon_core.package_identification:Package 'src/flir_camera_driver/flir_camera_msgs' with type 'ros.ament_cmake' and name 'flir_camera_msgs'
[0.409s] Level 1:colcon.colcon_core.package_identification:_identify(src/flir_camera_driver/spinnaker_camera_driver) by extensions ['ignore', 'ignore_ament_install']
[0.409s] Level 1:colcon.colcon_core.package_identification:_identify(src/flir_camera_driver/spinnaker_camera_driver) by extension 'ignore'
[0.409s] Level 1:colcon.colcon_core.package_identification:_identify(src/flir_camera_driver/spinnaker_camera_driver) by extension 'ignore_ament_install'
[0.409s] Level 1:colcon.colcon_core.package_identification:_identify(src/flir_camera_driver/spinnaker_camera_driver) by extensions ['colcon_pkg']
[0.409s] Level 1:colcon.colcon_core.package_identification:_identify(src/flir_camera_driver/spinnaker_camera_driver) by extension 'colcon_pkg'
[0.409s] Level 1:colcon.colcon_core.package_identification:_identify(src/flir_camera_driver/spinnaker_camera_driver) by extensions ['colcon_meta']
[0.409s] Level 1:colcon.colcon_core.package_identification:_identify(src/flir_camera_driver/spinnaker_camera_driver) by extension 'colcon_meta'
[0.409s] Level 1:colcon.colcon_core.package_identification:_identify(src/flir_camera_driver/spinnaker_camera_driver) by extensions ['ros']
[0.409s] Level 1:colcon.colcon_core.package_identification:_identify(src/flir_camera_driver/spinnaker_camera_driver) by extension 'ros'
[0.411s] DEBUG:colcon.colcon_core.package_identification:Package 'src/flir_camera_driver/spinnaker_camera_driver' with type 'ros.ament_cmake' and name 'spinnaker_camera_driver'
[0.411s] Level 1:colcon.colcon_core.package_identification:_identify(src/flir_camera_driver/spinnaker_synchronized_camera_driver) by extensions ['ignore', 'ignore_ament_install']
[0.411s] Level 1:colcon.colcon_core.package_identification:_identify(src/flir_camera_driver/spinnaker_synchronized_camera_driver) by extension 'ignore'
[0.411s] Level 1:colcon.colcon_core.package_identification:_identify(src/flir_camera_driver/spinnaker_synchronized_camera_driver) by extension 'ignore_ament_install'
[0.411s] Level 1:colcon.colcon_core.package_identification:_identify(src/flir_camera_driver/spinnaker_synchronized_camera_driver) by extensions ['colcon_pkg']
[0.411s] Level 1:colcon.colcon_core.package_identification:_identify(src/flir_camera_driver/spinnaker_synchronized_camera_driver) by extension 'colcon_pkg'
[0.411s] Level 1:colcon.colcon_core.package_identification:_identify(src/flir_camera_driver/spinnaker_synchronized_camera_driver) by extensions ['colcon_meta']
[0.411s] Level 1:colcon.colcon_core.package_identification:_identify(src/flir_camera_driver/spinnaker_synchronized_camera_driver) by extension 'colcon_meta'
[0.411s] Level 1:colcon.colcon_core.package_identification:_identify(src/flir_camera_driver/spinnaker_synchronized_camera_driver) by extensions ['ros']
[0.412s] Level 1:colcon.colcon_core.package_identification:_identify(src/flir_camera_driver/spinnaker_synchronized_camera_driver) by extension 'ros'
[0.412s] DEBUG:colcon.colcon_core.package_identification:Package 'src/flir_camera_driver/spinnaker_synchronized_camera_driver' with type 'ros.ament_cmake' and name 'spinnaker_synchronized_camera_driver'
[0.412s] Level 1:colcon.colcon_core.package_discovery:discover_packages(recursive) using defaults
[0.413s] Level 1:colcon.colcon_core.package_discovery:discover_packages(ignore) discover
[0.413s] Level 1:colcon.colcon_core.package_discovery:discover_packages(ignore) using defaults
[0.413s] Level 1:colcon.colcon_core.package_discovery:discover_packages(path) discover
[0.413s] Level 1:colcon.colcon_core.package_discovery:discover_packages(path) using defaults
[0.440s] Level 5:colcon.colcon_core.verb:set package 'flir_camera_description' build argument 'cmake_args' from command line to 'None'
[0.440s] Level 5:colcon.colcon_core.verb:set package 'flir_camera_description' build argument 'cmake_target' from command line to 'None'
[0.440s] Level 5:colcon.colcon_core.verb:set package 'flir_camera_description' build argument 'cmake_target_skip_unavailable' from command line to 'False'
[0.440s] Level 5:colcon.colcon_core.verb:set package 'flir_camera_description' build argument 'cmake_clean_cache' from command line to 'False'
[0.440s] Level 5:colcon.colcon_core.verb:set package 'flir_camera_description' build argument 'cmake_clean_first' from command line to 'False'
[0.440s] Level 5:colcon.colcon_core.verb:set package 'flir_camera_description' build argument 'cmake_force_configure' from command line to 'False'
[0.440s] Level 5:colcon.colcon_core.verb:set package 'flir_camera_description' build argument 'ament_cmake_args' from command line to 'None'
[0.440s] Level 5:colcon.colcon_core.verb:set package 'flir_camera_description' build argument 'catkin_cmake_args' from command line to 'None'
[0.440s] Level 5:colcon.colcon_core.verb:set package 'flir_camera_description' build argument 'catkin_skip_building_tests' from command line to 'False'
[0.440s] DEBUG:colcon.colcon_core.verb:Building package 'flir_camera_description' with the following arguments: {'ament_cmake_args': None, 'build_base': '/root/ros2_ws/build/flir_camera_description', 'catkin_cmake_args': None, 'catkin_skip_building_tests': False, 'cmake_args': None, 'cmake_clean_cache': False, 'cmake_clean_first': False, 'cmake_force_configure': False, 'cmake_target': None, 'cmake_target_skip_unavailable': False, 'install_base': '/root/ros2_ws/install/flir_camera_description', 'merge_install': False, 'path': '/root/ros2_ws/src/flir_camera_driver/flir_camera_description', 'symlink_install': False, 'test_result_base': None}
[0.440s] Level 5:colcon.colcon_core.verb:set package 'flir_camera_msgs' build argument 'cmake_args' from command line to 'None'
[0.440s] Level 5:colcon.colcon_core.verb:set package 'flir_camera_msgs' build argument 'cmake_target' from command line to 'None'
[0.440s] Level 5:colcon.colcon_core.verb:set package 'flir_camera_msgs' build argument 'cmake_target_skip_unavailable' from command line to 'False'
[0.440s] Level 5:colcon.colcon_core.verb:set package 'flir_camera_msgs' build argument 'cmake_clean_cache' from command line to 'False'
[0.440s] Level 5:colcon.colcon_core.verb:set package 'flir_camera_msgs' build argument 'cmake_clean_first' from command line to 'False'
[0.441s] Level 5:colcon.colcon_core.verb:set package 'flir_camera_msgs' build argument 'cmake_force_configure' from command line to 'False'
[0.441s] Level 5:colcon.colcon_core.verb:set package 'flir_camera_msgs' build argument 'ament_cmake_args' from command line to 'None'
[0.441s] Level 5:colcon.colcon_core.verb:set package 'flir_camera_msgs' build argument 'catkin_cmake_args' from command line to 'None'
[0.441s] Level 5:colcon.colcon_core.verb:set package 'flir_camera_msgs' build argument 'catkin_skip_building_tests' from command line to 'False'
[0.441s] DEBUG:colcon.colcon_core.verb:Building package 'flir_camera_msgs' with the following arguments: {'ament_cmake_args': None, 'build_base': '/root/ros2_ws/build/flir_camera_msgs', 'catkin_cmake_args': None, 'catkin_skip_building_tests': False, 'cmake_args': None, 'cmake_clean_cache': False, 'cmake_clean_first': False, 'cmake_force_configure': False, 'cmake_target': None, 'cmake_target_skip_unavailable': False, 'install_base': '/root/ros2_ws/install/flir_camera_msgs', 'merge_install': False, 'path': '/root/ros2_ws/src/flir_camera_driver/flir_camera_msgs', 'symlink_install': False, 'test_result_base': None}
[0.441s] Level 5:colcon.colcon_core.verb:set package 'spinnaker_camera_driver' build argument 'cmake_args' from command line to 'None'
[0.441s] Level 5:colcon.colcon_core.verb:set package 'spinnaker_camera_driver' build argument 'cmake_target' from command line to 'None'
[0.441s] Level 5:colcon.colcon_core.verb:set package 'spinnaker_camera_driver' build argument 'cmake_target_skip_unavailable' from command line to 'False'
[0.441s] Level 5:colcon.colcon_core.verb:set package 'spinnaker_camera_driver' build argument 'cmake_clean_cache' from command line to 'False'
[0.441s] Level 5:colcon.colcon_core.verb:set package 'spinnaker_camera_driver' build argument 'cmake_clean_first' from command line to 'False'
[0.441s] Level 5:colcon.colcon_core.verb:set package 'spinnaker_camera_driver' build argument 'cmake_force_configure' from command line to 'False'
[0.441s] Level 5:colcon.colcon_core.verb:set package 'spinnaker_camera_driver' build argument 'ament_cmake_args' from command line to 'None'
[0.441s] Level 5:colcon.colcon_core.verb:set package 'spinnaker_camera_driver' build argument 'catkin_cmake_args' from command line to 'None'
[0.441s] Level 5:colcon.colcon_core.verb:set package 'spinnaker_camera_driver' build argument 'catkin_skip_building_tests' from command line to 'False'
[0.441s] DEBUG:colcon.colcon_core.verb:Building package 'spinnaker_camera_driver' with the following arguments: {'ament_cmake_args': None, 'build_base': '/root/ros2_ws/build/spinnaker_camera_driver', 'catkin_cmake_args': None, 'catkin_skip_building_tests': False, 'cmake_args': None, 'cmake_clean_cache': False, 'cmake_clean_first': False, 'cmake_force_configure': False, 'cmake_target': None, 'cmake_target_skip_unavailable': False, 'install_base': '/root/ros2_ws/install/spinnaker_camera_driver', 'merge_install': False, 'path': '/root/ros2_ws/src/flir_camera_driver/spinnaker_camera_driver', 'symlink_install': False, 'test_result_base': None}
[0.442s] Level 5:colcon.colcon_core.verb:set package 'spinnaker_synchronized_camera_driver' build argument 'cmake_args' from command line to 'None'
[0.442s] Level 5:colcon.colcon_core.verb:set package 'spinnaker_synchronized_camera_driver' build argument 'cmake_target' from command line to 'None'
[0.442s] Level 5:colcon.colcon_core.verb:set package 'spinnaker_synchronized_camera_driver' build argument 'cmake_target_skip_unavailable' from command line to 'False'
[0.442s] Level 5:colcon.colcon_core.verb:set package 'spinnaker_synchronized_camera_driver' build argument 'cmake_clean_cache' from command line to 'False'
[0.442s] Level 5:colcon.colcon_core.verb:set package 'spinnaker_synchronized_camera_driver' build argument 'cmake_clean_first' from command line to 'False'
[0.442s] Level 5:colcon.colcon_core.verb:set package 'spinnaker_synchronized_camera_driver' build argument 'cmake_force_configure' from command line to 'False'
[0.442s] Level 5:colcon.colcon_core.verb:set package 'spinnaker_synchronized_camera_driver' build argument 'ament_cmake_args' from command line to 'None'
[0.442s] Level 5:colcon.colcon_core.verb:set package 'spinnaker_synchronized_camera_driver' build argument 'catkin_cmake_args' from command line to 'None'
[0.442s] Level 5:colcon.colcon_core.verb:set package 'spinnaker_synchronized_camera_driver' build argument 'catkin_skip_building_tests' from command line to 'False'
[0.442s] DEBUG:colcon.colcon_core.verb:Building package 'spinnaker_synchronized_camera_driver' with the following arguments: {'ament_cmake_args': None, 'build_base': '/root/ros2_ws/build/spinnaker_synchronized_camera_driver', 'catkin_cmake_args': None, 'catkin_skip_building_tests': False, 'cmake_args': None, 'cmake_clean_cache': False, 'cmake_clean_first': False, 'cmake_force_configure': False, 'cmake_target': None, 'cmake_target_skip_unavailable': False, 'install_base': '/root/ros2_ws/install/spinnaker_synchronized_camera_driver', 'merge_install': False, 'path': '/root/ros2_ws/src/flir_camera_driver/spinnaker_synchronized_camera_driver', 'symlink_install': False, 'test_result_base': None}
[0.442s] INFO:colcon.colcon_core.executor:Executing jobs using 'parallel' executor
[0.443s] DEBUG:colcon.colcon_parallel_executor.executor.parallel:run_until_complete
[0.444s] INFO:colcon.colcon_ros.task.ament_cmake.build:Building ROS package in '/root/ros2_ws/src/flir_camera_driver/flir_camera_msgs' with build type 'ament_cmake'
[0.444s] INFO:colcon.colcon_cmake.task.cmake.build:Building CMake package in '/root/ros2_ws/src/flir_camera_driver/flir_camera_msgs'
[0.447s] INFO:colcon.colcon_core.plugin_system:Skipping extension 'colcon_core.shell.bat': Not used on non-Windows systems
[0.447s] INFO:colcon.colcon_core.shell:Skip shell extension 'powershell' for command environment: Not usable outside of PowerShell
[0.447s] DEBUG:colcon.colcon_core.shell:Skip shell extension 'dsv' for command environment
[0.453s] INFO:colcon.colcon_ros.task.ament_cmake.build:Building ROS package in '/root/ros2_ws/src/flir_camera_driver/flir_camera_description' with build type 'ament_cmake'
[0.453s] INFO:colcon.colcon_cmake.task.cmake.build:Building CMake package in '/root/ros2_ws/src/flir_camera_driver/flir_camera_description'
[0.454s] INFO:colcon.colcon_core.shell:Skip shell extension 'powershell' for command environment: Not usable outside of PowerShell
[0.454s] DEBUG:colcon.colcon_core.shell:Skip shell extension 'dsv' for command environment
[0.463s] DEBUG:colcon.colcon_core.event_handler.log_command:Invoking command in '/root/ros2_ws/build/flir_camera_msgs': CMAKE_PREFIX_PATH=/opt/ros/humble /usr/bin/cmake --build /root/ros2_ws/build/flir_camera_msgs -- -j8 -l8
[0.470s] DEBUG:colcon.colcon_core.event_handler.log_command:Invoking command in '/root/ros2_ws/build/flir_camera_description': CMAKE_PREFIX_PATH=/opt/ros/humble /usr/bin/cmake --build /root/ros2_ws/build/flir_camera_description -- -j8 -l8
[0.852s] DEBUG:colcon.colcon_core.event_handler.log_command:Invoked command in '/root/ros2_ws/build/flir_camera_description' returned '0': CMAKE_PREFIX_PATH=/opt/ros/humble /usr/bin/cmake --build /root/ros2_ws/build/flir_camera_description -- -j8 -l8
[0.889s] DEBUG:colcon.colcon_core.event_handler.log_command:Invoking command in '/root/ros2_ws/build/flir_camera_description': CMAKE_PREFIX_PATH=/opt/ros/humble /usr/bin/cmake --install /root/ros2_ws/build/flir_camera_description
[0.915s] Level 1:colcon.colcon_core.environment:create_environment_scripts_only(flir_camera_description)
[0.915s] DEBUG:colcon.colcon_core.event_handler.log_command:Invoked command in '/root/ros2_ws/build/flir_camera_description' returned '0': CMAKE_PREFIX_PATH=/opt/ros/humble /usr/bin/cmake --install /root/ros2_ws/build/flir_camera_description
[0.917s] Level 1:colcon.colcon_core.environment:checking '/root/ros2_ws/install/flir_camera_description' for CMake module files
[0.918s] Level 1:colcon.colcon_core.environment:checking '/root/ros2_ws/install/flir_camera_description' for CMake config files
[0.919s] Level 1:colcon.colcon_core.shell:create_environment_hook('flir_camera_description', 'cmake_prefix_path')
[0.919s] INFO:colcon.colcon_core.shell:Creating environment hook '/root/ros2_ws/install/flir_camera_description/share/flir_camera_description/hook/cmake_prefix_path.ps1'
[0.920s] INFO:colcon.colcon_core.shell:Creating environment descriptor '/root/ros2_ws/install/flir_camera_description/share/flir_camera_description/hook/cmake_prefix_path.dsv'
[0.920s] INFO:colcon.colcon_core.shell:Creating environment hook '/root/ros2_ws/install/flir_camera_description/share/flir_camera_description/hook/cmake_prefix_path.sh'
[0.921s] Level 1:colcon.colcon_core.environment:checking '/root/ros2_ws/install/flir_camera_description/bin'
[0.921s] Level 1:colcon.colcon_core.environment:checking '/root/ros2_ws/install/flir_camera_description/lib/pkgconfig/flir_camera_description.pc'
[0.923s] Level 1:colcon.colcon_core.environment:checking '/root/ros2_ws/install/flir_camera_description/lib/python3.10/site-packages'
[0.924s] Level 1:colcon.colcon_core.environment:checking '/root/ros2_ws/install/flir_camera_description/bin'
[0.924s] INFO:colcon.colcon_core.shell:Creating package script '/root/ros2_ws/install/flir_camera_description/share/flir_camera_description/package.ps1'
[0.925s] INFO:colcon.colcon_core.shell:Creating package descriptor '/root/ros2_ws/install/flir_camera_description/share/flir_camera_description/package.dsv'
[0.926s] INFO:colcon.colcon_core.shell:Creating package script '/root/ros2_ws/install/flir_camera_description/share/flir_camera_description/package.sh'
[0.927s] INFO:colcon.colcon_core.shell:Creating package script '/root/ros2_ws/install/flir_camera_description/share/flir_camera_description/package.bash'
[0.927s] INFO:colcon.colcon_core.shell:Creating package script '/root/ros2_ws/install/flir_camera_description/share/flir_camera_description/package.zsh'
[0.928s] Level 1:colcon.colcon_core.environment:create_file_with_runtime_dependencies(/root/ros2_ws/install/flir_camera_description/share/colcon-core/packages/flir_camera_description)
[0.954s] Level 1:colcon.colcon_core.environment:create_environment_scripts_only(flir_camera_description)
[0.954s] Level 1:colcon.colcon_core.environment:checking '/root/ros2_ws/install/flir_camera_description' for CMake module files
[0.955s] Level 1:colcon.colcon_core.environment:checking '/root/ros2_ws/install/flir_camera_description' for CMake config files
[0.955s] Level 1:colcon.colcon_core.shell:create_environment_hook('flir_camera_description', 'cmake_prefix_path')
[0.956s] INFO:colcon.colcon_core.shell:Creating environment hook '/root/ros2_ws/install/flir_camera_description/share/flir_camera_description/hook/cmake_prefix_path.ps1'
[0.957s] INFO:colcon.colcon_core.shell:Creating environment descriptor '/root/ros2_ws/install/flir_camera_description/share/flir_camera_description/hook/cmake_prefix_path.dsv'
[0.957s] INFO:colcon.colcon_core.shell:Creating environment hook '/root/ros2_ws/install/flir_camera_description/share/flir_camera_description/hook/cmake_prefix_path.sh'
[0.958s] Level 1:colcon.colcon_core.environment:checking '/root/ros2_ws/install/flir_camera_description/bin'
[0.958s] Level 1:colcon.colcon_core.environment:checking '/root/ros2_ws/install/flir_camera_description/lib/pkgconfig/flir_camera_description.pc'
[0.958s] Level 1:colcon.colcon_core.environment:checking '/root/ros2_ws/install/flir_camera_description/lib/python3.10/site-packages'
[0.958s] Level 1:colcon.colcon_core.environment:checking '/root/ros2_ws/install/flir_camera_description/bin'
[0.958s] INFO:colcon.colcon_core.shell:Creating package script '/root/ros2_ws/install/flir_camera_description/share/flir_camera_description/package.ps1'
[0.959s] INFO:colcon.colcon_core.shell:Creating package descriptor '/root/ros2_ws/install/flir_camera_description/share/flir_camera_description/package.dsv'
[0.959s] INFO:colcon.colcon_core.shell:Creating package script '/root/ros2_ws/install/flir_camera_description/share/flir_camera_description/package.sh'
[0.960s] INFO:colcon.colcon_core.shell:Creating package script '/root/ros2_ws/install/flir_camera_description/share/flir_camera_description/package.bash'
[0.960s] INFO:colcon.colcon_core.shell:Creating package script '/root/ros2_ws/install/flir_camera_description/share/flir_camera_description/package.zsh'
[0.960s] Level 1:colcon.colcon_core.environment:create_file_with_runtime_dependencies(/root/ros2_ws/install/flir_camera_description/share/colcon-core/packages/flir_camera_description)
[2.099s] DEBUG:colcon.colcon_core.event_handler.log_command:Invoked command in '/root/ros2_ws/build/flir_camera_msgs' returned '0': CMAKE_PREFIX_PATH=/opt/ros/humble /usr/bin/cmake --build /root/ros2_ws/build/flir_camera_msgs -- -j8 -l8
[2.182s] DEBUG:colcon.colcon_core.event_handler.log_command:Invoking command in '/root/ros2_ws/build/flir_camera_msgs': CMAKE_PREFIX_PATH=/opt/ros/humble /usr/bin/cmake --install /root/ros2_ws/build/flir_camera_msgs
[2.266s] Level 1:colcon.colcon_core.environment:create_environment_scripts_only(flir_camera_msgs)
[2.266s] DEBUG:colcon.colcon_core.event_handler.log_command:Invoked command in '/root/ros2_ws/build/flir_camera_msgs' returned '0': CMAKE_PREFIX_PATH=/opt/ros/humble /usr/bin/cmake --install /root/ros2_ws/build/flir_camera_msgs
[2.266s] Level 1:colcon.colcon_core.environment:checking '/root/ros2_ws/install/flir_camera_msgs' for CMake module files
[2.267s] Level 1:colcon.colcon_core.environment:checking '/root/ros2_ws/install/flir_camera_msgs' for CMake config files
[2.268s] Level 1:colcon.colcon_core.shell:create_environment_hook('flir_camera_msgs', 'cmake_prefix_path')
[2.268s] INFO:colcon.colcon_core.shell:Creating environment hook '/root/ros2_ws/install/flir_camera_msgs/share/flir_camera_msgs/hook/cmake_prefix_path.ps1'
[2.268s] INFO:colcon.colcon_core.shell:Creating environment descriptor '/root/ros2_ws/install/flir_camera_msgs/share/flir_camera_msgs/hook/cmake_prefix_path.dsv'
[2.269s] INFO:colcon.colcon_core.shell:Creating environment hook '/root/ros2_ws/install/flir_camera_msgs/share/flir_camera_msgs/hook/cmake_prefix_path.sh'
[2.269s] Level 1:colcon.colcon_core.environment:checking '/root/ros2_ws/install/flir_camera_msgs/lib'
[2.270s] Level 1:colcon.colcon_core.shell:create_environment_hook('flir_camera_msgs', 'ld_library_path_lib')
[2.270s] INFO:colcon.colcon_core.shell:Creating environment hook '/root/ros2_ws/install/flir_camera_msgs/share/flir_camera_msgs/hook/ld_library_path_lib.ps1'
[2.270s] INFO:colcon.colcon_core.shell:Creating environment descriptor '/root/ros2_ws/install/flir_camera_msgs/share/flir_camera_msgs/hook/ld_library_path_lib.dsv'
[2.270s] INFO:colcon.colcon_core.shell:Creating environment hook '/root/ros2_ws/install/flir_camera_msgs/share/flir_camera_msgs/hook/ld_library_path_lib.sh'
[2.271s] Level 1:colcon.colcon_core.environment:checking '/root/ros2_ws/install/flir_camera_msgs/bin'
[2.271s] Level 1:colcon.colcon_core.environment:checking '/root/ros2_ws/install/flir_camera_msgs/lib/pkgconfig/flir_camera_msgs.pc'
[2.271s] Level 1:colcon.colcon_core.environment:checking '/root/ros2_ws/install/flir_camera_msgs/lib/python3.10/site-packages'
[2.271s] Level 1:colcon.colcon_core.environment:checking '/root/ros2_ws/install/flir_camera_msgs/bin'
[2.271s] INFO:colcon.colcon_core.shell:Creating package script '/root/ros2_ws/install/flir_camera_msgs/share/flir_camera_msgs/package.ps1'
[2.272s] INFO:colcon.colcon_core.shell:Creating package descriptor '/root/ros2_ws/install/flir_camera_msgs/share/flir_camera_msgs/package.dsv'
[2.272s] INFO:colcon.colcon_core.shell:Creating package script '/root/ros2_ws/install/flir_camera_msgs/share/flir_camera_msgs/package.sh'
[2.273s] INFO:colcon.colcon_core.shell:Creating package script '/root/ros2_ws/install/flir_camera_msgs/share/flir_camera_msgs/package.bash'
[2.273s] INFO:colcon.colcon_core.shell:Creating package script '/root/ros2_ws/install/flir_camera_msgs/share/flir_camera_msgs/package.zsh'
[2.274s] Level 1:colcon.colcon_core.environment:create_file_with_runtime_dependencies(/root/ros2_ws/install/flir_camera_msgs/share/colcon-core/packages/flir_camera_msgs)
[2.359s] Level 1:colcon.colcon_core.environment:create_environment_scripts_only(flir_camera_msgs)
[2.359s] Level 1:colcon.colcon_core.environment:checking '/root/ros2_ws/install/flir_camera_msgs' for CMake module files
[2.360s] Level 1:colcon.colcon_core.environment:checking '/root/ros2_ws/install/flir_camera_msgs' for CMake config files
[2.360s] Level 1:colcon.colcon_core.shell:create_environment_hook('flir_camera_msgs', 'cmake_prefix_path')
[2.360s] INFO:colcon.colcon_core.shell:Creating environment hook '/root/ros2_ws/install/flir_camera_msgs/share/flir_camera_msgs/hook/cmake_prefix_path.ps1'
[2.361s] INFO:colcon.colcon_core.shell:Creating environment descriptor '/root/ros2_ws/install/flir_camera_msgs/share/flir_camera_msgs/hook/cmake_prefix_path.dsv'
[2.361s] INFO:colcon.colcon_core.shell:Creating environment hook '/root/ros2_ws/install/flir_camera_msgs/share/flir_camera_msgs/hook/cmake_prefix_path.sh'
[2.362s] Level 1:colcon.colcon_core.environment:checking '/root/ros2_ws/install/flir_camera_msgs/lib'
[2.362s] Level 1:colcon.colcon_core.shell:create_environment_hook('flir_camera_msgs', 'ld_library_path_lib')
[2.362s] INFO:colcon.colcon_core.shell:Creating environment hook '/root/ros2_ws/install/flir_camera_msgs/share/flir_camera_msgs/hook/ld_library_path_lib.ps1'
[2.362s] INFO:colcon.colcon_core.shell:Creating environment descriptor '/root/ros2_ws/install/flir_camera_msgs/share/flir_camera_msgs/hook/ld_library_path_lib.dsv'
[2.363s] INFO:colcon.colcon_core.shell:Creating environment hook '/root/ros2_ws/install/flir_camera_msgs/share/flir_camera_msgs/hook/ld_library_path_lib.sh'
[2.363s] Level 1:colcon.colcon_core.environment:checking '/root/ros2_ws/install/flir_camera_msgs/bin'
[2.363s] Level 1:colcon.colcon_core.environment:checking '/root/ros2_ws/install/flir_camera_msgs/lib/pkgconfig/flir_camera_msgs.pc'
[2.364s] Level 1:colcon.colcon_core.environment:checking '/root/ros2_ws/install/flir_camera_msgs/lib/python3.10/site-packages'
[2.364s] Level 1:colcon.colcon_core.environment:checking '/root/ros2_ws/install/flir_camera_msgs/bin'
[2.364s] INFO:colcon.colcon_core.shell:Creating package script '/root/ros2_ws/install/flir_camera_msgs/share/flir_camera_msgs/package.ps1'
[2.364s] INFO:colcon.colcon_core.shell:Creating package descriptor '/root/ros2_ws/install/flir_camera_msgs/share/flir_camera_msgs/package.dsv'
[2.365s] INFO:colcon.colcon_core.shell:Creating package script '/root/ros2_ws/install/flir_camera_msgs/share/flir_camera_msgs/package.sh'
[2.365s] INFO:colcon.colcon_core.shell:Creating package script '/root/ros2_ws/install/flir_camera_msgs/share/flir_camera_msgs/package.bash'
[2.366s] INFO:colcon.colcon_core.shell:Creating package script '/root/ros2_ws/install/flir_camera_msgs/share/flir_camera_msgs/package.zsh'
[2.366s] Level 1:colcon.colcon_core.environment:create_file_with_runtime_dependencies(/root/ros2_ws/install/flir_camera_msgs/share/colcon-core/packages/flir_camera_msgs)
[2.366s] INFO:colcon.colcon_ros.task.ament_cmake.build:Building ROS package in '/root/ros2_ws/src/flir_camera_driver/spinnaker_camera_driver' with build type 'ament_cmake'
[2.366s] INFO:colcon.colcon_cmake.task.cmake.build:Building CMake package in '/root/ros2_ws/src/flir_camera_driver/spinnaker_camera_driver'
[2.367s] INFO:colcon.colcon_core.shell:Skip shell extension 'powershell' for command environment: Not usable outside of PowerShell
[2.367s] DEBUG:colcon.colcon_core.shell:Skip shell extension 'dsv' for command environment
[2.378s] DEBUG:colcon.colcon_core.event_handler.log_command:Invoking command in '/root/ros2_ws/build/spinnaker_camera_driver': AMENT_PREFIX_PATH=/root/ros2_ws/install/flir_camera_msgs:${AMENT_PREFIX_PATH} CMAKE_PREFIX_PATH=/root/ros2_ws/install/flir_camera_msgs:/opt/ros/humble LD_LIBRARY_PATH=/root/ros2_ws/install/flir_camera_msgs/lib:${LD_LIBRARY_PATH} PYTHONPATH=/root/ros2_ws/install/flir_camera_msgs/local/lib/python3.10/dist-packages:${PYTHONPATH} /usr/bin/cmake /root/ros2_ws/src/flir_camera_driver/spinnaker_camera_driver -DCMAKE_INSTALL_PREFIX=/root/ros2_ws/install/spinnaker_camera_driver
[3.043s] DEBUG:colcon.colcon_core.event_handler.log_command:Invoked command in '/root/ros2_ws/build/spinnaker_camera_driver' returned '1': AMENT_PREFIX_PATH=/root/ros2_ws/install/flir_camera_msgs:${AMENT_PREFIX_PATH} CMAKE_PREFIX_PATH=/root/ros2_ws/install/flir_camera_msgs:/opt/ros/humble LD_LIBRARY_PATH=/root/ros2_ws/install/flir_camera_msgs/lib:${LD_LIBRARY_PATH} PYTHONPATH=/root/ros2_ws/install/flir_camera_msgs/local/lib/python3.10/dist-packages:${PYTHONPATH} /usr/bin/cmake /root/ros2_ws/src/flir_camera_driver/spinnaker_camera_driver -DCMAKE_INSTALL_PREFIX=/root/ros2_ws/install/spinnaker_camera_driver
[3.058s] Level 1:colcon.colcon_core.environment:create_environment_scripts_only(spinnaker_camera_driver)
[3.058s] Level 1:colcon.colcon_core.environment:checking '/root/ros2_ws/install/spinnaker_camera_driver' for CMake module files
[3.059s] Level 1:colcon.colcon_core.environment:checking '/root/ros2_ws/install/spinnaker_camera_driver' for CMake config files
[3.059s] Level 1:colcon.colcon_core.environment:checking '/root/ros2_ws/install/spinnaker_camera_driver/bin'
[3.059s] Level 1:colcon.colcon_core.environment:checking '/root/ros2_ws/install/spinnaker_camera_driver/lib/pkgconfig/spinnaker_camera_driver.pc'
[3.059s] Level 1:colcon.colcon_core.environment:checking '/root/ros2_ws/install/spinnaker_camera_driver/lib/python3.10/site-packages'
[3.059s] Level 1:colcon.colcon_core.environment:checking '/root/ros2_ws/install/spinnaker_camera_driver/bin'
[3.060s] INFO:colcon.colcon_core.shell:Creating package script '/root/ros2_ws/install/spinnaker_camera_driver/share/spinnaker_camera_driver/package.ps1'
[3.060s] INFO:colcon.colcon_core.shell:Creating package descriptor '/root/ros2_ws/install/spinnaker_camera_driver/share/spinnaker_camera_driver/package.dsv'
[3.060s] INFO:colcon.colcon_core.shell:Creating package script '/root/ros2_ws/install/spinnaker_camera_driver/share/spinnaker_camera_driver/package.sh'
[3.061s] INFO:colcon.colcon_core.shell:Creating package script '/root/ros2_ws/install/spinnaker_camera_driver/share/spinnaker_camera_driver/package.bash'
[3.061s] INFO:colcon.colcon_core.shell:Creating package script '/root/ros2_ws/install/spinnaker_camera_driver/share/spinnaker_camera_driver/package.zsh'
[3.061s] Level 1:colcon.colcon_core.environment:create_file_with_runtime_dependencies(/root/ros2_ws/install/spinnaker_camera_driver/share/colcon-core/packages/spinnaker_camera_driver)
[3.072s] DEBUG:colcon.colcon_parallel_executor.executor.parallel:closing loop
[3.072s] DEBUG:colcon.colcon_parallel_executor.executor.parallel:loop closed
[3.072s] DEBUG:colcon.colcon_parallel_executor.executor.parallel:run_until_complete finished with '1'
[3.072s] DEBUG:colcon.colcon_core.event_reactor:joining thread
[3.081s] INFO:colcon.colcon_core.plugin_system:Skipping extension 'colcon_notification.desktop_notification.notify_send': Could not find 'notify-send'
[3.081s] INFO:colcon.colcon_core.plugin_system:Skipping extension 'colcon_notification.desktop_notification.terminal_notifier': Not used on non-Darwin systems
[3.081s] INFO:colcon.colcon_core.plugin_system:Skipping extension 'colcon_notification.desktop_notification.win32': Not used on non-Windows systems
[3.081s] INFO:colcon.colcon_notification.desktop_notification:Sending desktop notification using 'notify2'
[3.099s] DEBUG:colcon.colcon_notification.desktop_notification.notify2:Failed to initialize notify2: org.freedesktop.DBus.Error.ServiceUnknown: The name org.freedesktop.Notifications was not provided by any .service files
[3.100s] DEBUG:colcon.colcon_core.event_reactor:joined thread
[3.100s] INFO:colcon.colcon_core.shell:Creating prefix script '/root/ros2_ws/install/local_setup.ps1'
[3.101s] INFO:colcon.colcon_core.shell:Creating prefix util module '/root/ros2_ws/install/_local_setup_util_ps1.py'
[3.103s] INFO:colcon.colcon_core.shell:Creating prefix chain script '/root/ros2_ws/install/setup.ps1'
[3.103s] INFO:colcon.colcon_core.shell:Creating prefix script '/root/ros2_ws/install/local_setup.sh'
[3.104s] INFO:colcon.colcon_core.shell:Creating prefix util module '/root/ros2_ws/install/_local_setup_util_sh.py'
[3.105s] INFO:colcon.colcon_core.shell:Creating prefix chain script '/root/ros2_ws/install/setup.sh'
[3.105s] INFO:colcon.colcon_core.shell:Creating prefix script '/root/ros2_ws/install/local_setup.bash'
[3.106s] INFO:colcon.colcon_core.shell:Creating prefix chain script '/root/ros2_ws/install/setup.bash'
[3.107s] INFO:colcon.colcon_core.shell:Creating prefix script '/root/ros2_ws/install/local_setup.zsh'
[3.107s] INFO:colcon.colcon_core.shell:Creating prefix chain script '/root/ros2_ws/install/setup.zsh'
