running egg_info
creating ../../build/save_files/save_files.egg-info
writing ../../build/save_files/save_files.egg-info/PKG-INFO
writing dependency_links to ../../build/save_files/save_files.egg-info/dependency_links.txt
writing entry points to ../../build/save_files/save_files.egg-info/entry_points.txt
writing requirements to ../../build/save_files/save_files.egg-info/requires.txt
writing top-level names to ../../build/save_files/save_files.egg-info/top_level.txt
writing manifest file '../../build/save_files/save_files.egg-info/SOURCES.txt'
reading manifest file '../../build/save_files/save_files.egg-info/SOURCES.txt'
writing manifest file '../../build/save_files/save_files.egg-info/SOURCES.txt'
running build
running build_py
creating /root/ros2_ws/build/save_files/build
creating /root/ros2_ws/build/save_files/build/lib
creating /root/ros2_ws/build/save_files/build/lib/save_files
copying save_files/save_files_node.py -> /root/ros2_ws/build/save_files/build/lib/save_files
copying save_files/__init__.py -> /root/ros2_ws/build/save_files/build/lib/save_files
running install
running install_lib
creating /root/ros2_ws/install/save_files/lib/python3.10/site-packages/save_files
copying /root/ros2_ws/build/save_files/build/lib/save_files/save_files_node.py -> /root/ros2_ws/install/save_files/lib/python3.10/site-packages/save_files
copying /root/ros2_ws/build/save_files/build/lib/save_files/__init__.py -> /root/ros2_ws/install/save_files/lib/python3.10/site-packages/save_files
byte-compiling /root/ros2_ws/install/save_files/lib/python3.10/site-packages/save_files/save_files_node.py to save_files_node.cpython-310.pyc
byte-compiling /root/ros2_ws/install/save_files/lib/python3.10/site-packages/save_files/__init__.py to __init__.cpython-310.pyc
running install_data
creating /root/ros2_ws/install/save_files/share/ament_index
creating /root/ros2_ws/install/save_files/share/ament_index/resource_index
creating /root/ros2_ws/install/save_files/share/ament_index/resource_index/packages
copying resource/save_files -> /root/ros2_ws/install/save_files/share/ament_index/resource_index/packages
copying package.xml -> /root/ros2_ws/install/save_files/share/save_files
running install_egg_info
Copying ../../build/save_files/save_files.egg-info to /root/ros2_ws/install/save_files/lib/python3.10/site-packages/save_files-0.0.0-py3.10.egg-info
running install_scripts
Installing save_files_node script to /root/ros2_ws/install/save_files/lib/save_files
writing list of installed files to '/root/ros2_ws/build/save_files/install.log'
