[0.724s] Invoking command in '/root/ros2_ws/src/save_files': PYTHONPATH=/root/ros2_ws/build/save_files/prefix_override:/usr/lib/python3/dist-packages/colcon_core/task/python/colcon_distutils_commands:/root/ros2_ws/install/save_files/lib/python3.10/site-packages:${PYTHONPATH} /usr/bin/python3 -W ignore:setup.py install is deprecated setup.py egg_info --egg-base ../../build/save_files build --build-base /root/ros2_ws/build/save_files/build install --record /root/ros2_ws/build/save_files/install.log --single-version-externally-managed install_data
[0.983s] running egg_info
[0.984s] creating ../../build/save_files/save_files.egg-info
[0.984s] writing ../../build/save_files/save_files.egg-info/PKG-INFO
[0.984s] writing dependency_links to ../../build/save_files/save_files.egg-info/dependency_links.txt
[0.984s] writing entry points to ../../build/save_files/save_files.egg-info/entry_points.txt
[0.984s] writing requirements to ../../build/save_files/save_files.egg-info/requires.txt
[0.984s] writing top-level names to ../../build/save_files/save_files.egg-info/top_level.txt
[0.985s] writing manifest file '../../build/save_files/save_files.egg-info/SOURCES.txt'
[0.987s] reading manifest file '../../build/save_files/save_files.egg-info/SOURCES.txt'
[0.987s] writing manifest file '../../build/save_files/save_files.egg-info/SOURCES.txt'
[0.988s] running build
[0.988s] running build_py
[0.988s] creating /root/ros2_ws/build/save_files/build
[0.988s] creating /root/ros2_ws/build/save_files/build/lib
[0.988s] creating /root/ros2_ws/build/save_files/build/lib/save_files
[0.988s] copying save_files/save_files_node.py -> /root/ros2_ws/build/save_files/build/lib/save_files
[0.988s] copying save_files/__init__.py -> /root/ros2_ws/build/save_files/build/lib/save_files
[0.989s] running install
[0.989s] running install_lib
[0.990s] creating /root/ros2_ws/install/save_files/lib/python3.10/site-packages/save_files
[0.991s] copying /root/ros2_ws/build/save_files/build/lib/save_files/save_files_node.py -> /root/ros2_ws/install/save_files/lib/python3.10/site-packages/save_files
[0.991s] copying /root/ros2_ws/build/save_files/build/lib/save_files/__init__.py -> /root/ros2_ws/install/save_files/lib/python3.10/site-packages/save_files
[0.991s] byte-compiling /root/ros2_ws/install/save_files/lib/python3.10/site-packages/save_files/save_files_node.py to save_files_node.cpython-310.pyc
[0.992s] byte-compiling /root/ros2_ws/install/save_files/lib/python3.10/site-packages/save_files/__init__.py to __init__.cpython-310.pyc
[0.992s] running install_data
[0.992s] creating /root/ros2_ws/install/save_files/share/ament_index
[0.992s] creating /root/ros2_ws/install/save_files/share/ament_index/resource_index
[0.992s] creating /root/ros2_ws/install/save_files/share/ament_index/resource_index/packages
[0.992s] copying resource/save_files -> /root/ros2_ws/install/save_files/share/ament_index/resource_index/packages
[0.992s] copying package.xml -> /root/ros2_ws/install/save_files/share/save_files
[0.992s] running install_egg_info
[0.995s] Copying ../../build/save_files/save_files.egg-info to /root/ros2_ws/install/save_files/lib/python3.10/site-packages/save_files-0.0.0-py3.10.egg-info
[0.996s] running install_scripts
[1.023s] Installing save_files_node script to /root/ros2_ws/install/save_files/lib/save_files
[1.023s] writing list of installed files to '/root/ros2_ws/build/save_files/install.log'
[1.070s] Invoked command in '/root/ros2_ws/src/save_files' returned '0': PYTHONPATH=/root/ros2_ws/build/save_files/prefix_override:/usr/lib/python3/dist-packages/colcon_core/task/python/colcon_distutils_commands:/root/ros2_ws/install/save_files/lib/python3.10/site-packages:${PYTHONPATH} /usr/bin/python3 -W ignore:setup.py install is deprecated setup.py egg_info --egg-base ../../build/save_files build --build-base /root/ros2_ws/build/save_files/build install --record /root/ros2_ws/build/save_files/install.log --single-version-externally-managed install_data
