-- The C compiler identification is GNU 11.4.0
-- The CXX compiler identification is GNU 11.4.0
-- Detecting C compiler ABI info
-- Detecting C compiler ABI info - done
-- Check for working C compiler: /usr/bin/cc - skipped
-- Detecting C compile features
-- Detecting C compile features - done
-- Detecting CXX compiler ABI info
-- Detecting CXX compiler ABI info - done
-- Check for working CXX compiler: /usr/bin/c++ - skipped
-- Detecting CXX compile features
-- Detecting CXX compile features - done
-- Found ament_cmake: 1.3.10 (/opt/ros/humble/share/ament_cmake/cmake)
-- Found Python3: /usr/bin/python3 (found version "3.10.12") found components: Interpreter 
-- Override CMake install command with custom implementation using symlinks instead of copying resources
-- Found builtin_interfaces: 1.2.1 (/opt/ros/humble/share/builtin_interfaces/cmake)
-- Found rosidl_generator_c: 3.1.5 (/opt/ros/humble/share/rosidl_generator_c/cmake)
-- Found rosidl_adapter: 3.1.5 (/opt/ros/humble/share/rosidl_adapter/cmake)
-- Found rosidl_generator_cpp: 3.1.5 (/opt/ros/humble/share/rosidl_generator_cpp/cmake)
-- Using all available rosidl_typesupport_c: rosidl_typesupport_fastrtps_c;rosidl_typesupport_introspection_c
-- Using all available rosidl_typesupport_cpp: rosidl_typesupport_fastrtps_cpp;rosidl_typesupport_introspection_cpp
-- Found rosidl_default_generators: 1.2.0 (/opt/ros/humble/share/rosidl_default_generators/cmake)
-- Found std_msgs: 4.2.4 (/opt/ros/humble/share/std_msgs/cmake)
-- Found ament_cmake_cppcheck: 0.12.11 (/opt/ros/humble/share/ament_cmake_cppcheck/cmake)
-- Found ament_cmake_cpplint: 0.12.11 (/opt/ros/humble/share/ament_cmake_cpplint/cmake)
-- Found ament_cmake_uncrustify: 0.12.11 (/opt/ros/humble/share/ament_cmake_uncrustify/cmake)
-- Found ament_cmake_ros: 0.10.0 (/opt/ros/humble/share/ament_cmake_ros/cmake)
-- Using all available rosidl_typesupport_c: rosidl_typesupport_fastrtps_c;rosidl_typesupport_introspection_c
-- Using all available rosidl_typesupport_cpp: rosidl_typesupport_fastrtps_cpp;rosidl_typesupport_introspection_cpp
-- Found PythonInterp: /usr/bin/python3 (found suitable version "3.10.12", minimum required is "3.6") 
-- Found python_cmake_module: 0.10.0 (/opt/ros/humble/share/python_cmake_module/cmake)
-- Found PythonLibs: /usr/lib/x86_64-linux-gnu/libpython3.10.so (found suitable version "3.10.12", minimum required is "3.5") 
-- Using PYTHON_EXECUTABLE: /usr/bin/python3
-- Using PYTHON_INCLUDE_DIRS: /usr/include/python3.10
-- Using PYTHON_LIBRARIES: /usr/lib/x86_64-linux-gnu/libpython3.10.so
-- Found PythonExtra: .so  
-- Found ament_cmake_flake8: 0.12.11 (/opt/ros/humble/share/ament_cmake_flake8/cmake)
-- Found ament_cmake_pep257: 0.12.11 (/opt/ros/humble/share/ament_cmake_pep257/cmake)
-- Found ament_cmake_copyright: 0.12.11 (/opt/ros/humble/share/ament_cmake_copyright/cmake)
-- Found ament_cmake_lint_cmake: 0.12.11 (/opt/ros/humble/share/ament_cmake_lint_cmake/cmake)
-- Found ament_cmake_xmllint: 0.12.11 (/opt/ros/humble/share/ament_cmake_xmllint/cmake)
-- Configuring done
-- Generating done
-- Build files have been written to: /root/ros2_ws/build/flir_camera_msgs
[  2%] [34m[1mGenerating C code for ROS interfaces[0m
[  5%] [34m[1mGenerating C++ code for ROS interfaces[0m
[  5%] Built target ament_cmake_python_symlink_flir_camera_msgs
running egg_info
creating flir_camera_msgs.egg-info
writing flir_camera_msgs.egg-info/PKG-INFO
writing dependency_links to flir_camera_msgs.egg-info/dependency_links.txt
writing top-level names to flir_camera_msgs.egg-info/top_level.txt
writing manifest file 'flir_camera_msgs.egg-info/SOURCES.txt'
reading manifest file 'flir_camera_msgs.egg-info/SOURCES.txt'
writing manifest file 'flir_camera_msgs.egg-info/SOURCES.txt'
[  5%] Built target ament_cmake_python_build_flir_camera_msgs_egg
[  5%] Built target flir_camera_msgs__cpp
[ 10%] [34m[1mGenerating C++ type support for eProsima Fast-RTPS[0m
[ 10%] [34m[1mGenerating C++ type support dispatch for ROS interfaces[0m
[ 12%] [34m[1mGenerating C++ introspection for ROS interfaces[0m
[ 17%] [32mBuilding C object CMakeFiles/flir_camera_msgs__rosidl_generator_c.dir/rosidl_generator_c/flir_camera_msgs/msg/detail/camera_control__functions.c.o[0m
[ 17%] [32mBuilding C object CMakeFiles/flir_camera_msgs__rosidl_generator_c.dir/rosidl_generator_c/flir_camera_msgs/msg/detail/image_meta_data__functions.c.o[0m
[ 20%] [32m[1mLinking C shared library libflir_camera_msgs__rosidl_generator_c.so[0m
[ 20%] Built target flir_camera_msgs__rosidl_generator_c
[ 28%] [34m[1mGenerating C type support for eProsima Fast-RTPS[0m
[ 28%] [34m[1mGenerating C type support dispatch for ROS interfaces[0m
[ 28%] [34m[1mGenerating C introspection for ROS interfaces[0m
[ 30%] [32mBuilding CXX object CMakeFiles/flir_camera_msgs__rosidl_typesupport_cpp.dir/rosidl_typesupport_cpp/flir_camera_msgs/msg/image_meta_data__type_support.cpp.o[0m
[ 33%] [32mBuilding CXX object CMakeFiles/flir_camera_msgs__rosidl_typesupport_cpp.dir/rosidl_typesupport_cpp/flir_camera_msgs/msg/camera_control__type_support.cpp.o[0m
[ 35%] [32mBuilding CXX object CMakeFiles/flir_camera_msgs__rosidl_typesupport_introspection_cpp.dir/rosidl_typesupport_introspection_cpp/flir_camera_msgs/msg/detail/camera_control__type_support.cpp.o[0m
[ 38%] [32mBuilding CXX object CMakeFiles/flir_camera_msgs__rosidl_typesupport_introspection_cpp.dir/rosidl_typesupport_introspection_cpp/flir_camera_msgs/msg/detail/image_meta_data__type_support.cpp.o[0m
[ 41%] [32mBuilding CXX object CMakeFiles/flir_camera_msgs__rosidl_typesupport_fastrtps_cpp.dir/rosidl_typesupport_fastrtps_cpp/flir_camera_msgs/msg/detail/dds_fastrtps/image_meta_data__type_support.cpp.o[0m
[ 43%] [32mBuilding CXX object CMakeFiles/flir_camera_msgs__rosidl_typesupport_c.dir/rosidl_typesupport_c/flir_camera_msgs/msg/image_meta_data__type_support.cpp.o[0m
[ 46%] [32mBuilding C object CMakeFiles/flir_camera_msgs__rosidl_typesupport_introspection_c.dir/rosidl_typesupport_introspection_c/flir_camera_msgs/msg/detail/image_meta_data__type_support.c.o[0m
[ 48%] [32mBuilding CXX object CMakeFiles/flir_camera_msgs__rosidl_typesupport_c.dir/rosidl_typesupport_c/flir_camera_msgs/msg/camera_control__type_support.cpp.o[0m
[ 51%] [32mBuilding C object CMakeFiles/flir_camera_msgs__rosidl_typesupport_introspection_c.dir/rosidl_typesupport_introspection_c/flir_camera_msgs/msg/detail/camera_control__type_support.c.o[0m
[ 53%] [32mBuilding CXX object CMakeFiles/flir_camera_msgs__rosidl_typesupport_fastrtps_cpp.dir/rosidl_typesupport_fastrtps_cpp/flir_camera_msgs/msg/detail/dds_fastrtps/camera_control__type_support.cpp.o[0m
[ 56%] [32mBuilding CXX object CMakeFiles/flir_camera_msgs__rosidl_typesupport_fastrtps_c.dir/rosidl_typesupport_fastrtps_c/flir_camera_msgs/msg/detail/image_meta_data__type_support_c.cpp.o[0m
[ 58%] [32m[1mLinking CXX shared library libflir_camera_msgs__rosidl_typesupport_c.so[0m
[ 61%] [32m[1mLinking CXX shared library libflir_camera_msgs__rosidl_typesupport_cpp.so[0m
[ 64%] [32m[1mLinking C shared library libflir_camera_msgs__rosidl_typesupport_introspection_c.so[0m
[ 64%] Built target flir_camera_msgs__rosidl_typesupport_cpp
[ 64%] Built target flir_camera_msgs__rosidl_typesupport_c
[ 66%] [32mBuilding CXX object CMakeFiles/flir_camera_msgs__rosidl_typesupport_fastrtps_c.dir/rosidl_typesupport_fastrtps_c/flir_camera_msgs/msg/detail/camera_control__type_support_c.cpp.o[0m
[ 66%] Built target flir_camera_msgs__rosidl_typesupport_introspection_c
[ 69%] [32m[1mLinking CXX shared library libflir_camera_msgs__rosidl_typesupport_introspection_cpp.so[0m
[ 69%] Built target flir_camera_msgs__rosidl_typesupport_introspection_cpp
[ 71%] [32m[1mLinking CXX shared library libflir_camera_msgs__rosidl_typesupport_fastrtps_cpp.so[0m
[ 74%] [32m[1mLinking CXX shared library libflir_camera_msgs__rosidl_typesupport_fastrtps_c.so[0m
[ 74%] Built target flir_camera_msgs__rosidl_typesupport_fastrtps_cpp
[ 74%] Built target flir_camera_msgs__rosidl_typesupport_fastrtps_c
[ 74%] Built target flir_camera_msgs
[ 76%] [34m[1mGenerating Python code for ROS interfaces[0m
[ 76%] Built target flir_camera_msgs__py
[ 82%] [32mBuilding C object CMakeFiles/flir_camera_msgs__rosidl_generator_py.dir/rosidl_generator_py/flir_camera_msgs/msg/_camera_control_s.c.o[0m
[ 82%] [32mBuilding C object CMakeFiles/flir_camera_msgs__rosidl_generator_py.dir/rosidl_generator_py/flir_camera_msgs/msg/_image_meta_data_s.c.o[0m
[ 84%] [32m[1mLinking C shared library rosidl_generator_py/flir_camera_msgs/libflir_camera_msgs__rosidl_generator_py.so[0m
[ 84%] Built target flir_camera_msgs__rosidl_generator_py
[ 92%] [32mBuilding C object CMakeFiles/flir_camera_msgs__rosidl_typesupport_c__pyext.dir/rosidl_generator_py/flir_camera_msgs/_flir_camera_msgs_s.ep.rosidl_typesupport_c.c.o[0m
[ 92%] [32mBuilding C object CMakeFiles/flir_camera_msgs__rosidl_typesupport_introspection_c__pyext.dir/rosidl_generator_py/flir_camera_msgs/_flir_camera_msgs_s.ep.rosidl_typesupport_introspection_c.c.o[0m
[ 92%] [32mBuilding C object CMakeFiles/flir_camera_msgs__rosidl_typesupport_fastrtps_c__pyext.dir/rosidl_generator_py/flir_camera_msgs/_flir_camera_msgs_s.ep.rosidl_typesupport_fastrtps_c.c.o[0m
[100%] [32m[1mLinking C shared library rosidl_generator_py/flir_camera_msgs/flir_camera_msgs_s__rosidl_typesupport_fastrtps_c.cpython-310-x86_64-linux-gnu.so[0m
[100%] [32m[1mLinking C shared library rosidl_generator_py/flir_camera_msgs/flir_camera_msgs_s__rosidl_typesupport_c.cpython-310-x86_64-linux-gnu.so[0m
[100%] [32m[1mLinking C shared library rosidl_generator_py/flir_camera_msgs/flir_camera_msgs_s__rosidl_typesupport_introspection_c.cpython-310-x86_64-linux-gnu.so[0m
[100%] Built target flir_camera_msgs__rosidl_typesupport_introspection_c__pyext
[100%] Built target flir_camera_msgs__rosidl_typesupport_fastrtps_c__pyext
[100%] Built target flir_camera_msgs__rosidl_typesupport_c__pyext
-- Install configuration: "RelWithDebInfo"
-- Execute custom install script
-- Symlinking: /root/ros2_ws/install/flir_camera_msgs/share/ament_index/resource_index/rosidl_interfaces/flir_camera_msgs
-- Symlinking: /root/ros2_ws/install/flir_camera_msgs/include/flir_camera_msgs/flir_camera_msgs/msg/camera_control.h
-- Symlinking: /root/ros2_ws/install/flir_camera_msgs/include/flir_camera_msgs/flir_camera_msgs/msg/detail/camera_control__functions.h
-- Symlinking: /root/ros2_ws/install/flir_camera_msgs/include/flir_camera_msgs/flir_camera_msgs/msg/detail/camera_control__struct.h
-- Symlinking: /root/ros2_ws/install/flir_camera_msgs/include/flir_camera_msgs/flir_camera_msgs/msg/detail/camera_control__type_support.h
-- Symlinking: /root/ros2_ws/install/flir_camera_msgs/include/flir_camera_msgs/flir_camera_msgs/msg/detail/image_meta_data__functions.h
-- Symlinking: /root/ros2_ws/install/flir_camera_msgs/include/flir_camera_msgs/flir_camera_msgs/msg/detail/image_meta_data__struct.h
-- Symlinking: /root/ros2_ws/install/flir_camera_msgs/include/flir_camera_msgs/flir_camera_msgs/msg/detail/image_meta_data__type_support.h
-- Symlinking: /root/ros2_ws/install/flir_camera_msgs/include/flir_camera_msgs/flir_camera_msgs/msg/image_meta_data.h
-- Symlinking: /root/ros2_ws/install/flir_camera_msgs/include/flir_camera_msgs/flir_camera_msgs/msg/rosidl_generator_c__visibility_control.h
-- Symlinking: /root/ros2_ws/install/flir_camera_msgs/share/flir_camera_msgs/environment/library_path.sh
-- Symlinking: /root/ros2_ws/install/flir_camera_msgs/share/flir_camera_msgs/environment/library_path.dsv
-- Symlinking: /root/ros2_ws/install/flir_camera_msgs/include/flir_camera_msgs/flir_camera_msgs/msg/detail/camera_control__rosidl_typesupport_fastrtps_c.h
-- Symlinking: /root/ros2_ws/install/flir_camera_msgs/include/flir_camera_msgs/flir_camera_msgs/msg/detail/image_meta_data__rosidl_typesupport_fastrtps_c.h
-- Symlinking: /root/ros2_ws/install/flir_camera_msgs/include/flir_camera_msgs/flir_camera_msgs/msg/rosidl_typesupport_fastrtps_c__visibility_control.h
-- Symlinking: /root/ros2_ws/install/flir_camera_msgs/include/flir_camera_msgs/flir_camera_msgs/msg/camera_control.hpp
-- Symlinking: /root/ros2_ws/install/flir_camera_msgs/include/flir_camera_msgs/flir_camera_msgs/msg/detail/camera_control__builder.hpp
-- Symlinking: /root/ros2_ws/install/flir_camera_msgs/include/flir_camera_msgs/flir_camera_msgs/msg/detail/camera_control__struct.hpp
-- Symlinking: /root/ros2_ws/install/flir_camera_msgs/include/flir_camera_msgs/flir_camera_msgs/msg/detail/camera_control__traits.hpp
-- Symlinking: /root/ros2_ws/install/flir_camera_msgs/include/flir_camera_msgs/flir_camera_msgs/msg/detail/image_meta_data__builder.hpp
-- Symlinking: /root/ros2_ws/install/flir_camera_msgs/include/flir_camera_msgs/flir_camera_msgs/msg/detail/image_meta_data__struct.hpp
-- Symlinking: /root/ros2_ws/install/flir_camera_msgs/include/flir_camera_msgs/flir_camera_msgs/msg/detail/image_meta_data__traits.hpp
-- Symlinking: /root/ros2_ws/install/flir_camera_msgs/include/flir_camera_msgs/flir_camera_msgs/msg/image_meta_data.hpp
-- Symlinking: /root/ros2_ws/install/flir_camera_msgs/include/flir_camera_msgs/flir_camera_msgs/msg/detail/camera_control__rosidl_typesupport_fastrtps_cpp.hpp
-- Symlinking: /root/ros2_ws/install/flir_camera_msgs/include/flir_camera_msgs/flir_camera_msgs/msg/detail/image_meta_data__rosidl_typesupport_fastrtps_cpp.hpp
-- Symlinking: /root/ros2_ws/install/flir_camera_msgs/include/flir_camera_msgs/flir_camera_msgs/msg/rosidl_typesupport_fastrtps_cpp__visibility_control.h
-- Symlinking: /root/ros2_ws/install/flir_camera_msgs/include/flir_camera_msgs/flir_camera_msgs/msg/detail/camera_control__rosidl_typesupport_introspection_c.h
-- Symlinking: /root/ros2_ws/install/flir_camera_msgs/include/flir_camera_msgs/flir_camera_msgs/msg/detail/image_meta_data__rosidl_typesupport_introspection_c.h
-- Symlinking: /root/ros2_ws/install/flir_camera_msgs/include/flir_camera_msgs/flir_camera_msgs/msg/rosidl_typesupport_introspection_c__visibility_control.h
-- Symlinking: /root/ros2_ws/install/flir_camera_msgs/include/flir_camera_msgs/flir_camera_msgs/msg/detail/camera_control__rosidl_typesupport_introspection_cpp.hpp
-- Symlinking: /root/ros2_ws/install/flir_camera_msgs/include/flir_camera_msgs/flir_camera_msgs/msg/detail/image_meta_data__rosidl_typesupport_introspection_cpp.hpp
-- Symlinking: /root/ros2_ws/install/flir_camera_msgs/share/flir_camera_msgs/environment/pythonpath.sh
-- Symlinking: /root/ros2_ws/install/flir_camera_msgs/share/flir_camera_msgs/environment/pythonpath.dsv
-- Symlinking: /root/ros2_ws/install/flir_camera_msgs/local/lib/python3.10/dist-packages/flir_camera_msgs-2.0.8-py3.10.egg-info/PKG-INFO
-- Symlinking: /root/ros2_ws/install/flir_camera_msgs/local/lib/python3.10/dist-packages/flir_camera_msgs-2.0.8-py3.10.egg-info/SOURCES.txt
-- Symlinking: /root/ros2_ws/install/flir_camera_msgs/local/lib/python3.10/dist-packages/flir_camera_msgs-2.0.8-py3.10.egg-info/dependency_links.txt
-- Symlinking: /root/ros2_ws/install/flir_camera_msgs/local/lib/python3.10/dist-packages/flir_camera_msgs-2.0.8-py3.10.egg-info/top_level.txt
-- Symlinking: /root/ros2_ws/install/flir_camera_msgs/local/lib/python3.10/dist-packages/flir_camera_msgs/__init__.py
-- Symlinking: /root/ros2_ws/install/flir_camera_msgs/local/lib/python3.10/dist-packages/flir_camera_msgs/_flir_camera_msgs_s.ep.rosidl_typesupport_c.c
-- Symlinking: /root/ros2_ws/install/flir_camera_msgs/local/lib/python3.10/dist-packages/flir_camera_msgs/_flir_camera_msgs_s.ep.rosidl_typesupport_fastrtps_c.c
-- Symlinking: /root/ros2_ws/install/flir_camera_msgs/local/lib/python3.10/dist-packages/flir_camera_msgs/_flir_camera_msgs_s.ep.rosidl_typesupport_introspection_c.c
-- Symlinking: /root/ros2_ws/install/flir_camera_msgs/local/lib/python3.10/dist-packages/flir_camera_msgs/flir_camera_msgs_s__rosidl_typesupport_c.cpython-310-x86_64-linux-gnu.so
-- Symlinking: /root/ros2_ws/install/flir_camera_msgs/local/lib/python3.10/dist-packages/flir_camera_msgs/flir_camera_msgs_s__rosidl_typesupport_fastrtps_c.cpython-310-x86_64-linux-gnu.so
-- Symlinking: /root/ros2_ws/install/flir_camera_msgs/local/lib/python3.10/dist-packages/flir_camera_msgs/flir_camera_msgs_s__rosidl_typesupport_introspection_c.cpython-310-x86_64-linux-gnu.so
-- Symlinking: /root/ros2_ws/install/flir_camera_msgs/local/lib/python3.10/dist-packages/flir_camera_msgs/libflir_camera_msgs__rosidl_generator_py.so
-- Symlinking: /root/ros2_ws/install/flir_camera_msgs/local/lib/python3.10/dist-packages/flir_camera_msgs/msg/__init__.py
-- Symlinking: /root/ros2_ws/install/flir_camera_msgs/local/lib/python3.10/dist-packages/flir_camera_msgs/msg/_camera_control.py
-- Symlinking: /root/ros2_ws/install/flir_camera_msgs/local/lib/python3.10/dist-packages/flir_camera_msgs/msg/_camera_control_s.c
-- Symlinking: /root/ros2_ws/install/flir_camera_msgs/local/lib/python3.10/dist-packages/flir_camera_msgs/msg/_image_meta_data.py
-- Symlinking: /root/ros2_ws/install/flir_camera_msgs/local/lib/python3.10/dist-packages/flir_camera_msgs/msg/_image_meta_data_s.c
-- Up-to-date symlink: /root/ros2_ws/install/flir_camera_msgs/local/lib/python3.10/dist-packages/flir_camera_msgs/flir_camera_msgs_s__rosidl_typesupport_fastrtps_c.cpython-310-x86_64-linux-gnu.so
-- Up-to-date symlink: /root/ros2_ws/install/flir_camera_msgs/local/lib/python3.10/dist-packages/flir_camera_msgs/flir_camera_msgs_s__rosidl_typesupport_introspection_c.cpython-310-x86_64-linux-gnu.so
-- Up-to-date symlink: /root/ros2_ws/install/flir_camera_msgs/local/lib/python3.10/dist-packages/flir_camera_msgs/flir_camera_msgs_s__rosidl_typesupport_c.cpython-310-x86_64-linux-gnu.so
-- Symlinking: /root/ros2_ws/install/flir_camera_msgs/share/flir_camera_msgs/msg/ImageMetaData.idl
-- Symlinking: /root/ros2_ws/install/flir_camera_msgs/share/flir_camera_msgs/msg/CameraControl.idl
-- Symlinking: /root/ros2_ws/install/flir_camera_msgs/share/flir_camera_msgs/msg/ImageMetaData.msg
-- Symlinking: /root/ros2_ws/install/flir_camera_msgs/share/flir_camera_msgs/msg/CameraControl.msg
-- Symlinking: /root/ros2_ws/install/flir_camera_msgs/share/ament_index/resource_index/package_run_dependencies/flir_camera_msgs
-- Symlinking: /root/ros2_ws/install/flir_camera_msgs/share/ament_index/resource_index/parent_prefix_path/flir_camera_msgs
-- Symlinking: /root/ros2_ws/install/flir_camera_msgs/share/flir_camera_msgs/environment/ament_prefix_path.sh
-- Symlinking: /root/ros2_ws/install/flir_camera_msgs/share/flir_camera_msgs/environment/ament_prefix_path.dsv
-- Symlinking: /root/ros2_ws/install/flir_camera_msgs/share/flir_camera_msgs/environment/path.sh
-- Symlinking: /root/ros2_ws/install/flir_camera_msgs/share/flir_camera_msgs/environment/path.dsv
-- Symlinking: /root/ros2_ws/install/flir_camera_msgs/share/flir_camera_msgs/local_setup.bash
-- Symlinking: /root/ros2_ws/install/flir_camera_msgs/share/flir_camera_msgs/local_setup.sh
-- Symlinking: /root/ros2_ws/install/flir_camera_msgs/share/flir_camera_msgs/local_setup.zsh
-- Symlinking: /root/ros2_ws/install/flir_camera_msgs/share/flir_camera_msgs/local_setup.dsv
-- Symlinking: /root/ros2_ws/install/flir_camera_msgs/share/flir_camera_msgs/package.dsv
-- Symlinking: /root/ros2_ws/install/flir_camera_msgs/share/ament_index/resource_index/packages/flir_camera_msgs
-- Symlinking: /root/ros2_ws/install/flir_camera_msgs/share/flir_camera_msgs/cmake/rosidl_cmake-extras.cmake
-- Symlinking: /root/ros2_ws/install/flir_camera_msgs/share/flir_camera_msgs/cmake/ament_cmake_export_dependencies-extras.cmake
-- Symlinking: /root/ros2_ws/install/flir_camera_msgs/share/flir_camera_msgs/cmake/ament_cmake_export_include_directories-extras.cmake
-- Symlinking: /root/ros2_ws/install/flir_camera_msgs/share/flir_camera_msgs/cmake/ament_cmake_export_libraries-extras.cmake
-- Symlinking: /root/ros2_ws/install/flir_camera_msgs/share/flir_camera_msgs/cmake/ament_cmake_export_targets-extras.cmake
-- Symlinking: /root/ros2_ws/install/flir_camera_msgs/share/flir_camera_msgs/cmake/rosidl_cmake_export_typesupport_targets-extras.cmake
-- Symlinking: /root/ros2_ws/install/flir_camera_msgs/share/flir_camera_msgs/cmake/rosidl_cmake_export_typesupport_libraries-extras.cmake
-- Symlinking: /root/ros2_ws/install/flir_camera_msgs/share/flir_camera_msgs/cmake/flir_camera_msgsConfig.cmake
-- Symlinking: /root/ros2_ws/install/flir_camera_msgs/share/flir_camera_msgs/cmake/flir_camera_msgsConfig-version.cmake
-- Symlinking: /root/ros2_ws/install/flir_camera_msgs/share/flir_camera_msgs/package.xml
-- Installing: /root/ros2_ws/install/flir_camera_msgs/lib/libflir_camera_msgs__rosidl_generator_c.so
-- Set runtime path of "/root/ros2_ws/install/flir_camera_msgs/lib/libflir_camera_msgs__rosidl_generator_c.so" to ""
-- Installing: /root/ros2_ws/install/flir_camera_msgs/lib/libflir_camera_msgs__rosidl_typesupport_fastrtps_c.so
-- Set runtime path of "/root/ros2_ws/install/flir_camera_msgs/lib/libflir_camera_msgs__rosidl_typesupport_fastrtps_c.so" to ""
-- Installing: /root/ros2_ws/install/flir_camera_msgs/lib/libflir_camera_msgs__rosidl_typesupport_fastrtps_cpp.so
-- Set runtime path of "/root/ros2_ws/install/flir_camera_msgs/lib/libflir_camera_msgs__rosidl_typesupport_fastrtps_cpp.so" to ""
-- Installing: /root/ros2_ws/install/flir_camera_msgs/lib/libflir_camera_msgs__rosidl_typesupport_introspection_c.so
-- Set runtime path of "/root/ros2_ws/install/flir_camera_msgs/lib/libflir_camera_msgs__rosidl_typesupport_introspection_c.so" to ""
-- Installing: /root/ros2_ws/install/flir_camera_msgs/lib/libflir_camera_msgs__rosidl_typesupport_c.so
-- Set runtime path of "/root/ros2_ws/install/flir_camera_msgs/lib/libflir_camera_msgs__rosidl_typesupport_c.so" to ""
-- Installing: /root/ros2_ws/install/flir_camera_msgs/lib/libflir_camera_msgs__rosidl_typesupport_introspection_cpp.so
-- Set runtime path of "/root/ros2_ws/install/flir_camera_msgs/lib/libflir_camera_msgs__rosidl_typesupport_introspection_cpp.so" to ""
-- Installing: /root/ros2_ws/install/flir_camera_msgs/lib/libflir_camera_msgs__rosidl_typesupport_cpp.so
-- Set runtime path of "/root/ros2_ws/install/flir_camera_msgs/lib/libflir_camera_msgs__rosidl_typesupport_cpp.so" to ""
Listing '/root/ros2_ws/install/flir_camera_msgs/local/lib/python3.10/dist-packages/flir_camera_msgs'...
Compiling '/root/ros2_ws/install/flir_camera_msgs/local/lib/python3.10/dist-packages/flir_camera_msgs/__init__.py'...
Listing '/root/ros2_ws/install/flir_camera_msgs/local/lib/python3.10/dist-packages/flir_camera_msgs/msg'...
Compiling '/root/ros2_ws/install/flir_camera_msgs/local/lib/python3.10/dist-packages/flir_camera_msgs/msg/__init__.py'...
Compiling '/root/ros2_ws/install/flir_camera_msgs/local/lib/python3.10/dist-packages/flir_camera_msgs/msg/_camera_control.py'...
Compiling '/root/ros2_ws/install/flir_camera_msgs/local/lib/python3.10/dist-packages/flir_camera_msgs/msg/_image_meta_data.py'...
-- Installing: /root/ros2_ws/install/flir_camera_msgs/lib/libflir_camera_msgs__rosidl_generator_py.so
-- Set runtime path of "/root/ros2_ws/install/flir_camera_msgs/lib/libflir_camera_msgs__rosidl_generator_py.so" to ""
-- Installing: /root/ros2_ws/install/flir_camera_msgs/share/flir_camera_msgs/cmake/export_flir_camera_msgs__rosidl_generator_cExport.cmake
-- Installing: /root/ros2_ws/install/flir_camera_msgs/share/flir_camera_msgs/cmake/export_flir_camera_msgs__rosidl_generator_cExport-relwithdebinfo.cmake
-- Installing: /root/ros2_ws/install/flir_camera_msgs/share/flir_camera_msgs/cmake/export_flir_camera_msgs__rosidl_typesupport_fastrtps_cExport.cmake
-- Installing: /root/ros2_ws/install/flir_camera_msgs/share/flir_camera_msgs/cmake/export_flir_camera_msgs__rosidl_typesupport_fastrtps_cExport-relwithdebinfo.cmake
-- Installing: /root/ros2_ws/install/flir_camera_msgs/share/flir_camera_msgs/cmake/export_flir_camera_msgs__rosidl_generator_cppExport.cmake
-- Installing: /root/ros2_ws/install/flir_camera_msgs/share/flir_camera_msgs/cmake/export_flir_camera_msgs__rosidl_typesupport_fastrtps_cppExport.cmake
-- Installing: /root/ros2_ws/install/flir_camera_msgs/share/flir_camera_msgs/cmake/export_flir_camera_msgs__rosidl_typesupport_fastrtps_cppExport-relwithdebinfo.cmake
-- Installing: /root/ros2_ws/install/flir_camera_msgs/share/flir_camera_msgs/cmake/flir_camera_msgs__rosidl_typesupport_introspection_cExport.cmake
-- Installing: /root/ros2_ws/install/flir_camera_msgs/share/flir_camera_msgs/cmake/flir_camera_msgs__rosidl_typesupport_introspection_cExport-relwithdebinfo.cmake
-- Installing: /root/ros2_ws/install/flir_camera_msgs/share/flir_camera_msgs/cmake/flir_camera_msgs__rosidl_typesupport_cExport.cmake
-- Installing: /root/ros2_ws/install/flir_camera_msgs/share/flir_camera_msgs/cmake/flir_camera_msgs__rosidl_typesupport_cExport-relwithdebinfo.cmake
-- Installing: /root/ros2_ws/install/flir_camera_msgs/share/flir_camera_msgs/cmake/flir_camera_msgs__rosidl_typesupport_introspection_cppExport.cmake
-- Installing: /root/ros2_ws/install/flir_camera_msgs/share/flir_camera_msgs/cmake/flir_camera_msgs__rosidl_typesupport_introspection_cppExport-relwithdebinfo.cmake
-- Installing: /root/ros2_ws/install/flir_camera_msgs/share/flir_camera_msgs/cmake/flir_camera_msgs__rosidl_typesupport_cppExport.cmake
-- Installing: /root/ros2_ws/install/flir_camera_msgs/share/flir_camera_msgs/cmake/flir_camera_msgs__rosidl_typesupport_cppExport-relwithdebinfo.cmake
-- Installing: /root/ros2_ws/install/flir_camera_msgs/share/flir_camera_msgs/cmake/export_flir_camera_msgs__rosidl_generator_pyExport.cmake
-- Installing: /root/ros2_ws/install/flir_camera_msgs/share/flir_camera_msgs/cmake/export_flir_camera_msgs__rosidl_generator_pyExport-relwithdebinfo.cmake
