[0.013s] Invoking command in '/root/ros2_ws/build/flir_camera_description': CMAKE_PREFIX_PATH=/opt/ros/humble /usr/bin/cmake /root/ros2_ws/src/flir_camera_driver/flir_camera_description -DCMAKE_BUILD_TYPE=RelWithDebInfo -DCMAKE_EXPORT_COMPILE_COMMANDS=ON -DAMENT_CMAKE_SYMLINK_INSTALL=1 -DCMAKE_INSTALL_PREFIX=/root/ros2_ws/install/flir_camera_description
[0.095s] -- The C compiler identification is GNU 11.4.0
[0.185s] -- The CXX compiler identification is GNU 11.4.0
[0.196s] -- Detecting C compiler ABI info
[0.302s] -- Detecting C compiler ABI info - done
[0.312s] -- Check for working C compiler: /usr/bin/cc - skipped
[0.312s] -- Detecting C compile features
[0.313s] -- Detecting C compile features - done
[0.317s] -- Detecting CXX compiler ABI info
[0.443s] -- Detecting CXX compiler ABI info - done
[0.454s] -- Check for working CXX compiler: /usr/bin/c++ - skipped
[0.455s] -- Detecting CXX compile features
[0.455s] -- Detecting CXX compile features - done
[0.460s] -- Found ament_cmake: 1.3.10 (/opt/ros/humble/share/ament_cmake/cmake)
[0.623s] -- Found Python3: /usr/bin/python3 (found version "3.10.12") found components: Interpreter 
[0.689s] -- Override CMake install command with custom implementation using symlinks instead of copying resources
[0.718s] -- Found ament_lint_auto: 0.12.11 (/opt/ros/humble/share/ament_lint_auto/cmake)
[0.798s] -- Added test 'copyright' to check source files copyright and LICENSE
[0.801s] -- Added test 'flake8' to check Python code syntax and style conventions
[0.801s] -- Added test 'lint_cmake' to check CMake code style
[0.802s] -- Added test 'pep257' to check Python code against some of the docstring style conventions in PEP 257
[0.803s] -- Added test 'xmllint' to check XML markup files
[0.805s] -- Configuring done
[0.809s] -- Generating done
[0.810s] [33mCMake Warning:
[0.810s]   Manually-specified variables were not used by the project:
[0.810s] 
[0.810s]     CMAKE_EXPORT_COMPILE_COMMANDS
[0.810s] 
[0.810s] [0m
[0.810s] -- Build files have been written to: /root/ros2_ws/build/flir_camera_description
[0.816s] Invoked command in '/root/ros2_ws/build/flir_camera_description' returned '0': CMAKE_PREFIX_PATH=/opt/ros/humble /usr/bin/cmake /root/ros2_ws/src/flir_camera_driver/flir_camera_description -DCMAKE_BUILD_TYPE=RelWithDebInfo -DCMAKE_EXPORT_COMPILE_COMMANDS=ON -DAMENT_CMAKE_SYMLINK_INSTALL=1 -DCMAKE_INSTALL_PREFIX=/root/ros2_ws/install/flir_camera_description
[0.818s] Invoking command in '/root/ros2_ws/build/flir_camera_description': CMAKE_PREFIX_PATH=/opt/ros/humble /usr/bin/cmake --build /root/ros2_ws/build/flir_camera_description -- -j8 -l8
[0.866s] Invoked command in '/root/ros2_ws/build/flir_camera_description' returned '0': CMAKE_PREFIX_PATH=/opt/ros/humble /usr/bin/cmake --build /root/ros2_ws/build/flir_camera_description -- -j8 -l8
[0.906s] Invoking command in '/root/ros2_ws/build/flir_camera_description': CMAKE_PREFIX_PATH=/opt/ros/humble /usr/bin/cmake --install /root/ros2_ws/build/flir_camera_description
[0.915s] -- Install configuration: "RelWithDebInfo"
[0.915s] -- Execute custom install script
[0.916s] -- Symlinking: /root/ros2_ws/install/flir_camera_description/share/flir_camera_description/launch/demo.launch.py
[0.928s] -- Symlinking: /root/ros2_ws/install/flir_camera_description/share/flir_camera_description/meshes/flir_blackfly_s.stl
[0.940s] -- Symlinking: /root/ros2_ws/install/flir_camera_description/share/flir_camera_description/urdf/demo.urdf.xacro
[0.952s] -- Symlinking: /root/ros2_ws/install/flir_camera_description/share/flir_camera_description/urdf/flir_blackfly_s.urdf.xacro
[0.965s] -- Symlinking: /root/ros2_ws/install/flir_camera_description/share/ament_index/resource_index/package_run_dependencies/flir_camera_description
[0.976s] -- Symlinking: /root/ros2_ws/install/flir_camera_description/share/ament_index/resource_index/parent_prefix_path/flir_camera_description
[0.988s] -- Symlinking: /root/ros2_ws/install/flir_camera_description/share/flir_camera_description/environment/ament_prefix_path.sh
[0.999s] -- Symlinking: /root/ros2_ws/install/flir_camera_description/share/flir_camera_description/environment/ament_prefix_path.dsv
[1.011s] -- Symlinking: /root/ros2_ws/install/flir_camera_description/share/flir_camera_description/environment/path.sh
[1.023s] -- Symlinking: /root/ros2_ws/install/flir_camera_description/share/flir_camera_description/environment/path.dsv
[1.035s] -- Symlinking: /root/ros2_ws/install/flir_camera_description/share/flir_camera_description/local_setup.bash
[1.046s] -- Symlinking: /root/ros2_ws/install/flir_camera_description/share/flir_camera_description/local_setup.sh
[1.057s] -- Symlinking: /root/ros2_ws/install/flir_camera_description/share/flir_camera_description/local_setup.zsh
[1.068s] -- Symlinking: /root/ros2_ws/install/flir_camera_description/share/flir_camera_description/local_setup.dsv
[1.079s] -- Symlinking: /root/ros2_ws/install/flir_camera_description/share/flir_camera_description/package.dsv
[1.090s] -- Symlinking: /root/ros2_ws/install/flir_camera_description/share/ament_index/resource_index/packages/flir_camera_description
[1.101s] -- Symlinking: /root/ros2_ws/install/flir_camera_description/share/flir_camera_description/cmake/flir_camera_descriptionConfig.cmake
[1.112s] -- Symlinking: /root/ros2_ws/install/flir_camera_description/share/flir_camera_description/cmake/flir_camera_descriptionConfig-version.cmake
[1.124s] -- Symlinking: /root/ros2_ws/install/flir_camera_description/share/flir_camera_description/package.xml
[1.139s] Invoked command in '/root/ros2_ws/build/flir_camera_description' returned '0': CMAKE_PREFIX_PATH=/opt/ros/humble /usr/bin/cmake --install /root/ros2_ws/build/flir_camera_description
