[0.661s] Invoking command in '/root/ros2_ws/src/save_files': PYTHONPATH=/root/ros2_ws/build/save_files/prefix_override:/usr/lib/python3/dist-packages/colcon_core/task/python/colcon_distutils_commands:/root/ros2_ws/install/save_files/lib/python3.10/site-packages:${PYTHONPATH} /usr/bin/python3 -W ignore:setup.py install is deprecated setup.py egg_info --egg-base ../../build/save_files build --build-base /root/ros2_ws/build/save_files/build install --record /root/ros2_ws/build/save_files/install.log --single-version-externally-managed install_data
[0.866s] running egg_info
[0.867s] writing ../../build/save_files/save_files.egg-info/PKG-INFO
[0.867s] writing dependency_links to ../../build/save_files/save_files.egg-info/dependency_links.txt
[0.867s] writing entry points to ../../build/save_files/save_files.egg-info/entry_points.txt
[0.867s] writing requirements to ../../build/save_files/save_files.egg-info/requires.txt
[0.868s] writing top-level names to ../../build/save_files/save_files.egg-info/top_level.txt
[0.870s] reading manifest file '../../build/save_files/save_files.egg-info/SOURCES.txt'
[0.870s] writing manifest file '../../build/save_files/save_files.egg-info/SOURCES.txt'
[0.870s] running build
[0.871s] running build_py
[0.871s] copying save_files/save_files_node.py -> /root/ros2_ws/build/save_files/build/lib/save_files
[0.871s] running install
[0.871s] running install_lib
[0.872s] copying /root/ros2_ws/build/save_files/build/lib/save_files/save_files_node.py -> /root/ros2_ws/install/save_files/lib/python3.10/site-packages/save_files
[0.873s] byte-compiling /root/ros2_ws/install/save_files/lib/python3.10/site-packages/save_files/save_files_node.py to save_files_node.cpython-310.pyc
[0.874s] running install_data
[0.874s] running install_egg_info
[0.876s] removing '/root/ros2_ws/install/save_files/lib/python3.10/site-packages/save_files-0.0.0-py3.10.egg-info' (and everything under it)
[0.876s] Copying ../../build/save_files/save_files.egg-info to /root/ros2_ws/install/save_files/lib/python3.10/site-packages/save_files-0.0.0-py3.10.egg-info
[0.877s] running install_scripts
[0.896s] Installing save_files_node script to /root/ros2_ws/install/save_files/lib/save_files
[0.896s] writing list of installed files to '/root/ros2_ws/build/save_files/install.log'
[0.931s] Invoked command in '/root/ros2_ws/src/save_files' returned '0': PYTHONPATH=/root/ros2_ws/build/save_files/prefix_override:/usr/lib/python3/dist-packages/colcon_core/task/python/colcon_distutils_commands:/root/ros2_ws/install/save_files/lib/python3.10/site-packages:${PYTHONPATH} /usr/bin/python3 -W ignore:setup.py install is deprecated setup.py egg_info --egg-base ../../build/save_files build --build-base /root/ros2_ws/build/save_files/build install --record /root/ros2_ws/build/save_files/install.log --single-version-externally-managed install_data
