-- Install configuration: "RelWithDebInfo"
-- Execute custom install script
-- Up-to-date symlink: /root/ros2_ws/install/flir_camera_description/share/flir_camera_description/launch/demo.launch.py
-- Up-to-date symlink: /root/ros2_ws/install/flir_camera_description/share/flir_camera_description/meshes/flir_blackfly_s.stl
-- Up-to-date symlink: /root/ros2_ws/install/flir_camera_description/share/flir_camera_description/urdf/demo.urdf.xacro
-- Up-to-date symlink: /root/ros2_ws/install/flir_camera_description/share/flir_camera_description/urdf/flir_blackfly_s.urdf.xacro
-- Up-to-date symlink: /root/ros2_ws/install/flir_camera_description/share/ament_index/resource_index/package_run_dependencies/flir_camera_description
-- Up-to-date symlink: /root/ros2_ws/install/flir_camera_description/share/ament_index/resource_index/parent_prefix_path/flir_camera_description
-- Up-to-date symlink: /root/ros2_ws/install/flir_camera_description/share/flir_camera_description/environment/ament_prefix_path.sh
-- Up-to-date symlink: /root/ros2_ws/install/flir_camera_description/share/flir_camera_description/environment/ament_prefix_path.dsv
-- Up-to-date symlink: /root/ros2_ws/install/flir_camera_description/share/flir_camera_description/environment/path.sh
-- Up-to-date symlink: /root/ros2_ws/install/flir_camera_description/share/flir_camera_description/environment/path.dsv
-- Up-to-date symlink: /root/ros2_ws/install/flir_camera_description/share/flir_camera_description/local_setup.bash
-- Up-to-date symlink: /root/ros2_ws/install/flir_camera_description/share/flir_camera_description/local_setup.sh
-- Up-to-date symlink: /root/ros2_ws/install/flir_camera_description/share/flir_camera_description/local_setup.zsh
-- Up-to-date symlink: /root/ros2_ws/install/flir_camera_description/share/flir_camera_description/local_setup.dsv
-- Symlinking: /root/ros2_ws/install/flir_camera_description/share/flir_camera_description/package.dsv
-- Up-to-date symlink: /root/ros2_ws/install/flir_camera_description/share/ament_index/resource_index/packages/flir_camera_description
-- Up-to-date symlink: /root/ros2_ws/install/flir_camera_description/share/flir_camera_description/cmake/flir_camera_descriptionConfig.cmake
-- Up-to-date symlink: /root/ros2_ws/install/flir_camera_description/share/flir_camera_description/cmake/flir_camera_descriptionConfig-version.cmake
-- Up-to-date symlink: /root/ros2_ws/install/flir_camera_description/share/flir_camera_description/package.xml
