[0.011s] Invoking command in '/root/ros2_ws/build/spinnaker_camera_driver': AMENT_PREFIX_PATH=/root/ros2_ws/install/flir_camera_msgs:${AMENT_PREFIX_PATH} CMAKE_PREFIX_PATH=/root/ros2_ws/install/flir_camera_msgs:/opt/ros/humble LD_LIBRARY_PATH=/root/ros2_ws/install/flir_camera_msgs/lib:${LD_LIBRARY_PATH} PYTHONPATH=/root/ros2_ws/install/flir_camera_msgs/local/lib/python3.10/dist-packages:${PYTHONPATH} /usr/bin/cmake /root/ros2_ws/src/flir_camera_driver/spinnaker_camera_driver -DCMAKE_INSTALL_PREFIX=/root/ros2_ws/install/spinnaker_camera_driver
[0.027s] -- Found inc dir: SPINNAKER_INCLUDE_DIRS-NOTFOUND
[0.028s] -- Found variable: FALSE at SPINNAKER_LIBRARIES-NOTFOUND and SPINNAKER_INCLUDE_DIRS-NOTFOUND
[0.028s] -- spinnaker not found
[0.028s] -- libSpinnaker not found in system library path
[0.103s] -- Running download_spinnaker script with arguments: x86_64 /root/ros2_ws/build/spinnaker_camera_driver/usr/lib jammy
[0.165s] -- PROCESS RESULT: CPU architecture is %s x86_64
[0.165s] OS code name is %s jammy
[0.165s] Destination folder is %s /root/ros2_ws/build/spinnaker_camera_driver/usr/lib
[0.165s] Previous installation found, skipping...
[0.165s] 
[0.165s] -- libSpinnaker library location: /root/ros2_ws/build/spinnaker_camera_driver/usr/lib/libSpinnaker.so
[0.165s] -- libSpinnaker include location: /root/ros2_ws/build/spinnaker_camera_driver/opt/spinnaker/include
[0.166s] -- Found inc dir: /root/ros2_ws/build/spinnaker_camera_driver/opt/spinnaker/include
[0.166s] -- Found ament_cmake: 1.3.10 (/opt/ros/humble/share/ament_cmake/cmake)
[0.280s] -- Override CMake install command with custom implementation using symlinks instead of copying resources
[0.288s] -- Found ament_cmake_ros: 0.10.0 (/opt/ros/humble/share/ament_cmake_ros/cmake)
[0.290s] -- Found rclcpp: 16.0.10 (/opt/ros/humble/share/rclcpp/cmake)
[0.319s] -- Found rosidl_generator_c: 3.1.5 (/opt/ros/humble/share/rosidl_generator_c/cmake)
[0.321s] -- Found rosidl_adapter: 3.1.5 (/opt/ros/humble/share/rosidl_adapter/cmake)
[0.327s] -- Found rosidl_generator_cpp: 3.1.5 (/opt/ros/humble/share/rosidl_generator_cpp/cmake)
[0.336s] -- Using all available rosidl_typesupport_c: rosidl_typesupport_fastrtps_c;rosidl_typesupport_introspection_c
[0.348s] -- Using all available rosidl_typesupport_cpp: rosidl_typesupport_fastrtps_cpp;rosidl_typesupport_introspection_cpp
[0.379s] -- Found rmw_implementation_cmake: 6.1.2 (/opt/ros/humble/share/rmw_implementation_cmake/cmake)
[0.380s] -- Found rmw_fastrtps_cpp: 6.2.7 (/opt/ros/humble/share/rmw_fastrtps_cpp/cmake)
[0.504s] -- Using RMW implementation 'rmw_fastrtps_cpp' as default
[0.551s] -- Found rclcpp_components: 16.0.10 (/opt/ros/humble/share/rclcpp_components/cmake)
[0.571s] -- Found sensor_msgs: 4.2.4 (/opt/ros/humble/share/sensor_msgs/cmake)
[0.599s] -- Found camera_info_manager: 3.1.9 (/opt/ros/humble/share/camera_info_manager/cmake)
[0.606s] -- Found image_transport: 3.1.9 (/opt/ros/humble/share/image_transport/cmake)
[0.630s] -- Found flir_camera_msgs: 2.0.8 (/root/ros2_ws/install/flir_camera_msgs/share/flir_camera_msgs/cmake)
[0.645s] -- installing spinnaker libraries from /root/ros2_ws/build/spinnaker_camera_driver/opt/spinnaker/lib
[0.648s] -- Found ament_cmake_copyright: 0.12.11 (/opt/ros/humble/share/ament_cmake_copyright/cmake)
[0.648s] -- Found ament_cmake_cppcheck: 0.12.11 (/opt/ros/humble/share/ament_cmake_cppcheck/cmake)
[0.649s] -- Found ament_cmake_cpplint: 0.12.11 (/opt/ros/humble/share/ament_cmake_cpplint/cmake)
[0.649s] -- Found ament_cmake_flake8: 0.12.11 (/opt/ros/humble/share/ament_cmake_flake8/cmake)
[0.650s] -- Found ament_cmake_lint_cmake: 0.12.11 (/opt/ros/humble/share/ament_cmake_lint_cmake/cmake)
[0.651s] -- Found ament_cmake_pep257: 0.12.11 (/opt/ros/humble/share/ament_cmake_pep257/cmake)
[0.666s] [31mCMake Error at CMakeLists.txt:205 (find_package):
[0.666s]   By not providing "Findament_cmake_clang_format.cmake" in CMAKE_MODULE_PATH
[0.666s]   this project has asked CMake to find a package configuration file provided
[0.666s]   by "ament_cmake_clang_format", but CMake did not find one.
[0.666s] 
[0.666s]   Could not find a package configuration file provided by
[0.666s]   "ament_cmake_clang_format" with any of the following names:
[0.666s] 
[0.666s]     ament_cmake_clang_formatConfig.cmake
[0.666s]     ament_cmake_clang_format-config.cmake
[0.666s] 
[0.666s]   Add the installation prefix of "ament_cmake_clang_format" to
[0.666s]   CMAKE_PREFIX_PATH or set "ament_cmake_clang_format_DIR" to a directory
[0.666s]   containing one of the above files.  If "ament_cmake_clang_format" provides
[0.666s]   a separate development package or SDK, be sure it has been installed.
[0.666s] 
[0.666s] [0m
[0.666s] -- Configuring incomplete, errors occurred!
[0.667s] See also "/root/ros2_ws/build/spinnaker_camera_driver/CMakeFiles/CMakeOutput.log".
[0.676s] Invoked command in '/root/ros2_ws/build/spinnaker_camera_driver' returned '1': AMENT_PREFIX_PATH=/root/ros2_ws/install/flir_camera_msgs:${AMENT_PREFIX_PATH} CMAKE_PREFIX_PATH=/root/ros2_ws/install/flir_camera_msgs:/opt/ros/humble LD_LIBRARY_PATH=/root/ros2_ws/install/flir_camera_msgs/lib:${LD_LIBRARY_PATH} PYTHONPATH=/root/ros2_ws/install/flir_camera_msgs/local/lib/python3.10/dist-packages:${PYTHONPATH} /usr/bin/cmake /root/ros2_ws/src/flir_camera_driver/spinnaker_camera_driver -DCMAKE_INSTALL_PREFIX=/root/ros2_ws/install/spinnaker_camera_driver
