-- Found inc dir: SPINNAKER_INCLUDE_DIRS-NOTFOUND
-- Found variable: FALSE at SPINNAKER_LIBRARIES-NOTFOUND and SPINNAKER_INCLUDE_DIRS-NOTFOUND
-- spinnaker not found
-- libSpinnaker not found in system library path
-- Running download_spinnaker script with arguments: x86_64 /root/ros2_ws/build/spinnaker_camera_driver/usr/lib jammy
-- PROCESS RESULT: CPU architecture is %s x86_64
OS code name is %s jammy
Destination folder is %s /root/ros2_ws/build/spinnaker_camera_driver/usr/lib
Previous installation found, skipping...

-- libSpinnaker library location: /root/ros2_ws/build/spinnaker_camera_driver/usr/lib/libSpinnaker.so
-- libSpinnaker include location: /root/ros2_ws/build/spinnaker_camera_driver/opt/spinnaker/include
-- Found inc dir: /root/ros2_ws/build/spinnaker_camera_driver/opt/spinnaker/include
-- Found ament_cmake: 1.3.10 (/opt/ros/humble/share/ament_cmake/cmake)
-- Override CMake install command with custom implementation using symlinks instead of copying resources
-- Found ament_cmake_ros: 0.10.0 (/opt/ros/humble/share/ament_cmake_ros/cmake)
-- Found rclcpp: 16.0.10 (/opt/ros/humble/share/rclcpp/cmake)
-- Found rosidl_generator_c: 3.1.5 (/opt/ros/humble/share/rosidl_generator_c/cmake)
-- Found rosidl_adapter: 3.1.5 (/opt/ros/humble/share/rosidl_adapter/cmake)
-- Found rosidl_generator_cpp: 3.1.5 (/opt/ros/humble/share/rosidl_generator_cpp/cmake)
-- Using all available rosidl_typesupport_c: rosidl_typesupport_fastrtps_c;rosidl_typesupport_introspection_c
-- Using all available rosidl_typesupport_cpp: rosidl_typesupport_fastrtps_cpp;rosidl_typesupport_introspection_cpp
-- Found rmw_implementation_cmake: 6.1.2 (/opt/ros/humble/share/rmw_implementation_cmake/cmake)
-- Found rmw_fastrtps_cpp: 6.2.7 (/opt/ros/humble/share/rmw_fastrtps_cpp/cmake)
-- Using RMW implementation 'rmw_fastrtps_cpp' as default
-- Found rclcpp_components: 16.0.10 (/opt/ros/humble/share/rclcpp_components/cmake)
-- Found sensor_msgs: 4.2.4 (/opt/ros/humble/share/sensor_msgs/cmake)
-- Found camera_info_manager: 3.1.9 (/opt/ros/humble/share/camera_info_manager/cmake)
-- Found image_transport: 3.1.9 (/opt/ros/humble/share/image_transport/cmake)
-- Found flir_camera_msgs: 2.0.8 (/root/ros2_ws/install/flir_camera_msgs/share/flir_camera_msgs/cmake)
-- installing spinnaker libraries from /root/ros2_ws/build/spinnaker_camera_driver/opt/spinnaker/lib
-- Found ament_cmake_copyright: 0.12.11 (/opt/ros/humble/share/ament_cmake_copyright/cmake)
-- Found ament_cmake_cppcheck: 0.12.11 (/opt/ros/humble/share/ament_cmake_cppcheck/cmake)
-- Found ament_cmake_cpplint: 0.12.11 (/opt/ros/humble/share/ament_cmake_cpplint/cmake)
-- Found ament_cmake_flake8: 0.12.11 (/opt/ros/humble/share/ament_cmake_flake8/cmake)
-- Found ament_cmake_lint_cmake: 0.12.11 (/opt/ros/humble/share/ament_cmake_lint_cmake/cmake)
-- Found ament_cmake_pep257: 0.12.11 (/opt/ros/humble/share/ament_cmake_pep257/cmake)
[31mCMake Error at CMakeLists.txt:205 (find_package):
  By not providing "Findament_cmake_clang_format.cmake" in CMAKE_MODULE_PATH
  this project has asked CMake to find a package configuration file provided
  by "ament_cmake_clang_format", but CMake did not find one.

  Could not find a package configuration file provided by
  "ament_cmake_clang_format" with any of the following names:

    ament_cmake_clang_formatConfig.cmake
    ament_cmake_clang_format-config.cmake

  Add the installation prefix of "ament_cmake_clang_format" to
  CMAKE_PREFIX_PATH or set "ament_cmake_clang_format_DIR" to a directory
  containing one of the above files.  If "ament_cmake_clang_format" provides
  a separate development package or SDK, be sure it has been installed.

[0m
-- Configuring incomplete, errors occurred!
See also "/root/ros2_ws/build/spinnaker_camera_driver/CMakeFiles/CMakeOutput.log".
