[0.011s] Invoking command in '/root/ros2_ws/build/spinnaker_camera_driver': AMENT_PREFIX_PATH=/root/ros2_ws/install/flir_camera_msgs:${AMENT_PREFIX_PATH} CMAKE_PREFIX_PATH=/root/ros2_ws/install/flir_camera_msgs:/opt/ros/humble LD_LIBRARY_PATH=/root/ros2_ws/install/flir_camera_msgs/lib:${LD_LIBRARY_PATH} PYTHONPATH=/root/ros2_ws/install/flir_camera_msgs/local/lib/python3.10/dist-packages:${PYTHONPATH} /usr/bin/cmake /root/ros2_ws/src/flir_camera_driver/spinnaker_camera_driver -DCMAKE_INSTALL_PREFIX=/root/ros2_ws/install/spinnaker_camera_driver
[0.031s] -- Found inc dir: SPINNAKER_INCLUDE_DIRS-NOTFOUND
[0.031s] -- Found variable: FALSE at SPINNAKER_LIBRARIES-NOTFOUND and SPINNAKER_INCLUDE_DIRS-NOTFOUND
[0.031s] -- spinnaker not found
[0.031s] -- libSpinnaker not found in system library path
[0.108s] -- Running download_spinnaker script with arguments: x86_64 /root/ros2_ws/build/spinnaker_camera_driver/usr/lib jammy
[0.169s] -- PROCESS RESULT: CPU architecture is %s x86_64
[0.169s] OS code name is %s jammy
[0.169s] Destination folder is %s /root/ros2_ws/build/spinnaker_camera_driver/usr/lib
[0.169s] Previous installation found, skipping...
[0.169s] 
[0.170s] -- libSpinnaker library location: /root/ros2_ws/build/spinnaker_camera_driver/usr/lib/libSpinnaker.so
[0.170s] -- libSpinnaker include location: /root/ros2_ws/build/spinnaker_camera_driver/opt/spinnaker/include
[0.170s] -- Found inc dir: /root/ros2_ws/build/spinnaker_camera_driver/opt/spinnaker/include
[0.171s] -- Found ament_cmake: 1.3.10 (/opt/ros/humble/share/ament_cmake/cmake)
[0.288s] -- Override CMake install command with custom implementation using symlinks instead of copying resources
[0.301s] -- Found ament_cmake_ros: 0.10.0 (/opt/ros/humble/share/ament_cmake_ros/cmake)
[0.305s] -- Found rclcpp: 16.0.10 (/opt/ros/humble/share/rclcpp/cmake)
[0.341s] -- Found rosidl_generator_c: 3.1.5 (/opt/ros/humble/share/rosidl_generator_c/cmake)
[0.344s] -- Found rosidl_adapter: 3.1.5 (/opt/ros/humble/share/rosidl_adapter/cmake)
[0.351s] -- Found rosidl_generator_cpp: 3.1.5 (/opt/ros/humble/share/rosidl_generator_cpp/cmake)
[0.362s] -- Using all available rosidl_typesupport_c: rosidl_typesupport_fastrtps_c;rosidl_typesupport_introspection_c
[0.376s] -- Using all available rosidl_typesupport_cpp: rosidl_typesupport_fastrtps_cpp;rosidl_typesupport_introspection_cpp
[0.412s] -- Found rmw_implementation_cmake: 6.1.2 (/opt/ros/humble/share/rmw_implementation_cmake/cmake)
[0.414s] -- Found rmw_fastrtps_cpp: 6.2.7 (/opt/ros/humble/share/rmw_fastrtps_cpp/cmake)
[0.543s] -- Using RMW implementation 'rmw_fastrtps_cpp' as default
[0.596s] -- Found rclcpp_components: 16.0.10 (/opt/ros/humble/share/rclcpp_components/cmake)
[0.616s] -- Found sensor_msgs: 4.2.4 (/opt/ros/humble/share/sensor_msgs/cmake)
[0.647s] -- Found camera_info_manager: 3.1.9 (/opt/ros/humble/share/camera_info_manager/cmake)
[0.655s] -- Found image_transport: 3.1.9 (/opt/ros/humble/share/image_transport/cmake)
[0.680s] -- Found flir_camera_msgs: 2.0.8 (/root/ros2_ws/install/flir_camera_msgs/share/flir_camera_msgs/cmake)
[0.696s] -- installing spinnaker libraries from /root/ros2_ws/build/spinnaker_camera_driver/opt/spinnaker/lib
[0.698s] -- Found ament_cmake_copyright: 0.12.11 (/opt/ros/humble/share/ament_cmake_copyright/cmake)
[0.699s] -- Found ament_cmake_cppcheck: 0.12.11 (/opt/ros/humble/share/ament_cmake_cppcheck/cmake)
[0.700s] -- Found ament_cmake_cpplint: 0.12.11 (/opt/ros/humble/share/ament_cmake_cpplint/cmake)
[0.701s] -- Found ament_cmake_flake8: 0.12.11 (/opt/ros/humble/share/ament_cmake_flake8/cmake)
[0.701s] -- Found ament_cmake_lint_cmake: 0.12.11 (/opt/ros/humble/share/ament_cmake_lint_cmake/cmake)
[0.702s] -- Found ament_cmake_pep257: 0.12.11 (/opt/ros/humble/share/ament_cmake_pep257/cmake)
[0.717s] [31mCMake Error at CMakeLists.txt:205 (find_package):
[0.717s]   By not providing "Findament_cmake_clang_format.cmake" in CMAKE_MODULE_PATH
[0.717s]   this project has asked CMake to find a package configuration file provided
[0.717s]   by "ament_cmake_clang_format", but CMake did not find one.
[0.717s] 
[0.718s]   Could not find a package configuration file provided by
[0.718s]   "ament_cmake_clang_format" with any of the following names:
[0.718s] 
[0.718s]     ament_cmake_clang_formatConfig.cmake
[0.718s]     ament_cmake_clang_format-config.cmake
[0.718s] 
[0.718s]   Add the installation prefix of "ament_cmake_clang_format" to
[0.718s]   CMAKE_PREFIX_PATH or set "ament_cmake_clang_format_DIR" to a directory
[0.718s]   containing one of the above files.  If "ament_cmake_clang_format" provides
[0.718s]   a separate development package or SDK, be sure it has been installed.
[0.718s] 
[0.718s] [0m
[0.718s] -- Configuring incomplete, errors occurred!
[0.718s] See also "/root/ros2_ws/build/spinnaker_camera_driver/CMakeFiles/CMakeOutput.log".
[0.726s] Invoked command in '/root/ros2_ws/build/spinnaker_camera_driver' returned '1': AMENT_PREFIX_PATH=/root/ros2_ws/install/flir_camera_msgs:${AMENT_PREFIX_PATH} CMAKE_PREFIX_PATH=/root/ros2_ws/install/flir_camera_msgs:/opt/ros/humble LD_LIBRARY_PATH=/root/ros2_ws/install/flir_camera_msgs/lib:${LD_LIBRARY_PATH} PYTHONPATH=/root/ros2_ws/install/flir_camera_msgs/local/lib/python3.10/dist-packages:${PYTHONPATH} /usr/bin/cmake /root/ros2_ws/src/flir_camera_driver/spinnaker_camera_driver -DCMAKE_INSTALL_PREFIX=/root/ros2_ws/install/spinnaker_camera_driver
