[0.017s] Invoking command in '/root/ros2_ws/build/flir_camera_description': CMAKE_PREFIX_PATH=/opt/ros/humble /usr/bin/cmake --build /root/ros2_ws/build/flir_camera_description -- -j8 -l8
[0.066s] -- Found ament_cmake: 1.3.10 (/opt/ros/humble/share/ament_cmake/cmake)
[0.237s] -- Override CMake install command with custom implementation using symlinks instead of copying resources
[0.253s] -- Found ament_lint_auto: 0.12.11 (/opt/ros/humble/share/ament_lint_auto/cmake)
[0.357s] -- Added test 'copyright' to check source files copyright and LICENSE
[0.360s] -- Added test 'flake8' to check Python code syntax and style conventions
[0.361s] -- Added test 'lint_cmake' to check CMake code style
[0.361s] -- Added test 'pep257' to check Python code against some of the docstring style conventions in PEP 257
[0.363s] -- Added test 'xmllint' to check XML markup files
[0.364s] -- Configuring done
[0.369s] -- Generating done
[0.371s] -- Build files have been written to: /root/ros2_ws/build/flir_camera_description
[0.398s] Invoked command in '/root/ros2_ws/build/flir_camera_description' returned '0': CMAKE_PREFIX_PATH=/opt/ros/humble /usr/bin/cmake --build /root/ros2_ws/build/flir_camera_description -- -j8 -l8
[0.435s] Invoking command in '/root/ros2_ws/build/flir_camera_description': CMAKE_PREFIX_PATH=/opt/ros/humble /usr/bin/cmake --install /root/ros2_ws/build/flir_camera_description
[0.443s] -- Install configuration: "RelWithDebInfo"
[0.443s] -- Execute custom install script
[0.444s] -- Up-to-date symlink: /root/ros2_ws/install/flir_camera_description/share/flir_camera_description/launch/demo.launch.py
[0.444s] -- Up-to-date symlink: /root/ros2_ws/install/flir_camera_description/share/flir_camera_description/meshes/flir_blackfly_s.stl
[0.444s] -- Up-to-date symlink: /root/ros2_ws/install/flir_camera_description/share/flir_camera_description/urdf/demo.urdf.xacro
[0.444s] -- Up-to-date symlink: /root/ros2_ws/install/flir_camera_description/share/flir_camera_description/urdf/flir_blackfly_s.urdf.xacro
[0.444s] -- Up-to-date symlink: /root/ros2_ws/install/flir_camera_description/share/ament_index/resource_index/package_run_dependencies/flir_camera_description
[0.445s] -- Up-to-date symlink: /root/ros2_ws/install/flir_camera_description/share/ament_index/resource_index/parent_prefix_path/flir_camera_description
[0.445s] -- Up-to-date symlink: /root/ros2_ws/install/flir_camera_description/share/flir_camera_description/environment/ament_prefix_path.sh
[0.445s] -- Up-to-date symlink: /root/ros2_ws/install/flir_camera_description/share/flir_camera_description/environment/ament_prefix_path.dsv
[0.445s] -- Up-to-date symlink: /root/ros2_ws/install/flir_camera_description/share/flir_camera_description/environment/path.sh
[0.446s] -- Up-to-date symlink: /root/ros2_ws/install/flir_camera_description/share/flir_camera_description/environment/path.dsv
[0.446s] -- Up-to-date symlink: /root/ros2_ws/install/flir_camera_description/share/flir_camera_description/local_setup.bash
[0.446s] -- Up-to-date symlink: /root/ros2_ws/install/flir_camera_description/share/flir_camera_description/local_setup.sh
[0.446s] -- Up-to-date symlink: /root/ros2_ws/install/flir_camera_description/share/flir_camera_description/local_setup.zsh
[0.447s] -- Up-to-date symlink: /root/ros2_ws/install/flir_camera_description/share/flir_camera_description/local_setup.dsv
[0.447s] -- Symlinking: /root/ros2_ws/install/flir_camera_description/share/flir_camera_description/package.dsv
[0.458s] -- Up-to-date symlink: /root/ros2_ws/install/flir_camera_description/share/ament_index/resource_index/packages/flir_camera_description
[0.459s] -- Up-to-date symlink: /root/ros2_ws/install/flir_camera_description/share/flir_camera_description/cmake/flir_camera_descriptionConfig.cmake
[0.459s] -- Up-to-date symlink: /root/ros2_ws/install/flir_camera_description/share/flir_camera_description/cmake/flir_camera_descriptionConfig-version.cmake
[0.459s] -- Up-to-date symlink: /root/ros2_ws/install/flir_camera_description/share/flir_camera_description/package.xml
[0.462s] Invoked command in '/root/ros2_ws/build/flir_camera_description' returned '0': CMAKE_PREFIX_PATH=/opt/ros/humble /usr/bin/cmake --install /root/ros2_ws/build/flir_camera_description
