[0.015s] Invoking command in '/root/ros2_ws/build/flir_camera_description': CMAKE_PREFIX_PATH=/opt/ros/humble /usr/bin/cmake /root/ros2_ws/src/flir_camera_driver/flir_camera_description -DCMAKE_INSTALL_PREFIX=/root/ros2_ws/install/flir_camera_description
[0.044s] -- Found ament_cmake: 1.3.10 (/opt/ros/humble/share/ament_cmake/cmake)
[0.215s] -- Override CMake install command with custom implementation using symlinks instead of copying resources
[0.232s] -- Found ament_lint_auto: 0.12.11 (/opt/ros/humble/share/ament_lint_auto/cmake)
[0.323s] -- Added test 'copyright' to check source files copyright and LICENSE
[0.326s] -- Added test 'flake8' to check Python code syntax and style conventions
[0.327s] -- Added test 'lint_cmake' to check CMake code style
[0.327s] -- Added test 'pep257' to check Python code against some of the docstring style conventions in PEP 257
[0.329s] -- Added test 'xmllint' to check XML markup files
[0.331s] -- Configuring done
[0.337s] -- Generating done
[0.339s] -- Build files have been written to: /root/ros2_ws/build/flir_camera_description
[0.346s] Invoked command in '/root/ros2_ws/build/flir_camera_description' returned '0': CMAKE_PREFIX_PATH=/opt/ros/humble /usr/bin/cmake /root/ros2_ws/src/flir_camera_driver/flir_camera_description -DCMAKE_INSTALL_PREFIX=/root/ros2_ws/install/flir_camera_description
[0.349s] Invoking command in '/root/ros2_ws/build/flir_camera_description': CMAKE_PREFIX_PATH=/opt/ros/humble /usr/bin/cmake --build /root/ros2_ws/build/flir_camera_description -- -j8 -l8
[0.395s] Invoked command in '/root/ros2_ws/build/flir_camera_description' returned '0': CMAKE_PREFIX_PATH=/opt/ros/humble /usr/bin/cmake --build /root/ros2_ws/build/flir_camera_description -- -j8 -l8
[0.432s] Invoking command in '/root/ros2_ws/build/flir_camera_description': CMAKE_PREFIX_PATH=/opt/ros/humble /usr/bin/cmake --install /root/ros2_ws/build/flir_camera_description
[0.440s] -- Install configuration: "RelWithDebInfo"
[0.440s] -- Execute custom install script
[0.441s] -- Up-to-date symlink: /root/ros2_ws/install/flir_camera_description/share/flir_camera_description/launch/demo.launch.py
[0.441s] -- Up-to-date symlink: /root/ros2_ws/install/flir_camera_description/share/flir_camera_description/meshes/flir_blackfly_s.stl
[0.441s] -- Up-to-date symlink: /root/ros2_ws/install/flir_camera_description/share/flir_camera_description/urdf/demo.urdf.xacro
[0.441s] -- Up-to-date symlink: /root/ros2_ws/install/flir_camera_description/share/flir_camera_description/urdf/flir_blackfly_s.urdf.xacro
[0.442s] -- Up-to-date symlink: /root/ros2_ws/install/flir_camera_description/share/ament_index/resource_index/package_run_dependencies/flir_camera_description
[0.442s] -- Up-to-date symlink: /root/ros2_ws/install/flir_camera_description/share/ament_index/resource_index/parent_prefix_path/flir_camera_description
[0.442s] -- Up-to-date symlink: /root/ros2_ws/install/flir_camera_description/share/flir_camera_description/environment/ament_prefix_path.sh
[0.443s] -- Up-to-date symlink: /root/ros2_ws/install/flir_camera_description/share/flir_camera_description/environment/ament_prefix_path.dsv
[0.443s] -- Up-to-date symlink: /root/ros2_ws/install/flir_camera_description/share/flir_camera_description/environment/path.sh
[0.443s] -- Up-to-date symlink: /root/ros2_ws/install/flir_camera_description/share/flir_camera_description/environment/path.dsv
[0.443s] -- Up-to-date symlink: /root/ros2_ws/install/flir_camera_description/share/flir_camera_description/local_setup.bash
[0.444s] -- Up-to-date symlink: /root/ros2_ws/install/flir_camera_description/share/flir_camera_description/local_setup.sh
[0.444s] -- Up-to-date symlink: /root/ros2_ws/install/flir_camera_description/share/flir_camera_description/local_setup.zsh
[0.444s] -- Up-to-date symlink: /root/ros2_ws/install/flir_camera_description/share/flir_camera_description/local_setup.dsv
[0.444s] -- Symlinking: /root/ros2_ws/install/flir_camera_description/share/flir_camera_description/package.dsv
[0.456s] -- Up-to-date symlink: /root/ros2_ws/install/flir_camera_description/share/ament_index/resource_index/packages/flir_camera_description
[0.456s] -- Up-to-date symlink: /root/ros2_ws/install/flir_camera_description/share/flir_camera_description/cmake/flir_camera_descriptionConfig.cmake
[0.456s] -- Up-to-date symlink: /root/ros2_ws/install/flir_camera_description/share/flir_camera_description/cmake/flir_camera_descriptionConfig-version.cmake
[0.456s] -- Up-to-date symlink: /root/ros2_ws/install/flir_camera_description/share/flir_camera_description/package.xml
[0.459s] Invoked command in '/root/ros2_ws/build/flir_camera_description' returned '0': CMAKE_PREFIX_PATH=/opt/ros/humble /usr/bin/cmake --install /root/ros2_ws/build/flir_camera_description
