[0.158s] DEBUG:colcon:Command line arguments: ['/usr/local/bin/colcon', 'build', '--symlink-install', '--cmake-args', '-DCMAKE_BUILD_TYPE=RelWithDebInfo', '-DCMAKE_EXPORT_COMPILE_COMMANDS=ON']
[0.158s] DEBUG:colcon:Parsed command line arguments: Namespace(log_base=None, log_level=None, verb_name='build', build_base='build', install_base='install', merge_install=False, symlink_install=True, test_result_base=None, continue_on_error=False, executor='parallel', parallel_workers=8, event_handlers=None, ignore_user_meta=False, metas=['./colcon.meta'], base_paths=['.'], packages_ignore=None, packages_ignore_regex=None, paths=None, packages_up_to=None, packages_up_to_regex=None, packages_above=None, packages_above_and_dependencies=None, packages_above_depth=None, packages_select_by_dep=None, packages_skip_by_dep=None, packages_skip_up_to=None, packages_select_build_failed=False, packages_skip_build_finished=False, packages_select_test_failures=False, packages_skip_test_passed=False, packages_select=None, packages_skip=None, packages_select_regex=None, packages_skip_regex=None, packages_start=None, packages_end=None, cmake_args=['-DCMAKE_BUILD_TYPE=RelWithDebInfo', '-DCMAKE_EXPORT_COMPILE_COMMANDS=ON'], cmake_target=None, cmake_target_skip_unavailable=False, cmake_clean_cache=False, cmake_clean_first=False, cmake_force_configure=False, ament_cmake_args=None, catkin_cmake_args=None, catkin_skip_building_tests=False, verb_parser=<colcon_defaults.argument_parser.defaults.DefaultArgumentsDecorator object at 0x7525900f4af0>, verb_extension=<colcon_core.verb.build.BuildVerb object at 0x7525900f4580>, main=<bound method BuildVerb.main of <colcon_core.verb.build.BuildVerb object at 0x7525900f4580>>)
[0.324s] Level 1:colcon.colcon_core.package_discovery:discover_packages(colcon_meta) check parameters
[0.324s] Level 1:colcon.colcon_core.package_discovery:discover_packages(recursive) check parameters
[0.324s] Level 1:colcon.colcon_core.package_discovery:discover_packages(ignore) check parameters
[0.324s] Level 1:colcon.colcon_core.package_discovery:discover_packages(path) check parameters
[0.324s] Level 1:colcon.colcon_core.package_discovery:discover_packages(colcon_meta) discover
[0.324s] Level 1:colcon.colcon_core.package_discovery:discover_packages(recursive) discover
[0.324s] INFO:colcon.colcon_core.package_discovery:Crawling recursively for packages in '/root/ros2_ws'
[0.324s] Level 1:colcon.colcon_core.package_identification:_identify(.) by extensions ['ignore', 'ignore_ament_install']
[0.324s] Level 1:colcon.colcon_core.package_identification:_identify(.) by extension 'ignore'
[0.324s] Level 1:colcon.colcon_core.package_identification:_identify(.) by extension 'ignore_ament_install'
[0.325s] Level 1:colcon.colcon_core.package_identification:_identify(.) by extensions ['colcon_pkg']
[0.325s] Level 1:colcon.colcon_core.package_identification:_identify(.) by extension 'colcon_pkg'
[0.325s] Level 1:colcon.colcon_core.package_identification:_identify(.) by extensions ['colcon_meta']
[0.325s] Level 1:colcon.colcon_core.package_identification:_identify(.) by extension 'colcon_meta'
[0.325s] Level 1:colcon.colcon_core.package_identification:_identify(.) by extensions ['ros']
[0.325s] Level 1:colcon.colcon_core.package_identification:_identify(.) by extension 'ros'
[0.338s] Level 1:colcon.colcon_core.package_identification:_identify(.) by extensions ['cmake', 'python']
[0.339s] Level 1:colcon.colcon_core.package_identification:_identify(.) by extension 'cmake'
[0.339s] Level 1:colcon.colcon_core.package_identification:_identify(.) by extension 'python'
[0.339s] Level 1:colcon.colcon_core.package_identification:_identify(.) by extensions ['python_setup_py']
[0.339s] Level 1:colcon.colcon_core.package_identification:_identify(.) by extension 'python_setup_py'
[0.339s] Level 1:colcon.colcon_core.package_identification:_identify(build) by extensions ['ignore', 'ignore_ament_install']
[0.339s] Level 1:colcon.colcon_core.package_identification:_identify(build) by extension 'ignore'
[0.339s] Level 1:colcon.colcon_core.package_identification:_identify(build) ignored
[0.339s] Level 1:colcon.colcon_core.package_identification:_identify(install) by extensions ['ignore', 'ignore_ament_install']
[0.339s] Level 1:colcon.colcon_core.package_identification:_identify(install) by extension 'ignore'
[0.339s] Level 1:colcon.colcon_core.package_identification:_identify(install) ignored
[0.339s] Level 1:colcon.colcon_core.package_identification:_identify(log) by extensions ['ignore', 'ignore_ament_install']
[0.340s] Level 1:colcon.colcon_core.package_identification:_identify(log) by extension 'ignore'
[0.340s] Level 1:colcon.colcon_core.package_identification:_identify(log) ignored
[0.340s] Level 1:colcon.colcon_core.package_identification:_identify(src) by extensions ['ignore', 'ignore_ament_install']
[0.340s] Level 1:colcon.colcon_core.package_identification:_identify(src) by extension 'ignore'
[0.340s] Level 1:colcon.colcon_core.package_identification:_identify(src) by extension 'ignore_ament_install'
[0.340s] Level 1:colcon.colcon_core.package_identification:_identify(src) by extensions ['colcon_pkg']
[0.340s] Level 1:colcon.colcon_core.package_identification:_identify(src) by extension 'colcon_pkg'
[0.340s] Level 1:colcon.colcon_core.package_identification:_identify(src) by extensions ['colcon_meta']
[0.340s] Level 1:colcon.colcon_core.package_identification:_identify(src) by extension 'colcon_meta'
[0.340s] Level 1:colcon.colcon_core.package_identification:_identify(src) by extensions ['ros']
[0.340s] Level 1:colcon.colcon_core.package_identification:_identify(src) by extension 'ros'
[0.340s] Level 1:colcon.colcon_core.package_identification:_identify(src) by extensions ['cmake', 'python']
[0.340s] Level 1:colcon.colcon_core.package_identification:_identify(src) by extension 'cmake'
[0.340s] Level 1:colcon.colcon_core.package_identification:_identify(src) by extension 'python'
[0.340s] Level 1:colcon.colcon_core.package_identification:_identify(src) by extensions ['python_setup_py']
[0.340s] Level 1:colcon.colcon_core.package_identification:_identify(src) by extension 'python_setup_py'
[0.340s] Level 1:colcon.colcon_core.package_identification:_identify(src/flir_camera_driver) by extensions ['ignore', 'ignore_ament_install']
[0.341s] Level 1:colcon.colcon_core.package_identification:_identify(src/flir_camera_driver) by extension 'ignore'
[0.341s] Level 1:colcon.colcon_core.package_identification:_identify(src/flir_camera_driver) by extension 'ignore_ament_install'
[0.341s] Level 1:colcon.colcon_core.package_identification:_identify(src/flir_camera_driver) by extensions ['colcon_pkg']
[0.341s] Level 1:colcon.colcon_core.package_identification:_identify(src/flir_camera_driver) by extension 'colcon_pkg'
[0.341s] Level 1:colcon.colcon_core.package_identification:_identify(src/flir_camera_driver) by extensions ['colcon_meta']
[0.341s] Level 1:colcon.colcon_core.package_identification:_identify(src/flir_camera_driver) by extension 'colcon_meta'
[0.341s] Level 1:colcon.colcon_core.package_identification:_identify(src/flir_camera_driver) by extensions ['ros']
[0.341s] Level 1:colcon.colcon_core.package_identification:_identify(src/flir_camera_driver) by extension 'ros'
[0.341s] Level 1:colcon.colcon_core.package_identification:_identify(src/flir_camera_driver) by extensions ['cmake', 'python']
[0.341s] Level 1:colcon.colcon_core.package_identification:_identify(src/flir_camera_driver) by extension 'cmake'
[0.341s] Level 1:colcon.colcon_core.package_identification:_identify(src/flir_camera_driver) by extension 'python'
[0.341s] Level 1:colcon.colcon_core.package_identification:_identify(src/flir_camera_driver) by extensions ['python_setup_py']
[0.341s] Level 1:colcon.colcon_core.package_identification:_identify(src/flir_camera_driver) by extension 'python_setup_py'
[0.341s] Level 1:colcon.colcon_core.package_identification:_identify(src/flir_camera_driver/doc) by extensions ['ignore', 'ignore_ament_install']
[0.341s] Level 1:colcon.colcon_core.package_identification:_identify(src/flir_camera_driver/doc) by extension 'ignore'
[0.341s] Level 1:colcon.colcon_core.package_identification:_identify(src/flir_camera_driver/doc) by extension 'ignore_ament_install'
[0.342s] Level 1:colcon.colcon_core.package_identification:_identify(src/flir_camera_driver/doc) by extensions ['colcon_pkg']
[0.342s] Level 1:colcon.colcon_core.package_identification:_identify(src/flir_camera_driver/doc) by extension 'colcon_pkg'
[0.342s] Level 1:colcon.colcon_core.package_identification:_identify(src/flir_camera_driver/doc) by extensions ['colcon_meta']
[0.342s] Level 1:colcon.colcon_core.package_identification:_identify(src/flir_camera_driver/doc) by extension 'colcon_meta'
[0.342s] Level 1:colcon.colcon_core.package_identification:_identify(src/flir_camera_driver/doc) by extensions ['ros']
[0.342s] Level 1:colcon.colcon_core.package_identification:_identify(src/flir_camera_driver/doc) by extension 'ros'
[0.342s] Level 1:colcon.colcon_core.package_identification:_identify(src/flir_camera_driver/doc) by extensions ['cmake', 'python']
[0.342s] Level 1:colcon.colcon_core.package_identification:_identify(src/flir_camera_driver/doc) by extension 'cmake'
[0.342s] Level 1:colcon.colcon_core.package_identification:_identify(src/flir_camera_driver/doc) by extension 'python'
[0.342s] Level 1:colcon.colcon_core.package_identification:_identify(src/flir_camera_driver/doc) by extensions ['python_setup_py']
[0.342s] Level 1:colcon.colcon_core.package_identification:_identify(src/flir_camera_driver/doc) by extension 'python_setup_py'
[0.342s] Level 1:colcon.colcon_core.package_identification:_identify(src/flir_camera_driver/flir_camera_description) by extensions ['ignore', 'ignore_ament_install']
[0.342s] Level 1:colcon.colcon_core.package_identification:_identify(src/flir_camera_driver/flir_camera_description) by extension 'ignore'
[0.342s] Level 1:colcon.colcon_core.package_identification:_identify(src/flir_camera_driver/flir_camera_description) by extension 'ignore_ament_install'
[0.342s] Level 1:colcon.colcon_core.package_identification:_identify(src/flir_camera_driver/flir_camera_description) by extensions ['colcon_pkg']
[0.342s] Level 1:colcon.colcon_core.package_identification:_identify(src/flir_camera_driver/flir_camera_description) by extension 'colcon_pkg'
[0.343s] Level 1:colcon.colcon_core.package_identification:_identify(src/flir_camera_driver/flir_camera_description) by extensions ['colcon_meta']
[0.343s] Level 1:colcon.colcon_core.package_identification:_identify(src/flir_camera_driver/flir_camera_description) by extension 'colcon_meta'
[0.343s] Level 1:colcon.colcon_core.package_identification:_identify(src/flir_camera_driver/flir_camera_description) by extensions ['ros']
[0.343s] Level 1:colcon.colcon_core.package_identification:_identify(src/flir_camera_driver/flir_camera_description) by extension 'ros'
[0.346s] DEBUG:colcon.colcon_core.package_identification:Package 'src/flir_camera_driver/flir_camera_description' with type 'ros.ament_cmake' and name 'flir_camera_description'
[0.346s] Level 1:colcon.colcon_core.package_identification:_identify(src/flir_camera_driver/flir_camera_msgs) by extensions ['ignore', 'ignore_ament_install']
[0.346s] Level 1:colcon.colcon_core.package_identification:_identify(src/flir_camera_driver/flir_camera_msgs) by extension 'ignore'
[0.346s] Level 1:colcon.colcon_core.package_identification:_identify(src/flir_camera_driver/flir_camera_msgs) by extension 'ignore_ament_install'
[0.346s] Level 1:colcon.colcon_core.package_identification:_identify(src/flir_camera_driver/flir_camera_msgs) by extensions ['colcon_pkg']
[0.346s] Level 1:colcon.colcon_core.package_identification:_identify(src/flir_camera_driver/flir_camera_msgs) by extension 'colcon_pkg'
[0.346s] Level 1:colcon.colcon_core.package_identification:_identify(src/flir_camera_driver/flir_camera_msgs) by extensions ['colcon_meta']
[0.346s] Level 1:colcon.colcon_core.package_identification:_identify(src/flir_camera_driver/flir_camera_msgs) by extension 'colcon_meta'
[0.346s] Level 1:colcon.colcon_core.package_identification:_identify(src/flir_camera_driver/flir_camera_msgs) by extensions ['ros']
[0.346s] Level 1:colcon.colcon_core.package_identification:_identify(src/flir_camera_driver/flir_camera_msgs) by extension 'ros'
[0.347s] DEBUG:colcon.colcon_core.package_identification:Package 'src/flir_camera_driver/flir_camera_msgs' with type 'ros.ament_cmake' and name 'flir_camera_msgs'
[0.347s] Level 1:colcon.colcon_core.package_identification:_identify(src/flir_camera_driver/spinnaker_camera_driver) by extensions ['ignore', 'ignore_ament_install']
[0.348s] Level 1:colcon.colcon_core.package_identification:_identify(src/flir_camera_driver/spinnaker_camera_driver) by extension 'ignore'
[0.348s] Level 1:colcon.colcon_core.package_identification:_identify(src/flir_camera_driver/spinnaker_camera_driver) by extension 'ignore_ament_install'
[0.348s] Level 1:colcon.colcon_core.package_identification:_identify(src/flir_camera_driver/spinnaker_camera_driver) by extensions ['colcon_pkg']
[0.348s] Level 1:colcon.colcon_core.package_identification:_identify(src/flir_camera_driver/spinnaker_camera_driver) by extension 'colcon_pkg'
[0.348s] Level 1:colcon.colcon_core.package_identification:_identify(src/flir_camera_driver/spinnaker_camera_driver) by extensions ['colcon_meta']
[0.348s] Level 1:colcon.colcon_core.package_identification:_identify(src/flir_camera_driver/spinnaker_camera_driver) by extension 'colcon_meta'
[0.348s] Level 1:colcon.colcon_core.package_identification:_identify(src/flir_camera_driver/spinnaker_camera_driver) by extensions ['ros']
[0.348s] Level 1:colcon.colcon_core.package_identification:_identify(src/flir_camera_driver/spinnaker_camera_driver) by extension 'ros'
[0.350s] DEBUG:colcon.colcon_core.package_identification:Package 'src/flir_camera_driver/spinnaker_camera_driver' with type 'ros.ament_cmake' and name 'spinnaker_camera_driver'
[0.350s] Level 1:colcon.colcon_core.package_identification:_identify(src/flir_camera_driver/spinnaker_synchronized_camera_driver) by extensions ['ignore', 'ignore_ament_install']
[0.350s] Level 1:colcon.colcon_core.package_identification:_identify(src/flir_camera_driver/spinnaker_synchronized_camera_driver) by extension 'ignore'
[0.350s] Level 1:colcon.colcon_core.package_identification:_identify(src/flir_camera_driver/spinnaker_synchronized_camera_driver) by extension 'ignore_ament_install'
[0.350s] Level 1:colcon.colcon_core.package_identification:_identify(src/flir_camera_driver/spinnaker_synchronized_camera_driver) by extensions ['colcon_pkg']
[0.350s] Level 1:colcon.colcon_core.package_identification:_identify(src/flir_camera_driver/spinnaker_synchronized_camera_driver) by extension 'colcon_pkg'
[0.350s] Level 1:colcon.colcon_core.package_identification:_identify(src/flir_camera_driver/spinnaker_synchronized_camera_driver) by extensions ['colcon_meta']
[0.350s] Level 1:colcon.colcon_core.package_identification:_identify(src/flir_camera_driver/spinnaker_synchronized_camera_driver) by extension 'colcon_meta'
[0.350s] Level 1:colcon.colcon_core.package_identification:_identify(src/flir_camera_driver/spinnaker_synchronized_camera_driver) by extensions ['ros']
[0.350s] Level 1:colcon.colcon_core.package_identification:_identify(src/flir_camera_driver/spinnaker_synchronized_camera_driver) by extension 'ros'
[0.351s] DEBUG:colcon.colcon_core.package_identification:Package 'src/flir_camera_driver/spinnaker_synchronized_camera_driver' with type 'ros.ament_cmake' and name 'spinnaker_synchronized_camera_driver'
[0.352s] Level 1:colcon.colcon_core.package_discovery:discover_packages(recursive) using defaults
[0.352s] Level 1:colcon.colcon_core.package_discovery:discover_packages(ignore) discover
[0.352s] Level 1:colcon.colcon_core.package_discovery:discover_packages(ignore) using defaults
[0.352s] Level 1:colcon.colcon_core.package_discovery:discover_packages(path) discover
[0.352s] Level 1:colcon.colcon_core.package_discovery:discover_packages(path) using defaults
[0.379s] Level 5:colcon.colcon_core.verb:set package 'flir_camera_description' build argument 'cmake_args' from command line to '['-DCMAKE_BUILD_TYPE=RelWithDebInfo', '-DCMAKE_EXPORT_COMPILE_COMMANDS=ON']'
[0.379s] Level 5:colcon.colcon_core.verb:set package 'flir_camera_description' build argument 'cmake_target' from command line to 'None'
[0.379s] Level 5:colcon.colcon_core.verb:set package 'flir_camera_description' build argument 'cmake_target_skip_unavailable' from command line to 'False'
[0.379s] Level 5:colcon.colcon_core.verb:set package 'flir_camera_description' build argument 'cmake_clean_cache' from command line to 'False'
[0.379s] Level 5:colcon.colcon_core.verb:set package 'flir_camera_description' build argument 'cmake_clean_first' from command line to 'False'
[0.379s] Level 5:colcon.colcon_core.verb:set package 'flir_camera_description' build argument 'cmake_force_configure' from command line to 'False'
[0.379s] Level 5:colcon.colcon_core.verb:set package 'flir_camera_description' build argument 'ament_cmake_args' from command line to 'None'
[0.379s] Level 5:colcon.colcon_core.verb:set package 'flir_camera_description' build argument 'catkin_cmake_args' from command line to 'None'
[0.379s] Level 5:colcon.colcon_core.verb:set package 'flir_camera_description' build argument 'catkin_skip_building_tests' from command line to 'False'
[0.379s] DEBUG:colcon.colcon_core.verb:Building package 'flir_camera_description' with the following arguments: {'ament_cmake_args': None, 'build_base': '/root/ros2_ws/build/flir_camera_description', 'catkin_cmake_args': None, 'catkin_skip_building_tests': False, 'cmake_args': ['-DCMAKE_BUILD_TYPE=RelWithDebInfo', '-DCMAKE_EXPORT_COMPILE_COMMANDS=ON'], 'cmake_clean_cache': False, 'cmake_clean_first': False, 'cmake_force_configure': False, 'cmake_target': None, 'cmake_target_skip_unavailable': False, 'install_base': '/root/ros2_ws/install/flir_camera_description', 'merge_install': False, 'path': '/root/ros2_ws/src/flir_camera_driver/flir_camera_description', 'symlink_install': True, 'test_result_base': None}
[0.380s] Level 5:colcon.colcon_core.verb:set package 'flir_camera_msgs' build argument 'cmake_args' from command line to '['-DCMAKE_BUILD_TYPE=RelWithDebInfo', '-DCMAKE_EXPORT_COMPILE_COMMANDS=ON']'
[0.380s] Level 5:colcon.colcon_core.verb:set package 'flir_camera_msgs' build argument 'cmake_target' from command line to 'None'
[0.380s] Level 5:colcon.colcon_core.verb:set package 'flir_camera_msgs' build argument 'cmake_target_skip_unavailable' from command line to 'False'
[0.380s] Level 5:colcon.colcon_core.verb:set package 'flir_camera_msgs' build argument 'cmake_clean_cache' from command line to 'False'
[0.380s] Level 5:colcon.colcon_core.verb:set package 'flir_camera_msgs' build argument 'cmake_clean_first' from command line to 'False'
[0.380s] Level 5:colcon.colcon_core.verb:set package 'flir_camera_msgs' build argument 'cmake_force_configure' from command line to 'False'
[0.380s] Level 5:colcon.colcon_core.verb:set package 'flir_camera_msgs' build argument 'ament_cmake_args' from command line to 'None'
[0.380s] Level 5:colcon.colcon_core.verb:set package 'flir_camera_msgs' build argument 'catkin_cmake_args' from command line to 'None'
[0.380s] Level 5:colcon.colcon_core.verb:set package 'flir_camera_msgs' build argument 'catkin_skip_building_tests' from command line to 'False'
[0.380s] DEBUG:colcon.colcon_core.verb:Building package 'flir_camera_msgs' with the following arguments: {'ament_cmake_args': None, 'build_base': '/root/ros2_ws/build/flir_camera_msgs', 'catkin_cmake_args': None, 'catkin_skip_building_tests': False, 'cmake_args': ['-DCMAKE_BUILD_TYPE=RelWithDebInfo', '-DCMAKE_EXPORT_COMPILE_COMMANDS=ON'], 'cmake_clean_cache': False, 'cmake_clean_first': False, 'cmake_force_configure': False, 'cmake_target': None, 'cmake_target_skip_unavailable': False, 'install_base': '/root/ros2_ws/install/flir_camera_msgs', 'merge_install': False, 'path': '/root/ros2_ws/src/flir_camera_driver/flir_camera_msgs', 'symlink_install': True, 'test_result_base': None}
[0.380s] Level 5:colcon.colcon_core.verb:set package 'spinnaker_camera_driver' build argument 'cmake_args' from command line to '['-DCMAKE_BUILD_TYPE=RelWithDebInfo', '-DCMAKE_EXPORT_COMPILE_COMMANDS=ON']'
[0.380s] Level 5:colcon.colcon_core.verb:set package 'spinnaker_camera_driver' build argument 'cmake_target' from command line to 'None'
[0.380s] Level 5:colcon.colcon_core.verb:set package 'spinnaker_camera_driver' build argument 'cmake_target_skip_unavailable' from command line to 'False'
[0.380s] Level 5:colcon.colcon_core.verb:set package 'spinnaker_camera_driver' build argument 'cmake_clean_cache' from command line to 'False'
[0.380s] Level 5:colcon.colcon_core.verb:set package 'spinnaker_camera_driver' build argument 'cmake_clean_first' from command line to 'False'
[0.380s] Level 5:colcon.colcon_core.verb:set package 'spinnaker_camera_driver' build argument 'cmake_force_configure' from command line to 'False'
[0.380s] Level 5:colcon.colcon_core.verb:set package 'spinnaker_camera_driver' build argument 'ament_cmake_args' from command line to 'None'
[0.381s] Level 5:colcon.colcon_core.verb:set package 'spinnaker_camera_driver' build argument 'catkin_cmake_args' from command line to 'None'
[0.381s] Level 5:colcon.colcon_core.verb:set package 'spinnaker_camera_driver' build argument 'catkin_skip_building_tests' from command line to 'False'
[0.381s] DEBUG:colcon.colcon_core.verb:Building package 'spinnaker_camera_driver' with the following arguments: {'ament_cmake_args': None, 'build_base': '/root/ros2_ws/build/spinnaker_camera_driver', 'catkin_cmake_args': None, 'catkin_skip_building_tests': False, 'cmake_args': ['-DCMAKE_BUILD_TYPE=RelWithDebInfo', '-DCMAKE_EXPORT_COMPILE_COMMANDS=ON'], 'cmake_clean_cache': False, 'cmake_clean_first': False, 'cmake_force_configure': False, 'cmake_target': None, 'cmake_target_skip_unavailable': False, 'install_base': '/root/ros2_ws/install/spinnaker_camera_driver', 'merge_install': False, 'path': '/root/ros2_ws/src/flir_camera_driver/spinnaker_camera_driver', 'symlink_install': True, 'test_result_base': None}
[0.381s] Level 5:colcon.colcon_core.verb:set package 'spinnaker_synchronized_camera_driver' build argument 'cmake_args' from command line to '['-DCMAKE_BUILD_TYPE=RelWithDebInfo', '-DCMAKE_EXPORT_COMPILE_COMMANDS=ON']'
[0.381s] Level 5:colcon.colcon_core.verb:set package 'spinnaker_synchronized_camera_driver' build argument 'cmake_target' from command line to 'None'
[0.381s] Level 5:colcon.colcon_core.verb:set package 'spinnaker_synchronized_camera_driver' build argument 'cmake_target_skip_unavailable' from command line to 'False'
[0.381s] Level 5:colcon.colcon_core.verb:set package 'spinnaker_synchronized_camera_driver' build argument 'cmake_clean_cache' from command line to 'False'
[0.381s] Level 5:colcon.colcon_core.verb:set package 'spinnaker_synchronized_camera_driver' build argument 'cmake_clean_first' from command line to 'False'
[0.381s] Level 5:colcon.colcon_core.verb:set package 'spinnaker_synchronized_camera_driver' build argument 'cmake_force_configure' from command line to 'False'
[0.381s] Level 5:colcon.colcon_core.verb:set package 'spinnaker_synchronized_camera_driver' build argument 'ament_cmake_args' from command line to 'None'
[0.381s] Level 5:colcon.colcon_core.verb:set package 'spinnaker_synchronized_camera_driver' build argument 'catkin_cmake_args' from command line to 'None'
[0.381s] Level 5:colcon.colcon_core.verb:set package 'spinnaker_synchronized_camera_driver' build argument 'catkin_skip_building_tests' from command line to 'False'
[0.381s] DEBUG:colcon.colcon_core.verb:Building package 'spinnaker_synchronized_camera_driver' with the following arguments: {'ament_cmake_args': None, 'build_base': '/root/ros2_ws/build/spinnaker_synchronized_camera_driver', 'catkin_cmake_args': None, 'catkin_skip_building_tests': False, 'cmake_args': ['-DCMAKE_BUILD_TYPE=RelWithDebInfo', '-DCMAKE_EXPORT_COMPILE_COMMANDS=ON'], 'cmake_clean_cache': False, 'cmake_clean_first': False, 'cmake_force_configure': False, 'cmake_target': None, 'cmake_target_skip_unavailable': False, 'install_base': '/root/ros2_ws/install/spinnaker_synchronized_camera_driver', 'merge_install': False, 'path': '/root/ros2_ws/src/flir_camera_driver/spinnaker_synchronized_camera_driver', 'symlink_install': True, 'test_result_base': None}
[0.381s] INFO:colcon.colcon_core.executor:Executing jobs using 'parallel' executor
[0.383s] DEBUG:colcon.colcon_parallel_executor.executor.parallel:run_until_complete
[0.383s] INFO:colcon.colcon_ros.task.ament_cmake.build:Building ROS package in '/root/ros2_ws/src/flir_camera_driver/flir_camera_msgs' with build type 'ament_cmake'
[0.383s] INFO:colcon.colcon_cmake.task.cmake.build:Building CMake package in '/root/ros2_ws/src/flir_camera_driver/flir_camera_msgs'
[0.386s] INFO:colcon.colcon_core.plugin_system:Skipping extension 'colcon_core.shell.bat': Not used on non-Windows systems
[0.386s] INFO:colcon.colcon_core.shell:Skip shell extension 'powershell' for command environment: Not usable outside of PowerShell
[0.386s] DEBUG:colcon.colcon_core.shell:Skip shell extension 'dsv' for command environment
[0.392s] INFO:colcon.colcon_ros.task.ament_cmake.build:Building ROS package in '/root/ros2_ws/src/flir_camera_driver/flir_camera_description' with build type 'ament_cmake'
[0.392s] INFO:colcon.colcon_cmake.task.cmake.build:Building CMake package in '/root/ros2_ws/src/flir_camera_driver/flir_camera_description'
[0.392s] INFO:colcon.colcon_core.shell:Skip shell extension 'powershell' for command environment: Not usable outside of PowerShell
[0.392s] DEBUG:colcon.colcon_core.shell:Skip shell extension 'dsv' for command environment
[0.400s] DEBUG:colcon.colcon_core.event_handler.log_command:Invoking command in '/root/ros2_ws/build/flir_camera_msgs': CMAKE_PREFIX_PATH=/opt/ros/humble /usr/bin/cmake /root/ros2_ws/src/flir_camera_driver/flir_camera_msgs -DCMAKE_BUILD_TYPE=RelWithDebInfo -DCMAKE_EXPORT_COMPILE_COMMANDS=ON -DAMENT_CMAKE_SYMLINK_INSTALL=1 -DCMAKE_INSTALL_PREFIX=/root/ros2_ws/install/flir_camera_msgs
[0.405s] DEBUG:colcon.colcon_core.event_handler.log_command:Invoking command in '/root/ros2_ws/build/flir_camera_description': CMAKE_PREFIX_PATH=/opt/ros/humble /usr/bin/cmake /root/ros2_ws/src/flir_camera_driver/flir_camera_description -DCMAKE_BUILD_TYPE=RelWithDebInfo -DCMAKE_EXPORT_COMPILE_COMMANDS=ON -DAMENT_CMAKE_SYMLINK_INSTALL=1 -DCMAKE_INSTALL_PREFIX=/root/ros2_ws/install/flir_camera_description
[1.208s] DEBUG:colcon.colcon_core.event_handler.log_command:Invoked command in '/root/ros2_ws/build/flir_camera_description' returned '0': CMAKE_PREFIX_PATH=/opt/ros/humble /usr/bin/cmake /root/ros2_ws/src/flir_camera_driver/flir_camera_description -DCMAKE_BUILD_TYPE=RelWithDebInfo -DCMAKE_EXPORT_COMPILE_COMMANDS=ON -DAMENT_CMAKE_SYMLINK_INSTALL=1 -DCMAKE_INSTALL_PREFIX=/root/ros2_ws/install/flir_camera_description
[1.210s] DEBUG:colcon.colcon_core.event_handler.log_command:Invoking command in '/root/ros2_ws/build/flir_camera_description': CMAKE_PREFIX_PATH=/opt/ros/humble /usr/bin/cmake --build /root/ros2_ws/build/flir_camera_description -- -j8 -l8
[1.258s] DEBUG:colcon.colcon_core.event_handler.log_command:Invoked command in '/root/ros2_ws/build/flir_camera_description' returned '0': CMAKE_PREFIX_PATH=/opt/ros/humble /usr/bin/cmake --build /root/ros2_ws/build/flir_camera_description -- -j8 -l8
[1.299s] DEBUG:colcon.colcon_core.event_handler.log_command:Invoking command in '/root/ros2_ws/build/flir_camera_description': CMAKE_PREFIX_PATH=/opt/ros/humble /usr/bin/cmake --install /root/ros2_ws/build/flir_camera_description
[1.531s] Level 1:colcon.colcon_core.environment:create_environment_scripts_only(flir_camera_description)
[1.531s] DEBUG:colcon.colcon_core.event_handler.log_command:Invoked command in '/root/ros2_ws/build/flir_camera_description' returned '0': CMAKE_PREFIX_PATH=/opt/ros/humble /usr/bin/cmake --install /root/ros2_ws/build/flir_camera_description
[1.534s] Level 1:colcon.colcon_core.environment:checking '/root/ros2_ws/install/flir_camera_description' for CMake module files
[1.534s] Level 1:colcon.colcon_core.environment:checking '/root/ros2_ws/install/flir_camera_description' for CMake config files
[1.534s] Level 1:colcon.colcon_core.shell:create_environment_hook('flir_camera_description', 'cmake_prefix_path')
[1.535s] INFO:colcon.colcon_core.shell:Creating environment hook '/root/ros2_ws/install/flir_camera_description/share/flir_camera_description/hook/cmake_prefix_path.ps1'
[1.535s] INFO:colcon.colcon_core.shell:Creating environment descriptor '/root/ros2_ws/install/flir_camera_description/share/flir_camera_description/hook/cmake_prefix_path.dsv'
[1.536s] INFO:colcon.colcon_core.shell:Creating environment hook '/root/ros2_ws/install/flir_camera_description/share/flir_camera_description/hook/cmake_prefix_path.sh'
[1.537s] Level 1:colcon.colcon_core.environment:checking '/root/ros2_ws/install/flir_camera_description/bin'
[1.537s] Level 1:colcon.colcon_core.environment:checking '/root/ros2_ws/install/flir_camera_description/lib/pkgconfig/flir_camera_description.pc'
[1.539s] Level 1:colcon.colcon_core.environment:checking '/root/ros2_ws/install/flir_camera_description/lib/python3.10/site-packages'
[1.539s] Level 1:colcon.colcon_core.environment:checking '/root/ros2_ws/install/flir_camera_description/bin'
[1.540s] INFO:colcon.colcon_core.shell:Creating package script '/root/ros2_ws/install/flir_camera_description/share/flir_camera_description/package.ps1'
[1.540s] INFO:colcon.colcon_core.shell:Creating package descriptor '/root/ros2_ws/install/flir_camera_description/share/flir_camera_description/package.dsv'
[1.541s] INFO:colcon.colcon_core.shell:Creating package script '/root/ros2_ws/install/flir_camera_description/share/flir_camera_description/package.sh'
[1.542s] INFO:colcon.colcon_core.shell:Creating package script '/root/ros2_ws/install/flir_camera_description/share/flir_camera_description/package.bash'
[1.543s] INFO:colcon.colcon_core.shell:Creating package script '/root/ros2_ws/install/flir_camera_description/share/flir_camera_description/package.zsh'
[1.544s] Level 1:colcon.colcon_core.environment:create_file_with_runtime_dependencies(/root/ros2_ws/install/flir_camera_description/share/colcon-core/packages/flir_camera_description)
[1.571s] Level 1:colcon.colcon_core.environment:create_environment_scripts_only(flir_camera_description)
[1.571s] Level 1:colcon.colcon_core.environment:checking '/root/ros2_ws/install/flir_camera_description' for CMake module files
[1.572s] Level 1:colcon.colcon_core.environment:checking '/root/ros2_ws/install/flir_camera_description' for CMake config files
[1.572s] Level 1:colcon.colcon_core.shell:create_environment_hook('flir_camera_description', 'cmake_prefix_path')
[1.573s] INFO:colcon.colcon_core.shell:Creating environment hook '/root/ros2_ws/install/flir_camera_description/share/flir_camera_description/hook/cmake_prefix_path.ps1'
[1.573s] INFO:colcon.colcon_core.shell:Creating environment descriptor '/root/ros2_ws/install/flir_camera_description/share/flir_camera_description/hook/cmake_prefix_path.dsv'
[1.573s] INFO:colcon.colcon_core.shell:Creating environment hook '/root/ros2_ws/install/flir_camera_description/share/flir_camera_description/hook/cmake_prefix_path.sh'
[1.574s] Level 1:colcon.colcon_core.environment:checking '/root/ros2_ws/install/flir_camera_description/bin'
[1.574s] Level 1:colcon.colcon_core.environment:checking '/root/ros2_ws/install/flir_camera_description/lib/pkgconfig/flir_camera_description.pc'
[1.574s] Level 1:colcon.colcon_core.environment:checking '/root/ros2_ws/install/flir_camera_description/lib/python3.10/site-packages'
[1.574s] Level 1:colcon.colcon_core.environment:checking '/root/ros2_ws/install/flir_camera_description/bin'
[1.575s] INFO:colcon.colcon_core.shell:Creating package script '/root/ros2_ws/install/flir_camera_description/share/flir_camera_description/package.ps1'
[1.575s] INFO:colcon.colcon_core.shell:Creating package descriptor '/root/ros2_ws/install/flir_camera_description/share/flir_camera_description/package.dsv'
[1.576s] INFO:colcon.colcon_core.shell:Creating package script '/root/ros2_ws/install/flir_camera_description/share/flir_camera_description/package.sh'
[1.576s] INFO:colcon.colcon_core.shell:Creating package script '/root/ros2_ws/install/flir_camera_description/share/flir_camera_description/package.bash'
[1.577s] INFO:colcon.colcon_core.shell:Creating package script '/root/ros2_ws/install/flir_camera_description/share/flir_camera_description/package.zsh'
[1.577s] Level 1:colcon.colcon_core.environment:create_file_with_runtime_dependencies(/root/ros2_ws/install/flir_camera_description/share/colcon-core/packages/flir_camera_description)
[2.202s] DEBUG:colcon.colcon_core.event_handler.log_command:Invoked command in '/root/ros2_ws/build/flir_camera_msgs' returned '0': CMAKE_PREFIX_PATH=/opt/ros/humble /usr/bin/cmake /root/ros2_ws/src/flir_camera_driver/flir_camera_msgs -DCMAKE_BUILD_TYPE=RelWithDebInfo -DCMAKE_EXPORT_COMPILE_COMMANDS=ON -DAMENT_CMAKE_SYMLINK_INSTALL=1 -DCMAKE_INSTALL_PREFIX=/root/ros2_ws/install/flir_camera_msgs
[2.204s] DEBUG:colcon.colcon_core.event_handler.log_command:Invoking command in '/root/ros2_ws/build/flir_camera_msgs': CMAKE_PREFIX_PATH=/opt/ros/humble /usr/bin/cmake --build /root/ros2_ws/build/flir_camera_msgs -- -j8 -l8
[5.297s] DEBUG:colcon.colcon_core.event_handler.log_command:Invoked command in '/root/ros2_ws/build/flir_camera_msgs' returned '0': CMAKE_PREFIX_PATH=/opt/ros/humble /usr/bin/cmake --build /root/ros2_ws/build/flir_camera_msgs -- -j8 -l8
[5.392s] DEBUG:colcon.colcon_core.event_handler.log_command:Invoking command in '/root/ros2_ws/build/flir_camera_msgs': CMAKE_PREFIX_PATH=/opt/ros/humble /usr/bin/cmake --install /root/ros2_ws/build/flir_camera_msgs
[6.286s] Level 1:colcon.colcon_core.environment:create_environment_scripts_only(flir_camera_msgs)
[6.286s] Level 1:colcon.colcon_core.environment:checking '/root/ros2_ws/install/flir_camera_msgs' for CMake module files
[6.286s] DEBUG:colcon.colcon_core.event_handler.log_command:Invoked command in '/root/ros2_ws/build/flir_camera_msgs' returned '0': CMAKE_PREFIX_PATH=/opt/ros/humble /usr/bin/cmake --install /root/ros2_ws/build/flir_camera_msgs
[6.287s] Level 1:colcon.colcon_core.environment:checking '/root/ros2_ws/install/flir_camera_msgs' for CMake config files
[6.288s] Level 1:colcon.colcon_core.shell:create_environment_hook('flir_camera_msgs', 'cmake_prefix_path')
[6.288s] INFO:colcon.colcon_core.shell:Creating environment hook '/root/ros2_ws/install/flir_camera_msgs/share/flir_camera_msgs/hook/cmake_prefix_path.ps1'
[6.288s] INFO:colcon.colcon_core.shell:Creating environment descriptor '/root/ros2_ws/install/flir_camera_msgs/share/flir_camera_msgs/hook/cmake_prefix_path.dsv'
[6.288s] INFO:colcon.colcon_core.shell:Creating environment hook '/root/ros2_ws/install/flir_camera_msgs/share/flir_camera_msgs/hook/cmake_prefix_path.sh'
[6.289s] Level 1:colcon.colcon_core.environment:checking '/root/ros2_ws/install/flir_camera_msgs/lib'
[6.289s] Level 1:colcon.colcon_core.shell:create_environment_hook('flir_camera_msgs', 'ld_library_path_lib')
[6.289s] INFO:colcon.colcon_core.shell:Creating environment hook '/root/ros2_ws/install/flir_camera_msgs/share/flir_camera_msgs/hook/ld_library_path_lib.ps1'
[6.290s] INFO:colcon.colcon_core.shell:Creating environment descriptor '/root/ros2_ws/install/flir_camera_msgs/share/flir_camera_msgs/hook/ld_library_path_lib.dsv'
[6.290s] INFO:colcon.colcon_core.shell:Creating environment hook '/root/ros2_ws/install/flir_camera_msgs/share/flir_camera_msgs/hook/ld_library_path_lib.sh'
[6.290s] Level 1:colcon.colcon_core.environment:checking '/root/ros2_ws/install/flir_camera_msgs/bin'
[6.290s] Level 1:colcon.colcon_core.environment:checking '/root/ros2_ws/install/flir_camera_msgs/lib/pkgconfig/flir_camera_msgs.pc'
[6.290s] Level 1:colcon.colcon_core.environment:checking '/root/ros2_ws/install/flir_camera_msgs/lib/python3.10/site-packages'
[6.290s] Level 1:colcon.colcon_core.environment:checking '/root/ros2_ws/install/flir_camera_msgs/bin'
[6.291s] INFO:colcon.colcon_core.shell:Creating package script '/root/ros2_ws/install/flir_camera_msgs/share/flir_camera_msgs/package.ps1'
[6.291s] INFO:colcon.colcon_core.shell:Creating package descriptor '/root/ros2_ws/install/flir_camera_msgs/share/flir_camera_msgs/package.dsv'
[6.291s] INFO:colcon.colcon_core.shell:Creating package script '/root/ros2_ws/install/flir_camera_msgs/share/flir_camera_msgs/package.sh'
[6.292s] INFO:colcon.colcon_core.shell:Creating package script '/root/ros2_ws/install/flir_camera_msgs/share/flir_camera_msgs/package.bash'
[6.292s] INFO:colcon.colcon_core.shell:Creating package script '/root/ros2_ws/install/flir_camera_msgs/share/flir_camera_msgs/package.zsh'
[6.292s] Level 1:colcon.colcon_core.environment:create_file_with_runtime_dependencies(/root/ros2_ws/install/flir_camera_msgs/share/colcon-core/packages/flir_camera_msgs)
[6.382s] Level 1:colcon.colcon_core.environment:create_environment_scripts_only(flir_camera_msgs)
[6.383s] Level 1:colcon.colcon_core.environment:checking '/root/ros2_ws/install/flir_camera_msgs' for CMake module files
[6.383s] Level 1:colcon.colcon_core.environment:checking '/root/ros2_ws/install/flir_camera_msgs' for CMake config files
[6.384s] Level 1:colcon.colcon_core.shell:create_environment_hook('flir_camera_msgs', 'cmake_prefix_path')
[6.384s] INFO:colcon.colcon_core.shell:Creating environment hook '/root/ros2_ws/install/flir_camera_msgs/share/flir_camera_msgs/hook/cmake_prefix_path.ps1'
[6.384s] INFO:colcon.colcon_core.shell:Creating environment descriptor '/root/ros2_ws/install/flir_camera_msgs/share/flir_camera_msgs/hook/cmake_prefix_path.dsv'
[6.385s] INFO:colcon.colcon_core.shell:Creating environment hook '/root/ros2_ws/install/flir_camera_msgs/share/flir_camera_msgs/hook/cmake_prefix_path.sh'
[6.385s] Level 1:colcon.colcon_core.environment:checking '/root/ros2_ws/install/flir_camera_msgs/lib'
[6.385s] Level 1:colcon.colcon_core.shell:create_environment_hook('flir_camera_msgs', 'ld_library_path_lib')
[6.385s] INFO:colcon.colcon_core.shell:Creating environment hook '/root/ros2_ws/install/flir_camera_msgs/share/flir_camera_msgs/hook/ld_library_path_lib.ps1'
[6.386s] INFO:colcon.colcon_core.shell:Creating environment descriptor '/root/ros2_ws/install/flir_camera_msgs/share/flir_camera_msgs/hook/ld_library_path_lib.dsv'
[6.386s] INFO:colcon.colcon_core.shell:Creating environment hook '/root/ros2_ws/install/flir_camera_msgs/share/flir_camera_msgs/hook/ld_library_path_lib.sh'
[6.386s] Level 1:colcon.colcon_core.environment:checking '/root/ros2_ws/install/flir_camera_msgs/bin'
[6.386s] Level 1:colcon.colcon_core.environment:checking '/root/ros2_ws/install/flir_camera_msgs/lib/pkgconfig/flir_camera_msgs.pc'
[6.387s] Level 1:colcon.colcon_core.environment:checking '/root/ros2_ws/install/flir_camera_msgs/lib/python3.10/site-packages'
[6.387s] Level 1:colcon.colcon_core.environment:checking '/root/ros2_ws/install/flir_camera_msgs/bin'
[6.387s] INFO:colcon.colcon_core.shell:Creating package script '/root/ros2_ws/install/flir_camera_msgs/share/flir_camera_msgs/package.ps1'
[6.388s] INFO:colcon.colcon_core.shell:Creating package descriptor '/root/ros2_ws/install/flir_camera_msgs/share/flir_camera_msgs/package.dsv'
[6.388s] INFO:colcon.colcon_core.shell:Creating package script '/root/ros2_ws/install/flir_camera_msgs/share/flir_camera_msgs/package.sh'
[6.388s] INFO:colcon.colcon_core.shell:Creating package script '/root/ros2_ws/install/flir_camera_msgs/share/flir_camera_msgs/package.bash'
[6.389s] INFO:colcon.colcon_core.shell:Creating package script '/root/ros2_ws/install/flir_camera_msgs/share/flir_camera_msgs/package.zsh'
[6.389s] Level 1:colcon.colcon_core.environment:create_file_with_runtime_dependencies(/root/ros2_ws/install/flir_camera_msgs/share/colcon-core/packages/flir_camera_msgs)
[6.389s] INFO:colcon.colcon_ros.task.ament_cmake.build:Building ROS package in '/root/ros2_ws/src/flir_camera_driver/spinnaker_camera_driver' with build type 'ament_cmake'
[6.390s] INFO:colcon.colcon_cmake.task.cmake.build:Building CMake package in '/root/ros2_ws/src/flir_camera_driver/spinnaker_camera_driver'
[6.390s] INFO:colcon.colcon_core.shell:Skip shell extension 'powershell' for command environment: Not usable outside of PowerShell
[6.390s] DEBUG:colcon.colcon_core.shell:Skip shell extension 'dsv' for command environment
[6.401s] DEBUG:colcon.colcon_core.event_handler.log_command:Invoking command in '/root/ros2_ws/build/spinnaker_camera_driver': AMENT_PREFIX_PATH=/root/ros2_ws/install/flir_camera_msgs:${AMENT_PREFIX_PATH} CMAKE_PREFIX_PATH=/root/ros2_ws/install/flir_camera_msgs:/opt/ros/humble LD_LIBRARY_PATH=/root/ros2_ws/install/flir_camera_msgs/lib:${LD_LIBRARY_PATH} PYTHONPATH=/root/ros2_ws/install/flir_camera_msgs/local/lib/python3.10/dist-packages:${PYTHONPATH} /usr/bin/cmake /root/ros2_ws/src/flir_camera_driver/spinnaker_camera_driver -DCMAKE_BUILD_TYPE=RelWithDebInfo -DCMAKE_EXPORT_COMPILE_COMMANDS=ON -DAMENT_CMAKE_SYMLINK_INSTALL=1 -DCMAKE_INSTALL_PREFIX=/root/ros2_ws/install/spinnaker_camera_driver
[16.599s] DEBUG:colcon.colcon_core.event_handler.log_command:Invoked command in '/root/ros2_ws/build/spinnaker_camera_driver' returned '1': AMENT_PREFIX_PATH=/root/ros2_ws/install/flir_camera_msgs:${AMENT_PREFIX_PATH} CMAKE_PREFIX_PATH=/root/ros2_ws/install/flir_camera_msgs:/opt/ros/humble LD_LIBRARY_PATH=/root/ros2_ws/install/flir_camera_msgs/lib:${LD_LIBRARY_PATH} PYTHONPATH=/root/ros2_ws/install/flir_camera_msgs/local/lib/python3.10/dist-packages:${PYTHONPATH} /usr/bin/cmake /root/ros2_ws/src/flir_camera_driver/spinnaker_camera_driver -DCMAKE_BUILD_TYPE=RelWithDebInfo -DCMAKE_EXPORT_COMPILE_COMMANDS=ON -DAMENT_CMAKE_SYMLINK_INSTALL=1 -DCMAKE_INSTALL_PREFIX=/root/ros2_ws/install/spinnaker_camera_driver
[16.614s] Level 1:colcon.colcon_core.environment:create_environment_scripts_only(spinnaker_camera_driver)
[16.615s] Level 1:colcon.colcon_core.environment:checking '/root/ros2_ws/install/spinnaker_camera_driver' for CMake module files
[16.615s] Level 1:colcon.colcon_core.environment:checking '/root/ros2_ws/install/spinnaker_camera_driver' for CMake config files
[16.615s] Level 1:colcon.colcon_core.environment:checking '/root/ros2_ws/install/spinnaker_camera_driver/bin'
[16.615s] Level 1:colcon.colcon_core.environment:checking '/root/ros2_ws/install/spinnaker_camera_driver/lib/pkgconfig/spinnaker_camera_driver.pc'
[16.616s] Level 1:colcon.colcon_core.environment:checking '/root/ros2_ws/install/spinnaker_camera_driver/lib/python3.10/site-packages'
[16.616s] Level 1:colcon.colcon_core.environment:checking '/root/ros2_ws/install/spinnaker_camera_driver/bin'
[16.616s] INFO:colcon.colcon_core.shell:Creating package script '/root/ros2_ws/install/spinnaker_camera_driver/share/spinnaker_camera_driver/package.ps1'
[16.617s] INFO:colcon.colcon_core.shell:Creating package descriptor '/root/ros2_ws/install/spinnaker_camera_driver/share/spinnaker_camera_driver/package.dsv'
[16.617s] INFO:colcon.colcon_core.shell:Creating package script '/root/ros2_ws/install/spinnaker_camera_driver/share/spinnaker_camera_driver/package.sh'
[16.617s] INFO:colcon.colcon_core.shell:Creating package script '/root/ros2_ws/install/spinnaker_camera_driver/share/spinnaker_camera_driver/package.bash'
[16.618s] INFO:colcon.colcon_core.shell:Creating package script '/root/ros2_ws/install/spinnaker_camera_driver/share/spinnaker_camera_driver/package.zsh'
[16.618s] Level 1:colcon.colcon_core.environment:create_file_with_runtime_dependencies(/root/ros2_ws/install/spinnaker_camera_driver/share/colcon-core/packages/spinnaker_camera_driver)
[16.629s] DEBUG:colcon.colcon_parallel_executor.executor.parallel:closing loop
[16.629s] DEBUG:colcon.colcon_parallel_executor.executor.parallel:loop closed
[16.629s] DEBUG:colcon.colcon_parallel_executor.executor.parallel:run_until_complete finished with '1'
[16.629s] DEBUG:colcon.colcon_core.event_reactor:joining thread
[16.636s] INFO:colcon.colcon_core.plugin_system:Skipping extension 'colcon_notification.desktop_notification.notify_send': Could not find 'notify-send'
[16.636s] INFO:colcon.colcon_core.plugin_system:Skipping extension 'colcon_notification.desktop_notification.terminal_notifier': Not used on non-Darwin systems
[16.636s] INFO:colcon.colcon_core.plugin_system:Skipping extension 'colcon_notification.desktop_notification.win32': Not used on non-Windows systems
[16.636s] INFO:colcon.colcon_notification.desktop_notification:Sending desktop notification using 'notify2'
[16.649s] DEBUG:colcon.colcon_notification.desktop_notification.notify2:Failed to initialize notify2: org.freedesktop.DBus.Error.ServiceUnknown: The name org.freedesktop.Notifications was not provided by any .service files
[16.650s] DEBUG:colcon.colcon_core.event_reactor:joined thread
[16.650s] INFO:colcon.colcon_core.shell:Creating prefix script '/root/ros2_ws/install/local_setup.ps1'
[16.652s] INFO:colcon.colcon_core.shell:Creating prefix util module '/root/ros2_ws/install/_local_setup_util_ps1.py'
[16.653s] INFO:colcon.colcon_core.shell:Creating prefix chain script '/root/ros2_ws/install/setup.ps1'
[16.654s] INFO:colcon.colcon_core.shell:Creating prefix script '/root/ros2_ws/install/local_setup.sh'
[16.654s] INFO:colcon.colcon_core.shell:Creating prefix util module '/root/ros2_ws/install/_local_setup_util_sh.py'
[16.655s] INFO:colcon.colcon_core.shell:Creating prefix chain script '/root/ros2_ws/install/setup.sh'
[16.656s] INFO:colcon.colcon_core.shell:Creating prefix script '/root/ros2_ws/install/local_setup.bash'
[16.657s] INFO:colcon.colcon_core.shell:Creating prefix chain script '/root/ros2_ws/install/setup.bash'
[16.659s] INFO:colcon.colcon_core.shell:Creating prefix script '/root/ros2_ws/install/local_setup.zsh'
[16.660s] INFO:colcon.colcon_core.shell:Creating prefix chain script '/root/ros2_ws/install/setup.zsh'
